<?xml version="1.0" encoding="utf-8"?><Tests><edtdocversion branch="retail" build="50727" revision="42" /><TestRun type="Microsoft.VisualStudio.TestTools.Common.TestRun"><id type="System.Guid">5a2f5059-485e-4e1f-86ff-af976d911ca8</id><name type="System.String">Raymond@LAPTOP 2007-04-15 19:46:28</name><runUser type="System.String">LAPTOP\Raymond</runUser><runConfig type="Microsoft.VisualStudio.TestTools.Common.TestRunConfiguration"><id type="Microsoft.VisualStudio.TestTools.Common.TestRunConfigurationId"><id type="System.Guid">81f1c75b-7c79-46a6-9c57-ca2d6339cc8b</id></id><name type="System.String">Local Test Run</name><description type="System.String">This is a default test run configuration for a local test run.</description><isCodeCoverageEnabled type="System.Boolean">False</isCodeCoverageEnabled><codeCoverageItems type="System.Collections.Generic.List`1[[Microsoft.VisualStudio.TestTools.Common.CodeCoverageItem, Microsoft.VisualStudio.QualityTools.Common, Version=8.0.0.0, Culture=neutral, PublicKeyToken=b03f5f7f11d50a3a]]"><_size type="System.Int32">0</_size><_version type="System.Int32">0</_version></codeCoverageItems><codeCoverageKeyFile type="System.String" /><aspNetProjectCoverageItems type="System.Collections.Generic.List`1[[Microsoft.VisualStudio.TestTools.Common.AspNetProjectItem, Microsoft.VisualStudio.QualityTools.Common, Version=8.0.0.0, Culture=neutral, PublicKeyToken=b03f5f7f11d50a3a]]"><_size type="System.Int32">0</_size><_version type="System.Int32">0</_version></aspNetProjectCoverageItems><isExecutedRemotely type="System.Boolean">False</isExecutedRemotely><bucketSize type="System.Int32">200</bucketSize><bucketThreshold type="System.Int32">1000</bucketThreshold><runTimeout type="System.Int32">0</runTimeout><testTimeout type="System.Int32">300000</testTimeout><agentNotRespondingTimeout type="System.Int32">300000</agentNotRespondingTimeout><deploymentTimeout type="System.Int32">300000</deploymentTimeout><controllerName type="System.String" /><plugins type="System.Collections.Generic.List`1[[System.String, mscorlib, Version=2.0.0.0, Culture=neutral, PublicKeyToken=b77a5c561934e089]]"><_items type="System.String[]"><element type="System.String">Microsoft.VisualStudio.TestTools.HostAdapters.AspNetPlugin, Microsoft.VisualStudio.QualityTools.HostAdapters.ASPNETAgent, Version=8.0.0.0, PublicKeyToken=b03f5f7f11d50a3a</element><element /><element /><element /></_items><_size type="System.Int32">1</_size><_version type="System.Int32">1</_version></plugins><testTypeSpecificData type="System.Collections.Generic.Dictionary`2[[Microsoft.VisualStudio.TestTools.Common.TestType, Microsoft.VisualStudio.QualityTools.Common, Version=8.0.0.0, Culture=neutral, PublicKeyToken=b03f5f7f11d50a3a],[Microsoft.VisualStudio.TestTools.Common.ITestTypeSpecificRunConfigurationData, Microsoft.VisualStudio.QualityTools.Common, Version=8.0.0.0, Culture=neutral, PublicKeyToken=b03f5f7f11d50a3a]]"><count type="System.Int32">0</count><version type="System.Int32">0</version><freeList type="System.Int32">0</freeList><freeCount type="System.Int32">0</freeCount><comparer type="System.Collections.Generic.ObjectEqualityComparer`1[[Microsoft.VisualStudio.TestTools.Common.TestType, Microsoft.VisualStudio.QualityTools.Common, Version=8.0.0.0, Culture=neutral, PublicKeyToken=b03f5f7f11d50a3a]]" /></testTypeSpecificData><userDeploymentRoot type="System.String" /><useDefaultDeploymentRoot type="System.Boolean">True</useDefaultDeploymentRoot><runDeploymentRoot type="System.String">C:\Documents and Settings\Raymond\My Documents\SCHOOL\ImperatiefProgrammeren\IMPRO\Implementatie\TestResults\Raymond_LAPTOP 2007-04-15 19_46_28</runDeploymentRoot><deploymentItems type="Microsoft.VisualStudio.TestTools.Common.DeploymentItemCollection"><m_container type="System.Collections.Hashtable"><key type="Microsoft.VisualStudio.TestTools.Common.DeploymentItem"><path type="System.String">C:\Documents and Settings\Raymond\My Documents\SCHOOL\ImperatiefProgrammeren\IMPRO\Implementatie\Sokoban\bin\Debug\Sokoban.dll</path><outputDirectory type="System.String" /></key><value /><key type="Microsoft.VisualStudio.TestTools.Common.DeploymentItem"><path type="System.String">C:\Documents and Settings\Raymond\My Documents\SCHOOL\ImperatiefProgrammeren\IMPRO\Implementatie\Test\bin\Debug\Test.dll</path><outputDirectory type="System.String" /></key><value /><key type="Microsoft.VisualStudio.TestTools.Common.DeploymentItem"><path type="System.String">C:\Documents and Settings\Raymond\My Documents\SCHOOL\ImperatiefProgrammeren\IMPRO\Implementatie\Grid\bin\Debug\Grid.dll</path><outputDirectory type="System.String" /></key><value /></m_container></deploymentItems><testRunNamingScheme type="Microsoft.VisualStudio.TestTools.Common.TestRunNamingScheme"><appendTimeStamp type="System.Boolean">True</appendTimeStamp><useDefault type="System.Boolean">True</useDefault></testRunNamingScheme><setupCommand type="System.String" /><cleanupCommand type="System.String" /><abortRunOnError type="System.Boolean">False</abortRunOnError><mapIPAddresses type="System.Boolean">False</mapIPAddresses><agentProperties type="System.Collections.Specialized.StringDictionary, System, Version=2.0.0.0, Culture=neutral, PublicKeyToken=b77a5c561934e089" /><hostData type="Microsoft.VisualStudio.TestTools.Common.HostRunConfigurationData"><mapHostSpecificData type="System.Collections.Generic.Dictionary`2[[System.String, mscorlib, Version=2.0.0.0, Culture=neutral, PublicKeyToken=b77a5c561934e089],[Microsoft.VisualStudio.TestTools.Common.IHostSpecificRunConfigurationData, Microsoft.VisualStudio.QualityTools.Common, Version=8.0.0.0, Culture=neutral, PublicKeyToken=b03f5f7f11d50a3a]]"><count type="System.Int32">0</count><version type="System.Int32">0</version><freeList type="System.Int32">0</freeList><freeCount type="System.Int32">0</freeCount><comparer type="System.Collections.Generic.GenericEqualityComparer`1[[System.String, mscorlib, Version=2.0.0.0, Culture=neutral, PublicKeyToken=b77a5c561934e089]]" /></mapHostSpecificData></hostData><ignoredDependentAssemblies type="System.String" /><apartmentState type="System.Threading.ApartmentState"><value__ type="System.Int32">0</value__></apartmentState></runConfig><result type="Microsoft.VisualStudio.TestTools.Common.RunResultAndStatistics"><runInfoList type="System.Collections.Generic.List`1[[Microsoft.VisualStudio.TestTools.Common.RunInfo, Microsoft.VisualStudio.QualityTools.Common, Version=8.0.0.0, Culture=neutral, PublicKeyToken=b03f5f7f11d50a3a]]"><_size type="System.Int32">0</_size><_version type="System.Int32">0</_version></runInfoList><totalTestCount type="System.Int32">36</totalTestCount><executedTestCount type="System.Int32">36</executedTestCount><passedTestCount type="System.Int32">0</passedTestCount><stdout type="System.String" /><stderr type="System.String" /><debugTrace type="System.String" /><outcome type="Microsoft.VisualStudio.TestTools.Common.TestOutcome"><value__ type="System.Int32">1</value__></outcome><counters type="System.Int32">0,19,0,0,17,0,0,0,0,0,0,0,0,0</counters><isPartialRun type="System.Boolean">False</isPartialRun></result><creationTime type="System.DateTime"><dateData type="System.UInt64">5244808578310044154</dateData></creationTime><queueingTime type="System.DateTime"><dateData type="System.UInt64">5244808578319419154</dateData></queueingTime><startTime type="System.DateTime"><dateData type="System.UInt64">5244808578323325404</dateData></startTime><finishTime type="System.DateTime"><dateData type="System.UInt64">5244808578343325404</dateData></finishTime><tests type="System.Collections.Hashtable"><key type="Microsoft.VisualStudio.TestTools.Common.TestId"><id type="System.Guid">bd50cfe3-1983-632c-ace3-55bf65bcb055</id></key><value type="Microsoft.VisualStudio.TestTools.TestTypes.Unit.UnitTestElement, Microsoft.VisualStudio.QualityTools.Tips.UnitTest.ObjectModel, Version=8.0.0.0, Culture=neutral, PublicKeyToken=b03f5f7f11d50a3a"><codeBase type="System.String">C:\Documents and Settings\Raymond\My Documents\SCHOOL\ImperatiefProgrammeren\IMPRO\Implementatie\Test\bin\Debug\Test.dll</codeBase><adapterTypeName type="System.String">Microsoft.VisualStudio.TestTools.TestTypes.Unit.UnitTestAdapter, Microsoft.VisualStudio.QualityTools.Tips.UnitTest.Adapter, Version=8.0.0.0, Culture=neutral, PublicKeyToken=b03f5f7f11d50a3a</adapterTypeName><testMethod type="Microsoft.VisualStudio.TestTools.TestTypes.Unit.TestMethod, Microsoft.VisualStudio.QualityTools.Tips.UnitTest.ObjectModel, Version=8.0.0.0, Culture=neutral, PublicKeyToken=b03f5f7f11d50a3a"><className type="System.String">Test.SokobanGameTest, Test</className><name type="System.String">ConstructorTest</name><expectedExceptionMessage type="System.String" /><isValid type="System.Boolean">False</isValid></testMethod><aspNetDevServers type="System.Collections.Generic.List`1[[Microsoft.VisualStudio.TestTools.Common.AspNetDevelopmentServer, Microsoft.VisualStudio.QualityTools.Common, Version=8.0.0.0, Culture=neutral, PublicKeyToken=b03f5f7f11d50a3a]]"><_size type="System.Int32">0</_size><_version type="System.Int32">0</_version></aspNetDevServers><dataAccessMethod type="Microsoft.VisualStudio.TestTools.UnitTesting.DataAccessMethod, Microsoft.VisualStudio.QualityTools.UnitTestFramework, Version=8.0.0.0, Culture=neutral, PublicKeyToken=b03f5f7f11d50a3a"><value__ type="System.Int32">0</value__></dataAccessMethod><cssProjectStructure type="System.String" /><isRunOnRestart type="System.Boolean">False</isRunOnRestart><timeOut type="System.Int32">0</timeOut><isGroupable type="System.Boolean">True</isGroupable><abortRunOnAgentFailure type="System.Boolean">False</abortRunOnAgentFailure><cssIteration type="System.String" /><workItemIds type="System.Collections.Generic.List`1[[System.Int32, mscorlib, Version=2.0.0.0, Culture=neutral, PublicKeyToken=b77a5c561934e089]]"><_size type="System.Int32">0</_size><_version type="System.Int32">1</_version></workItemIds><id type="Microsoft.VisualStudio.TestTools.Common.TestId"><id type="System.Guid">bd50cfe3-1983-632c-ace3-55bf65bcb055</id></id><name type="System.String">ConstructorTest</name><description type="System.String" /><enabled type="System.Boolean">True</enabled><owner type="System.String" /><priority type="System.Int32">0</priority><executionId type="Microsoft.VisualStudio.TestTools.Common.TestExecId"><id type="System.Guid">00000000-0000-0000-0000-000000000000</id></executionId><parentExecutId type="Microsoft.VisualStudio.TestTools.Common.TestExecId"><id type="System.Guid">00000000-0000-0000-0000-000000000000</id></parentExecutId><deploymentItems type="Microsoft.VisualStudio.TestTools.Common.DeploymentItemCollection" /><agentAttributes type="System.Collections.Specialized.StringDictionary, System, Version=2.0.0.0, Culture=neutral, PublicKeyToken=b77a5c561934e089" /><storage type="System.String">c:\documents and settings\raymond\my documents\school\imperatiefprogrammeren\impro\implementatie\test\bin\debug\test.dll</storage><projectData type="Microsoft.VisualStudio.TestTools.Common.ProjectData"><id type="System.Guid">1393dab6-31d7-433d-81c0-d2f031a415ce</id><projectName type="System.String">Test</projectName><solutionName type="System.String">Implementatie</solutionName><projectRelativePath type="System.String">Test\Test.csproj</projectRelativePath></projectData><m_nonRunnableReason type="System.String" /></value><key type="Microsoft.VisualStudio.TestTools.Common.TestId"><id type="System.Guid">f3fce07c-62db-5198-a086-e47c76288773</id></key><value type="Microsoft.VisualStudio.TestTools.TestTypes.Unit.UnitTestElement, Microsoft.VisualStudio.QualityTools.Tips.UnitTest.ObjectModel, Version=8.0.0.0, Culture=neutral, PublicKeyToken=b03f5f7f11d50a3a"><codeBase type="System.String">C:\Documents and Settings\Raymond\My Documents\SCHOOL\ImperatiefProgrammeren\IMPRO\Implementatie\Test\bin\Debug\Test.dll</codeBase><adapterTypeName type="System.String">Microsoft.VisualStudio.TestTools.TestTypes.Unit.UnitTestAdapter, Microsoft.VisualStudio.QualityTools.Tips.UnitTest.Adapter, Version=8.0.0.0, Culture=neutral, PublicKeyToken=b03f5f7f11d50a3a</adapterTypeName><testMethod type="Microsoft.VisualStudio.TestTools.TestTypes.Unit.TestMethod, Microsoft.VisualStudio.QualityTools.Tips.UnitTest.ObjectModel, Version=8.0.0.0, Culture=neutral, PublicKeyToken=b03f5f7f11d50a3a"><className type="System.String">Test.GridTest, Test</className><name type="System.String">isInBoundsTest</name><expectedExceptionMessage type="System.String" /><isValid type="System.Boolean">False</isValid></testMethod><aspNetDevServers type="System.Collections.Generic.List`1[[Microsoft.VisualStudio.TestTools.Common.AspNetDevelopmentServer, Microsoft.VisualStudio.QualityTools.Common, Version=8.0.0.0, Culture=neutral, PublicKeyToken=b03f5f7f11d50a3a]]"><_size type="System.Int32">0</_size><_version type="System.Int32">0</_version></aspNetDevServers><dataAccessMethod type="Microsoft.VisualStudio.TestTools.UnitTesting.DataAccessMethod, Microsoft.VisualStudio.QualityTools.UnitTestFramework, Version=8.0.0.0, Culture=neutral, PublicKeyToken=b03f5f7f11d50a3a"><value__ type="System.Int32">0</value__></dataAccessMethod><cssProjectStructure type="System.String" /><isRunOnRestart type="System.Boolean">False</isRunOnRestart><timeOut type="System.Int32">0</timeOut><isGroupable type="System.Boolean">True</isGroupable><abortRunOnAgentFailure type="System.Boolean">False</abortRunOnAgentFailure><cssIteration type="System.String" /><workItemIds type="System.Collections.Generic.List`1[[System.Int32, mscorlib, Version=2.0.0.0, Culture=neutral, PublicKeyToken=b77a5c561934e089]]"><_size type="System.Int32">0</_size><_version type="System.Int32">1</_version></workItemIds><id type="Microsoft.VisualStudio.TestTools.Common.TestId"><id type="System.Guid">f3fce07c-62db-5198-a086-e47c76288773</id></id><name type="System.String">isInBoundsTest</name><description type="System.String" /><enabled type="System.Boolean">True</enabled><owner type="System.String" /><priority type="System.Int32">0</priority><executionId type="Microsoft.VisualStudio.TestTools.Common.TestExecId"><id type="System.Guid">00000000-0000-0000-0000-000000000000</id></executionId><parentExecutId type="Microsoft.VisualStudio.TestTools.Common.TestExecId"><id type="System.Guid">00000000-0000-0000-0000-000000000000</id></parentExecutId><deploymentItems type="Microsoft.VisualStudio.TestTools.Common.DeploymentItemCollection" /><agentAttributes type="System.Collections.Specialized.StringDictionary, System, Version=2.0.0.0, Culture=neutral, PublicKeyToken=b77a5c561934e089" /><storage type="System.String">c:\documents and settings\raymond\my documents\school\imperatiefprogrammeren\impro\implementatie\test\bin\debug\test.dll</storage><projectData type="Microsoft.VisualStudio.TestTools.Common.ProjectData"><id type="System.Guid">1393dab6-31d7-433d-81c0-d2f031a415ce</id><projectName type="System.String">Test</projectName><solutionName type="System.String">Implementatie</solutionName><projectRelativePath type="System.String">Test\Test.csproj</projectRelativePath></projectData><m_nonRunnableReason type="System.String" /></value><key type="Microsoft.VisualStudio.TestTools.Common.TestId"><id type="System.Guid">703a8c00-2424-d344-1e24-2435829aea92</id></key><value type="Microsoft.VisualStudio.TestTools.TestTypes.Unit.UnitTestElement, Microsoft.VisualStudio.QualityTools.Tips.UnitTest.ObjectModel, Version=8.0.0.0, Culture=neutral, PublicKeyToken=b03f5f7f11d50a3a"><codeBase type="System.String">C:\Documents and Settings\Raymond\My Documents\SCHOOL\ImperatiefProgrammeren\IMPRO\Implementatie\Test\bin\Debug\Test.dll</codeBase><adapterTypeName type="System.String">Microsoft.VisualStudio.TestTools.TestTypes.Unit.UnitTestAdapter, Microsoft.VisualStudio.QualityTools.Tips.UnitTest.Adapter, Version=8.0.0.0, Culture=neutral, PublicKeyToken=b03f5f7f11d50a3a</adapterTypeName><testMethod type="Microsoft.VisualStudio.TestTools.TestTypes.Unit.TestMethod, Microsoft.VisualStudio.QualityTools.Tips.UnitTest.ObjectModel, Version=8.0.0.0, Culture=neutral, PublicKeyToken=b03f5f7f11d50a3a"><className type="System.String">Test.SokobanGameTest, Test</className><name type="System.String">isStuckTest</name><expectedExceptionMessage type="System.String" /><isValid type="System.Boolean">False</isValid></testMethod><aspNetDevServers type="System.Collections.Generic.List`1[[Microsoft.VisualStudio.TestTools.Common.AspNetDevelopmentServer, Microsoft.VisualStudio.QualityTools.Common, Version=8.0.0.0, Culture=neutral, PublicKeyToken=b03f5f7f11d50a3a]]"><_size type="System.Int32">0</_size><_version type="System.Int32">0</_version></aspNetDevServers><dataAccessMethod type="Microsoft.VisualStudio.TestTools.UnitTesting.DataAccessMethod, Microsoft.VisualStudio.QualityTools.UnitTestFramework, Version=8.0.0.0, Culture=neutral, PublicKeyToken=b03f5f7f11d50a3a"><value__ type="System.Int32">0</value__></dataAccessMethod><cssProjectStructure type="System.String" /><isRunOnRestart type="System.Boolean">False</isRunOnRestart><timeOut type="System.Int32">0</timeOut><isGroupable type="System.Boolean">True</isGroupable><abortRunOnAgentFailure type="System.Boolean">False</abortRunOnAgentFailure><cssIteration type="System.String" /><workItemIds type="System.Collections.Generic.List`1[[System.Int32, mscorlib, Version=2.0.0.0, Culture=neutral, PublicKeyToken=b77a5c561934e089]]"><_size type="System.Int32">0</_size><_version type="System.Int32">1</_version></workItemIds><id type="Microsoft.VisualStudio.TestTools.Common.TestId"><id type="System.Guid">703a8c00-2424-d344-1e24-2435829aea92</id></id><name type="System.String">isStuckTest</name><description type="System.String" /><enabled type="System.Boolean">True</enabled><owner type="System.String" /><priority type="System.Int32">0</priority><executionId type="Microsoft.VisualStudio.TestTools.Common.TestExecId"><id type="System.Guid">00000000-0000-0000-0000-000000000000</id></executionId><parentExecutId type="Microsoft.VisualStudio.TestTools.Common.TestExecId"><id type="System.Guid">00000000-0000-0000-0000-000000000000</id></parentExecutId><deploymentItems type="Microsoft.VisualStudio.TestTools.Common.DeploymentItemCollection"><m_container type="System.Collections.Hashtable"><key type="Microsoft.VisualStudio.TestTools.Common.DeploymentItem"><path type="System.String">Sokoban.dll</path><outputDirectory type="System.String" /></key><value /></m_container></deploymentItems><agentAttributes type="System.Collections.Specialized.StringDictionary, System, Version=2.0.0.0, Culture=neutral, PublicKeyToken=b77a5c561934e089" /><storage type="System.String">c:\documents and settings\raymond\my documents\school\imperatiefprogrammeren\impro\implementatie\test\bin\debug\test.dll</storage><projectData type="Microsoft.VisualStudio.TestTools.Common.ProjectData"><id type="System.Guid">1393dab6-31d7-433d-81c0-d2f031a415ce</id><projectName type="System.String">Test</projectName><solutionName type="System.String">Implementatie</solutionName><projectRelativePath type="System.String">Test\Test.csproj</projectRelativePath></projectData><m_nonRunnableReason type="System.String" /></value><key type="Microsoft.VisualStudio.TestTools.Common.TestId"><id type="System.Guid">8c027d48-3eed-1a1b-a6d5-22d82f692903</id></key><value type="Microsoft.VisualStudio.TestTools.TestTypes.Unit.UnitTestElement, Microsoft.VisualStudio.QualityTools.Tips.UnitTest.ObjectModel, Version=8.0.0.0, Culture=neutral, PublicKeyToken=b03f5f7f11d50a3a"><codeBase type="System.String">C:\Documents and Settings\Raymond\My Documents\SCHOOL\ImperatiefProgrammeren\IMPRO\Implementatie\Test\bin\Debug\Test.dll</codeBase><adapterTypeName type="System.String">Microsoft.VisualStudio.TestTools.TestTypes.Unit.UnitTestAdapter, Microsoft.VisualStudio.QualityTools.Tips.UnitTest.Adapter, Version=8.0.0.0, Culture=neutral, PublicKeyToken=b03f5f7f11d50a3a</adapterTypeName><testMethod type="Microsoft.VisualStudio.TestTools.TestTypes.Unit.TestMethod, Microsoft.VisualStudio.QualityTools.Tips.UnitTest.ObjectModel, Version=8.0.0.0, Culture=neutral, PublicKeyToken=b03f5f7f11d50a3a"><className type="System.String">Test.SokobanGameTest, Test</className><name type="System.String">addSokobanObjectTest</name><expectedExceptionMessage type="System.String" /><isValid type="System.Boolean">False</isValid></testMethod><aspNetDevServers type="System.Collections.Generic.List`1[[Microsoft.VisualStudio.TestTools.Common.AspNetDevelopmentServer, Microsoft.VisualStudio.QualityTools.Common, Version=8.0.0.0, Culture=neutral, PublicKeyToken=b03f5f7f11d50a3a]]"><_size type="System.Int32">0</_size><_version type="System.Int32">0</_version></aspNetDevServers><dataAccessMethod type="Microsoft.VisualStudio.TestTools.UnitTesting.DataAccessMethod, Microsoft.VisualStudio.QualityTools.UnitTestFramework, Version=8.0.0.0, Culture=neutral, PublicKeyToken=b03f5f7f11d50a3a"><value__ type="System.Int32">0</value__></dataAccessMethod><cssProjectStructure type="System.String" /><isRunOnRestart type="System.Boolean">False</isRunOnRestart><timeOut type="System.Int32">0</timeOut><isGroupable type="System.Boolean">True</isGroupable><abortRunOnAgentFailure type="System.Boolean">False</abortRunOnAgentFailure><cssIteration type="System.String" /><workItemIds type="System.Collections.Generic.List`1[[System.Int32, mscorlib, Version=2.0.0.0, Culture=neutral, PublicKeyToken=b77a5c561934e089]]"><_size type="System.Int32">0</_size><_version type="System.Int32">1</_version></workItemIds><id type="Microsoft.VisualStudio.TestTools.Common.TestId"><id type="System.Guid">8c027d48-3eed-1a1b-a6d5-22d82f692903</id></id><name type="System.String">addSokobanObjectTest</name><description type="System.String" /><enabled type="System.Boolean">True</enabled><owner type="System.String" /><priority type="System.Int32">0</priority><executionId type="Microsoft.VisualStudio.TestTools.Common.TestExecId"><id type="System.Guid">00000000-0000-0000-0000-000000000000</id></executionId><parentExecutId type="Microsoft.VisualStudio.TestTools.Common.TestExecId"><id type="System.Guid">00000000-0000-0000-0000-000000000000</id></parentExecutId><deploymentItems type="Microsoft.VisualStudio.TestTools.Common.DeploymentItemCollection" /><agentAttributes type="System.Collections.Specialized.StringDictionary, System, Version=2.0.0.0, Culture=neutral, PublicKeyToken=b77a5c561934e089" /><storage type="System.String">c:\documents and settings\raymond\my documents\school\imperatiefprogrammeren\impro\implementatie\test\bin\debug\test.dll</storage><projectData type="Microsoft.VisualStudio.TestTools.Common.ProjectData"><id type="System.Guid">1393dab6-31d7-433d-81c0-d2f031a415ce</id><projectName type="System.String">Test</projectName><solutionName type="System.String">Implementatie</solutionName><projectRelativePath type="System.String">Test\Test.csproj</projectRelativePath></projectData><m_nonRunnableReason type="System.String" /></value><key type="Microsoft.VisualStudio.TestTools.Common.TestId"><id type="System.Guid">3a1bdbc6-dfba-afc5-9242-b02ff1ad7de4</id></key><value type="Microsoft.VisualStudio.TestTools.TestTypes.Unit.UnitTestElement, Microsoft.VisualStudio.QualityTools.Tips.UnitTest.ObjectModel, Version=8.0.0.0, Culture=neutral, PublicKeyToken=b03f5f7f11d50a3a"><codeBase type="System.String">C:\Documents and Settings\Raymond\My Documents\SCHOOL\ImperatiefProgrammeren\IMPRO\Implementatie\Test\bin\Debug\Test.dll</codeBase><adapterTypeName type="System.String">Microsoft.VisualStudio.TestTools.TestTypes.Unit.UnitTestAdapter, Microsoft.VisualStudio.QualityTools.Tips.UnitTest.Adapter, Version=8.0.0.0, Culture=neutral, PublicKeyToken=b03f5f7f11d50a3a</adapterTypeName><testMethod type="Microsoft.VisualStudio.TestTools.TestTypes.Unit.TestMethod, Microsoft.VisualStudio.QualityTools.Tips.UnitTest.ObjectModel, Version=8.0.0.0, Culture=neutral, PublicKeyToken=b03f5f7f11d50a3a"><className type="System.String">Test.SokobanGameTest, Test</className><name type="System.String">movePlayerTest1</name><expectedExceptionMessage type="System.String" /><isValid type="System.Boolean">False</isValid></testMethod><aspNetDevServers type="System.Collections.Generic.List`1[[Microsoft.VisualStudio.TestTools.Common.AspNetDevelopmentServer, Microsoft.VisualStudio.QualityTools.Common, Version=8.0.0.0, Culture=neutral, PublicKeyToken=b03f5f7f11d50a3a]]"><_size type="System.Int32">0</_size><_version type="System.Int32">0</_version></aspNetDevServers><dataAccessMethod type="Microsoft.VisualStudio.TestTools.UnitTesting.DataAccessMethod, Microsoft.VisualStudio.QualityTools.UnitTestFramework, Version=8.0.0.0, Culture=neutral, PublicKeyToken=b03f5f7f11d50a3a"><value__ type="System.Int32">0</value__></dataAccessMethod><cssProjectStructure type="System.String" /><isRunOnRestart type="System.Boolean">False</isRunOnRestart><timeOut type="System.Int32">0</timeOut><isGroupable type="System.Boolean">True</isGroupable><abortRunOnAgentFailure type="System.Boolean">False</abortRunOnAgentFailure><cssIteration type="System.String" /><workItemIds type="System.Collections.Generic.List`1[[System.Int32, mscorlib, Version=2.0.0.0, Culture=neutral, PublicKeyToken=b77a5c561934e089]]"><_size type="System.Int32">0</_size><_version type="System.Int32">1</_version></workItemIds><id type="Microsoft.VisualStudio.TestTools.Common.TestId"><id type="System.Guid">3a1bdbc6-dfba-afc5-9242-b02ff1ad7de4</id></id><name type="System.String">movePlayerTest1</name><description type="System.String" /><enabled type="System.Boolean">True</enabled><owner type="System.String" /><priority type="System.Int32">0</priority><executionId type="Microsoft.VisualStudio.TestTools.Common.TestExecId"><id type="System.Guid">00000000-0000-0000-0000-000000000000</id></executionId><parentExecutId type="Microsoft.VisualStudio.TestTools.Common.TestExecId"><id type="System.Guid">00000000-0000-0000-0000-000000000000</id></parentExecutId><deploymentItems type="Microsoft.VisualStudio.TestTools.Common.DeploymentItemCollection"><m_container type="System.Collections.Hashtable"><key type="Microsoft.VisualStudio.TestTools.Common.DeploymentItem"><path type="System.String">Sokoban.dll</path><outputDirectory type="System.String" /></key><value /></m_container></deploymentItems><agentAttributes type="System.Collections.Specialized.StringDictionary, System, Version=2.0.0.0, Culture=neutral, PublicKeyToken=b77a5c561934e089" /><storage type="System.String">c:\documents and settings\raymond\my documents\school\imperatiefprogrammeren\impro\implementatie\test\bin\debug\test.dll</storage><projectData type="Microsoft.VisualStudio.TestTools.Common.ProjectData"><id type="System.Guid">1393dab6-31d7-433d-81c0-d2f031a415ce</id><projectName type="System.String">Test</projectName><solutionName type="System.String">Implementatie</solutionName><projectRelativePath type="System.String">Test\Test.csproj</projectRelativePath></projectData><m_nonRunnableReason type="System.String" /></value><key type="Microsoft.VisualStudio.TestTools.Common.TestId"><id type="System.Guid">db64b1fb-9868-9c1b-dedb-0ee9842e84aa</id></key><value type="Microsoft.VisualStudio.TestTools.TestTypes.Unit.UnitTestElement, Microsoft.VisualStudio.QualityTools.Tips.UnitTest.ObjectModel, Version=8.0.0.0, Culture=neutral, PublicKeyToken=b03f5f7f11d50a3a"><codeBase type="System.String">C:\Documents and Settings\Raymond\My Documents\SCHOOL\ImperatiefProgrammeren\IMPRO\Implementatie\Test\bin\Debug\Test.dll</codeBase><adapterTypeName type="System.String">Microsoft.VisualStudio.TestTools.TestTypes.Unit.UnitTestAdapter, Microsoft.VisualStudio.QualityTools.Tips.UnitTest.Adapter, Version=8.0.0.0, Culture=neutral, PublicKeyToken=b03f5f7f11d50a3a</adapterTypeName><testMethod type="Microsoft.VisualStudio.TestTools.TestTypes.Unit.TestMethod, Microsoft.VisualStudio.QualityTools.Tips.UnitTest.ObjectModel, Version=8.0.0.0, Culture=neutral, PublicKeyToken=b03f5f7f11d50a3a"><className type="System.String">Test.SokobanGameTest, Test</className><name type="System.String">movePlayerTest</name><expectedExceptionMessage type="System.String" /><isValid type="System.Boolean">False</isValid></testMethod><aspNetDevServers type="System.Collections.Generic.List`1[[Microsoft.VisualStudio.TestTools.Common.AspNetDevelopmentServer, Microsoft.VisualStudio.QualityTools.Common, Version=8.0.0.0, Culture=neutral, PublicKeyToken=b03f5f7f11d50a3a]]"><_size type="System.Int32">0</_size><_version type="System.Int32">0</_version></aspNetDevServers><dataAccessMethod type="Microsoft.VisualStudio.TestTools.UnitTesting.DataAccessMethod, Microsoft.VisualStudio.QualityTools.UnitTestFramework, Version=8.0.0.0, Culture=neutral, PublicKeyToken=b03f5f7f11d50a3a"><value__ type="System.Int32">0</value__></dataAccessMethod><cssProjectStructure type="System.String" /><isRunOnRestart type="System.Boolean">False</isRunOnRestart><timeOut type="System.Int32">0</timeOut><isGroupable type="System.Boolean">True</isGroupable><abortRunOnAgentFailure type="System.Boolean">False</abortRunOnAgentFailure><cssIteration type="System.String" /><workItemIds type="System.Collections.Generic.List`1[[System.Int32, mscorlib, Version=2.0.0.0, Culture=neutral, PublicKeyToken=b77a5c561934e089]]"><_size type="System.Int32">0</_size><_version type="System.Int32">1</_version></workItemIds><id type="Microsoft.VisualStudio.TestTools.Common.TestId"><id type="System.Guid">db64b1fb-9868-9c1b-dedb-0ee9842e84aa</id></id><name type="System.String">movePlayerTest</name><description type="System.String" /><enabled type="System.Boolean">True</enabled><owner type="System.String" /><priority type="System.Int32">0</priority><executionId type="Microsoft.VisualStudio.TestTools.Common.TestExecId"><id type="System.Guid">00000000-0000-0000-0000-000000000000</id></executionId><parentExecutId type="Microsoft.VisualStudio.TestTools.Common.TestExecId"><id type="System.Guid">00000000-0000-0000-0000-000000000000</id></parentExecutId><deploymentItems type="Microsoft.VisualStudio.TestTools.Common.DeploymentItemCollection" /><agentAttributes type="System.Collections.Specialized.StringDictionary, System, Version=2.0.0.0, Culture=neutral, PublicKeyToken=b77a5c561934e089" /><storage type="System.String">c:\documents and settings\raymond\my documents\school\imperatiefprogrammeren\impro\implementatie\test\bin\debug\test.dll</storage><projectData type="Microsoft.VisualStudio.TestTools.Common.ProjectData"><id type="System.Guid">1393dab6-31d7-433d-81c0-d2f031a415ce</id><projectName type="System.String">Test</projectName><solutionName type="System.String">Implementatie</solutionName><projectRelativePath type="System.String">Test\Test.csproj</projectRelativePath></projectData><m_nonRunnableReason type="System.String" /></value><key type="Microsoft.VisualStudio.TestTools.Common.TestId"><id type="System.Guid">2c34b642-5fba-3ab5-950b-3d74e8f2414f</id></key><value type="Microsoft.VisualStudio.TestTools.TestTypes.Unit.UnitTestElement, Microsoft.VisualStudio.QualityTools.Tips.UnitTest.ObjectModel, Version=8.0.0.0, Culture=neutral, PublicKeyToken=b03f5f7f11d50a3a"><codeBase type="System.String">C:\Documents and Settings\Raymond\My Documents\SCHOOL\ImperatiefProgrammeren\IMPRO\Implementatie\Test\bin\Debug\Test.dll</codeBase><adapterTypeName type="System.String">Microsoft.VisualStudio.TestTools.TestTypes.Unit.UnitTestAdapter, Microsoft.VisualStudio.QualityTools.Tips.UnitTest.Adapter, Version=8.0.0.0, Culture=neutral, PublicKeyToken=b03f5f7f11d50a3a</adapterTypeName><testMethod type="Microsoft.VisualStudio.TestTools.TestTypes.Unit.TestMethod, Microsoft.VisualStudio.QualityTools.Tips.UnitTest.ObjectModel, Version=8.0.0.0, Culture=neutral, PublicKeyToken=b03f5f7f11d50a3a"><className type="System.String">Test.GridTest, Test</className><name type="System.String">removeElementTest</name><expectedExceptionMessage type="System.String" /><isValid type="System.Boolean">False</isValid></testMethod><aspNetDevServers type="System.Collections.Generic.List`1[[Microsoft.VisualStudio.TestTools.Common.AspNetDevelopmentServer, Microsoft.VisualStudio.QualityTools.Common, Version=8.0.0.0, Culture=neutral, PublicKeyToken=b03f5f7f11d50a3a]]"><_size type="System.Int32">0</_size><_version type="System.Int32">0</_version></aspNetDevServers><dataAccessMethod type="Microsoft.VisualStudio.TestTools.UnitTesting.DataAccessMethod, Microsoft.VisualStudio.QualityTools.UnitTestFramework, Version=8.0.0.0, Culture=neutral, PublicKeyToken=b03f5f7f11d50a3a"><value__ type="System.Int32">0</value__></dataAccessMethod><cssProjectStructure type="System.String" /><isRunOnRestart type="System.Boolean">False</isRunOnRestart><timeOut type="System.Int32">0</timeOut><isGroupable type="System.Boolean">True</isGroupable><abortRunOnAgentFailure type="System.Boolean">False</abortRunOnAgentFailure><cssIteration type="System.String" /><workItemIds type="System.Collections.Generic.List`1[[System.Int32, mscorlib, Version=2.0.0.0, Culture=neutral, PublicKeyToken=b77a5c561934e089]]"><_size type="System.Int32">0</_size><_version type="System.Int32">1</_version></workItemIds><id type="Microsoft.VisualStudio.TestTools.Common.TestId"><id type="System.Guid">2c34b642-5fba-3ab5-950b-3d74e8f2414f</id></id><name type="System.String">removeElementTest</name><description type="System.String" /><enabled type="System.Boolean">True</enabled><owner type="System.String" /><priority type="System.Int32">0</priority><executionId type="Microsoft.VisualStudio.TestTools.Common.TestExecId"><id type="System.Guid">00000000-0000-0000-0000-000000000000</id></executionId><parentExecutId type="Microsoft.VisualStudio.TestTools.Common.TestExecId"><id type="System.Guid">00000000-0000-0000-0000-000000000000</id></parentExecutId><deploymentItems type="Microsoft.VisualStudio.TestTools.Common.DeploymentItemCollection" /><agentAttributes type="System.Collections.Specialized.StringDictionary, System, Version=2.0.0.0, Culture=neutral, PublicKeyToken=b77a5c561934e089" /><storage type="System.String">c:\documents and settings\raymond\my documents\school\imperatiefprogrammeren\impro\implementatie\test\bin\debug\test.dll</storage><projectData type="Microsoft.VisualStudio.TestTools.Common.ProjectData"><id type="System.Guid">1393dab6-31d7-433d-81c0-d2f031a415ce</id><projectName type="System.String">Test</projectName><solutionName type="System.String">Implementatie</solutionName><projectRelativePath type="System.String">Test\Test.csproj</projectRelativePath></projectData><m_nonRunnableReason type="System.String" /></value><key type="Microsoft.VisualStudio.TestTools.Common.TestId"><id type="System.Guid">59e6b3a4-6598-3cd2-4250-bedc199cc84c</id></key><value type="Microsoft.VisualStudio.TestTools.TestTypes.Unit.UnitTestElement, Microsoft.VisualStudio.QualityTools.Tips.UnitTest.ObjectModel, Version=8.0.0.0, Culture=neutral, PublicKeyToken=b03f5f7f11d50a3a"><codeBase type="System.String">C:\Documents and Settings\Raymond\My Documents\SCHOOL\ImperatiefProgrammeren\IMPRO\Implementatie\Test\bin\Debug\Test.dll</codeBase><adapterTypeName type="System.String">Microsoft.VisualStudio.TestTools.TestTypes.Unit.UnitTestAdapter, Microsoft.VisualStudio.QualityTools.Tips.UnitTest.Adapter, Version=8.0.0.0, Culture=neutral, PublicKeyToken=b03f5f7f11d50a3a</adapterTypeName><testMethod type="Microsoft.VisualStudio.TestTools.TestTypes.Unit.TestMethod, Microsoft.VisualStudio.QualityTools.Tips.UnitTest.ObjectModel, Version=8.0.0.0, Culture=neutral, PublicKeyToken=b03f5f7f11d50a3a"><className type="System.String">Test.SokobanGameTest, Test</className><name type="System.String">getStateTest</name><expectedExceptionMessage type="System.String" /><isValid type="System.Boolean">False</isValid></testMethod><aspNetDevServers type="System.Collections.Generic.List`1[[Microsoft.VisualStudio.TestTools.Common.AspNetDevelopmentServer, Microsoft.VisualStudio.QualityTools.Common, Version=8.0.0.0, Culture=neutral, PublicKeyToken=b03f5f7f11d50a3a]]"><_size type="System.Int32">0</_size><_version type="System.Int32">0</_version></aspNetDevServers><dataAccessMethod type="Microsoft.VisualStudio.TestTools.UnitTesting.DataAccessMethod, Microsoft.VisualStudio.QualityTools.UnitTestFramework, Version=8.0.0.0, Culture=neutral, PublicKeyToken=b03f5f7f11d50a3a"><value__ type="System.Int32">0</value__></dataAccessMethod><cssProjectStructure type="System.String" /><isRunOnRestart type="System.Boolean">False</isRunOnRestart><timeOut type="System.Int32">0</timeOut><isGroupable type="System.Boolean">True</isGroupable><abortRunOnAgentFailure type="System.Boolean">False</abortRunOnAgentFailure><cssIteration type="System.String" /><workItemIds type="System.Collections.Generic.List`1[[System.Int32, mscorlib, Version=2.0.0.0, Culture=neutral, PublicKeyToken=b77a5c561934e089]]"><_size type="System.Int32">0</_size><_version type="System.Int32">1</_version></workItemIds><id type="Microsoft.VisualStudio.TestTools.Common.TestId"><id type="System.Guid">59e6b3a4-6598-3cd2-4250-bedc199cc84c</id></id><name type="System.String">getStateTest</name><description type="System.String" /><enabled type="System.Boolean">True</enabled><owner type="System.String" /><priority type="System.Int32">0</priority><executionId type="Microsoft.VisualStudio.TestTools.Common.TestExecId"><id type="System.Guid">00000000-0000-0000-0000-000000000000</id></executionId><parentExecutId type="Microsoft.VisualStudio.TestTools.Common.TestExecId"><id type="System.Guid">00000000-0000-0000-0000-000000000000</id></parentExecutId><deploymentItems type="Microsoft.VisualStudio.TestTools.Common.DeploymentItemCollection"><m_container type="System.Collections.Hashtable"><key type="Microsoft.VisualStudio.TestTools.Common.DeploymentItem"><path type="System.String">Sokoban.dll</path><outputDirectory type="System.String" /></key><value /></m_container></deploymentItems><agentAttributes type="System.Collections.Specialized.StringDictionary, System, Version=2.0.0.0, Culture=neutral, PublicKeyToken=b77a5c561934e089" /><storage type="System.String">c:\documents and settings\raymond\my documents\school\imperatiefprogrammeren\impro\implementatie\test\bin\debug\test.dll</storage><projectData type="Microsoft.VisualStudio.TestTools.Common.ProjectData"><id type="System.Guid">1393dab6-31d7-433d-81c0-d2f031a415ce</id><projectName type="System.String">Test</projectName><solutionName type="System.String">Implementatie</solutionName><projectRelativePath type="System.String">Test\Test.csproj</projectRelativePath></projectData><m_nonRunnableReason type="System.String" /></value><key type="Microsoft.VisualStudio.TestTools.Common.TestId"><id type="System.Guid">090d7254-261b-e72c-bdd0-8f780064605f</id></key><value type="Microsoft.VisualStudio.TestTools.TestTypes.Unit.UnitTestElement, Microsoft.VisualStudio.QualityTools.Tips.UnitTest.ObjectModel, Version=8.0.0.0, Culture=neutral, PublicKeyToken=b03f5f7f11d50a3a"><codeBase type="System.String">C:\Documents and Settings\Raymond\My Documents\SCHOOL\ImperatiefProgrammeren\IMPRO\Implementatie\Test\bin\Debug\Test.dll</codeBase><adapterTypeName type="System.String">Microsoft.VisualStudio.TestTools.TestTypes.Unit.UnitTestAdapter, Microsoft.VisualStudio.QualityTools.Tips.UnitTest.Adapter, Version=8.0.0.0, Culture=neutral, PublicKeyToken=b03f5f7f11d50a3a</adapterTypeName><testMethod type="Microsoft.VisualStudio.TestTools.TestTypes.Unit.TestMethod, Microsoft.VisualStudio.QualityTools.Tips.UnitTest.ObjectModel, Version=8.0.0.0, Culture=neutral, PublicKeyToken=b03f5f7f11d50a3a"><className type="System.String">Test.SokobanGameTest, Test</className><name type="System.String">directionToPointTest</name><expectedExceptionMessage type="System.String" /><isValid type="System.Boolean">False</isValid></testMethod><aspNetDevServers type="System.Collections.Generic.List`1[[Microsoft.VisualStudio.TestTools.Common.AspNetDevelopmentServer, Microsoft.VisualStudio.QualityTools.Common, Version=8.0.0.0, Culture=neutral, PublicKeyToken=b03f5f7f11d50a3a]]"><_size type="System.Int32">0</_size><_version type="System.Int32">0</_version></aspNetDevServers><dataAccessMethod type="Microsoft.VisualStudio.TestTools.UnitTesting.DataAccessMethod, Microsoft.VisualStudio.QualityTools.UnitTestFramework, Version=8.0.0.0, Culture=neutral, PublicKeyToken=b03f5f7f11d50a3a"><value__ type="System.Int32">0</value__></dataAccessMethod><cssProjectStructure type="System.String" /><isRunOnRestart type="System.Boolean">False</isRunOnRestart><timeOut type="System.Int32">0</timeOut><isGroupable type="System.Boolean">True</isGroupable><abortRunOnAgentFailure type="System.Boolean">False</abortRunOnAgentFailure><cssIteration type="System.String" /><workItemIds type="System.Collections.Generic.List`1[[System.Int32, mscorlib, Version=2.0.0.0, Culture=neutral, PublicKeyToken=b77a5c561934e089]]"><_size type="System.Int32">0</_size><_version type="System.Int32">1</_version></workItemIds><id type="Microsoft.VisualStudio.TestTools.Common.TestId"><id type="System.Guid">090d7254-261b-e72c-bdd0-8f780064605f</id></id><name type="System.String">directionToPointTest</name><description type="System.String" /><enabled type="System.Boolean">True</enabled><owner type="System.String" /><priority type="System.Int32">0</priority><executionId type="Microsoft.VisualStudio.TestTools.Common.TestExecId"><id type="System.Guid">00000000-0000-0000-0000-000000000000</id></executionId><parentExecutId type="Microsoft.VisualStudio.TestTools.Common.TestExecId"><id type="System.Guid">00000000-0000-0000-0000-000000000000</id></parentExecutId><deploymentItems type="Microsoft.VisualStudio.TestTools.Common.DeploymentItemCollection"><m_container type="System.Collections.Hashtable"><key type="Microsoft.VisualStudio.TestTools.Common.DeploymentItem"><path type="System.String">Sokoban.dll</path><outputDirectory type="System.String" /></key><value /></m_container></deploymentItems><agentAttributes type="System.Collections.Specialized.StringDictionary, System, Version=2.0.0.0, Culture=neutral, PublicKeyToken=b77a5c561934e089" /><storage type="System.String">c:\documents and settings\raymond\my documents\school\imperatiefprogrammeren\impro\implementatie\test\bin\debug\test.dll</storage><projectData type="Microsoft.VisualStudio.TestTools.Common.ProjectData"><id type="System.Guid">1393dab6-31d7-433d-81c0-d2f031a415ce</id><projectName type="System.String">Test</projectName><solutionName type="System.String">Implementatie</solutionName><projectRelativePath type="System.String">Test\Test.csproj</projectRelativePath></projectData><m_nonRunnableReason type="System.String" /></value><key type="Microsoft.VisualStudio.TestTools.Common.TestId"><id type="System.Guid">8b89b04d-ca0e-f328-b2f9-41ad40475031</id></key><value type="Microsoft.VisualStudio.TestTools.TestTypes.Unit.UnitTestElement, Microsoft.VisualStudio.QualityTools.Tips.UnitTest.ObjectModel, Version=8.0.0.0, Culture=neutral, PublicKeyToken=b03f5f7f11d50a3a"><codeBase type="System.String">C:\Documents and Settings\Raymond\My Documents\SCHOOL\ImperatiefProgrammeren\IMPRO\Implementatie\Test\bin\Debug\Test.dll</codeBase><adapterTypeName type="System.String">Microsoft.VisualStudio.TestTools.TestTypes.Unit.UnitTestAdapter, Microsoft.VisualStudio.QualityTools.Tips.UnitTest.Adapter, Version=8.0.0.0, Culture=neutral, PublicKeyToken=b03f5f7f11d50a3a</adapterTypeName><testMethod type="Microsoft.VisualStudio.TestTools.TestTypes.Unit.TestMethod, Microsoft.VisualStudio.QualityTools.Tips.UnitTest.ObjectModel, Version=8.0.0.0, Culture=neutral, PublicKeyToken=b03f5f7f11d50a3a"><className type="System.String">Test.SokobanGameTest, Test</className><name type="System.String">gridTest</name><expectedExceptionMessage type="System.String" /><isValid type="System.Boolean">False</isValid></testMethod><aspNetDevServers type="System.Collections.Generic.List`1[[Microsoft.VisualStudio.TestTools.Common.AspNetDevelopmentServer, Microsoft.VisualStudio.QualityTools.Common, Version=8.0.0.0, Culture=neutral, PublicKeyToken=b03f5f7f11d50a3a]]"><_size type="System.Int32">0</_size><_version type="System.Int32">0</_version></aspNetDevServers><dataAccessMethod type="Microsoft.VisualStudio.TestTools.UnitTesting.DataAccessMethod, Microsoft.VisualStudio.QualityTools.UnitTestFramework, Version=8.0.0.0, Culture=neutral, PublicKeyToken=b03f5f7f11d50a3a"><value__ type="System.Int32">0</value__></dataAccessMethod><cssProjectStructure type="System.String" /><isRunOnRestart type="System.Boolean">False</isRunOnRestart><timeOut type="System.Int32">0</timeOut><isGroupable type="System.Boolean">True</isGroupable><abortRunOnAgentFailure type="System.Boolean">False</abortRunOnAgentFailure><cssIteration type="System.String" /><workItemIds type="System.Collections.Generic.List`1[[System.Int32, mscorlib, Version=2.0.0.0, Culture=neutral, PublicKeyToken=b77a5c561934e089]]"><_size type="System.Int32">0</_size><_version type="System.Int32">1</_version></workItemIds><id type="Microsoft.VisualStudio.TestTools.Common.TestId"><id type="System.Guid">8b89b04d-ca0e-f328-b2f9-41ad40475031</id></id><name type="System.String">gridTest</name><description type="System.String" /><enabled type="System.Boolean">True</enabled><owner type="System.String" /><priority type="System.Int32">0</priority><executionId type="Microsoft.VisualStudio.TestTools.Common.TestExecId"><id type="System.Guid">00000000-0000-0000-0000-000000000000</id></executionId><parentExecutId type="Microsoft.VisualStudio.TestTools.Common.TestExecId"><id type="System.Guid">00000000-0000-0000-0000-000000000000</id></parentExecutId><deploymentItems type="Microsoft.VisualStudio.TestTools.Common.DeploymentItemCollection" /><agentAttributes type="System.Collections.Specialized.StringDictionary, System, Version=2.0.0.0, Culture=neutral, PublicKeyToken=b77a5c561934e089" /><storage type="System.String">c:\documents and settings\raymond\my documents\school\imperatiefprogrammeren\impro\implementatie\test\bin\debug\test.dll</storage><projectData type="Microsoft.VisualStudio.TestTools.Common.ProjectData"><id type="System.Guid">1393dab6-31d7-433d-81c0-d2f031a415ce</id><projectName type="System.String">Test</projectName><solutionName type="System.String">Implementatie</solutionName><projectRelativePath type="System.String">Test\Test.csproj</projectRelativePath></projectData><m_nonRunnableReason type="System.String" /></value><key type="Microsoft.VisualStudio.TestTools.Common.TestId"><id type="System.Guid">f67afbaa-19ad-d98e-9653-8ab2e299d8d1</id></key><value type="Microsoft.VisualStudio.TestTools.TestTypes.Unit.UnitTestElement, Microsoft.VisualStudio.QualityTools.Tips.UnitTest.ObjectModel, Version=8.0.0.0, Culture=neutral, PublicKeyToken=b03f5f7f11d50a3a"><codeBase type="System.String">C:\Documents and Settings\Raymond\My Documents\SCHOOL\ImperatiefProgrammeren\IMPRO\Implementatie\Test\bin\Debug\Test.dll</codeBase><adapterTypeName type="System.String">Microsoft.VisualStudio.TestTools.TestTypes.Unit.UnitTestAdapter, Microsoft.VisualStudio.QualityTools.Tips.UnitTest.Adapter, Version=8.0.0.0, Culture=neutral, PublicKeyToken=b03f5f7f11d50a3a</adapterTypeName><testMethod type="Microsoft.VisualStudio.TestTools.TestTypes.Unit.TestMethod, Microsoft.VisualStudio.QualityTools.Tips.UnitTest.ObjectModel, Version=8.0.0.0, Culture=neutral, PublicKeyToken=b03f5f7f11d50a3a"><className type="System.String">Test.GridTest, Test</className><name type="System.String">indexToLocationTest</name><expectedExceptionMessage type="System.String" /><isValid type="System.Boolean">False</isValid></testMethod><aspNetDevServers type="System.Collections.Generic.List`1[[Microsoft.VisualStudio.TestTools.Common.AspNetDevelopmentServer, Microsoft.VisualStudio.QualityTools.Common, Version=8.0.0.0, Culture=neutral, PublicKeyToken=b03f5f7f11d50a3a]]"><_size type="System.Int32">0</_size><_version type="System.Int32">0</_version></aspNetDevServers><dataAccessMethod type="Microsoft.VisualStudio.TestTools.UnitTesting.DataAccessMethod, Microsoft.VisualStudio.QualityTools.UnitTestFramework, Version=8.0.0.0, Culture=neutral, PublicKeyToken=b03f5f7f11d50a3a"><value__ type="System.Int32">0</value__></dataAccessMethod><cssProjectStructure type="System.String" /><isRunOnRestart type="System.Boolean">False</isRunOnRestart><timeOut type="System.Int32">0</timeOut><isGroupable type="System.Boolean">True</isGroupable><abortRunOnAgentFailure type="System.Boolean">False</abortRunOnAgentFailure><cssIteration type="System.String" /><workItemIds type="System.Collections.Generic.List`1[[System.Int32, mscorlib, Version=2.0.0.0, Culture=neutral, PublicKeyToken=b77a5c561934e089]]"><_size type="System.Int32">0</_size><_version type="System.Int32">1</_version></workItemIds><id type="Microsoft.VisualStudio.TestTools.Common.TestId"><id type="System.Guid">f67afbaa-19ad-d98e-9653-8ab2e299d8d1</id></id><name type="System.String">indexToLocationTest</name><description type="System.String" /><enabled type="System.Boolean">True</enabled><owner type="System.String" /><priority type="System.Int32">0</priority><executionId type="Microsoft.VisualStudio.TestTools.Common.TestExecId"><id type="System.Guid">00000000-0000-0000-0000-000000000000</id></executionId><parentExecutId type="Microsoft.VisualStudio.TestTools.Common.TestExecId"><id type="System.Guid">00000000-0000-0000-0000-000000000000</id></parentExecutId><deploymentItems type="Microsoft.VisualStudio.TestTools.Common.DeploymentItemCollection" /><agentAttributes type="System.Collections.Specialized.StringDictionary, System, Version=2.0.0.0, Culture=neutral, PublicKeyToken=b77a5c561934e089" /><storage type="System.String">c:\documents and settings\raymond\my documents\school\imperatiefprogrammeren\impro\implementatie\test\bin\debug\test.dll</storage><projectData type="Microsoft.VisualStudio.TestTools.Common.ProjectData"><id type="System.Guid">1393dab6-31d7-433d-81c0-d2f031a415ce</id><projectName type="System.String">Test</projectName><solutionName type="System.String">Implementatie</solutionName><projectRelativePath type="System.String">Test\Test.csproj</projectRelativePath></projectData><m_nonRunnableReason type="System.String" /></value><key type="Microsoft.VisualStudio.TestTools.Common.TestId"><id type="System.Guid">9735510f-9bf4-8b6a-ce95-cf00987f8dd2</id></key><value type="Microsoft.VisualStudio.TestTools.TestTypes.Unit.UnitTestElement, Microsoft.VisualStudio.QualityTools.Tips.UnitTest.ObjectModel, Version=8.0.0.0, Culture=neutral, PublicKeyToken=b03f5f7f11d50a3a"><codeBase type="System.String">C:\Documents and Settings\Raymond\My Documents\SCHOOL\ImperatiefProgrammeren\IMPRO\Implementatie\Test\bin\Debug\Test.dll</codeBase><adapterTypeName type="System.String">Microsoft.VisualStudio.TestTools.TestTypes.Unit.UnitTestAdapter, Microsoft.VisualStudio.QualityTools.Tips.UnitTest.Adapter, Version=8.0.0.0, Culture=neutral, PublicKeyToken=b03f5f7f11d50a3a</adapterTypeName><testMethod type="Microsoft.VisualStudio.TestTools.TestTypes.Unit.TestMethod, Microsoft.VisualStudio.QualityTools.Tips.UnitTest.ObjectModel, Version=8.0.0.0, Culture=neutral, PublicKeyToken=b03f5f7f11d50a3a"><className type="System.String">Test.SokobanGameTest, Test</className><name type="System.String">isSolvedTest</name><expectedExceptionMessage type="System.String" /><isValid type="System.Boolean">False</isValid></testMethod><aspNetDevServers type="System.Collections.Generic.List`1[[Microsoft.VisualStudio.TestTools.Common.AspNetDevelopmentServer, Microsoft.VisualStudio.QualityTools.Common, Version=8.0.0.0, Culture=neutral, PublicKeyToken=b03f5f7f11d50a3a]]"><_size type="System.Int32">0</_size><_version type="System.Int32">0</_version></aspNetDevServers><dataAccessMethod type="Microsoft.VisualStudio.TestTools.UnitTesting.DataAccessMethod, Microsoft.VisualStudio.QualityTools.UnitTestFramework, Version=8.0.0.0, Culture=neutral, PublicKeyToken=b03f5f7f11d50a3a"><value__ type="System.Int32">0</value__></dataAccessMethod><cssProjectStructure type="System.String" /><isRunOnRestart type="System.Boolean">False</isRunOnRestart><timeOut type="System.Int32">0</timeOut><isGroupable type="System.Boolean">True</isGroupable><abortRunOnAgentFailure type="System.Boolean">False</abortRunOnAgentFailure><cssIteration type="System.String" /><workItemIds type="System.Collections.Generic.List`1[[System.Int32, mscorlib, Version=2.0.0.0, Culture=neutral, PublicKeyToken=b77a5c561934e089]]"><_size type="System.Int32">0</_size><_version type="System.Int32">1</_version></workItemIds><id type="Microsoft.VisualStudio.TestTools.Common.TestId"><id type="System.Guid">9735510f-9bf4-8b6a-ce95-cf00987f8dd2</id></id><name type="System.String">isSolvedTest</name><description type="System.String" /><enabled type="System.Boolean">True</enabled><owner type="System.String" /><priority type="System.Int32">0</priority><executionId type="Microsoft.VisualStudio.TestTools.Common.TestExecId"><id type="System.Guid">00000000-0000-0000-0000-000000000000</id></executionId><parentExecutId type="Microsoft.VisualStudio.TestTools.Common.TestExecId"><id type="System.Guid">00000000-0000-0000-0000-000000000000</id></parentExecutId><deploymentItems type="Microsoft.VisualStudio.TestTools.Common.DeploymentItemCollection" /><agentAttributes type="System.Collections.Specialized.StringDictionary, System, Version=2.0.0.0, Culture=neutral, PublicKeyToken=b77a5c561934e089" /><storage type="System.String">c:\documents and settings\raymond\my documents\school\imperatiefprogrammeren\impro\implementatie\test\bin\debug\test.dll</storage><projectData type="Microsoft.VisualStudio.TestTools.Common.ProjectData"><id type="System.Guid">1393dab6-31d7-433d-81c0-d2f031a415ce</id><projectName type="System.String">Test</projectName><solutionName type="System.String">Implementatie</solutionName><projectRelativePath type="System.String">Test\Test.csproj</projectRelativePath></projectData><m_nonRunnableReason type="System.String" /></value><key type="Microsoft.VisualStudio.TestTools.Common.TestId"><id type="System.Guid">510dc5e0-a6a3-8525-2faa-3c4309a2d2cf</id></key><value type="Microsoft.VisualStudio.TestTools.TestTypes.Unit.UnitTestElement, Microsoft.VisualStudio.QualityTools.Tips.UnitTest.ObjectModel, Version=8.0.0.0, Culture=neutral, PublicKeyToken=b03f5f7f11d50a3a"><codeBase type="System.String">C:\Documents and Settings\Raymond\My Documents\SCHOOL\ImperatiefProgrammeren\IMPRO\Implementatie\Test\bin\Debug\Test.dll</codeBase><adapterTypeName type="System.String">Microsoft.VisualStudio.TestTools.TestTypes.Unit.UnitTestAdapter, Microsoft.VisualStudio.QualityTools.Tips.UnitTest.Adapter, Version=8.0.0.0, Culture=neutral, PublicKeyToken=b03f5f7f11d50a3a</adapterTypeName><testMethod type="Microsoft.VisualStudio.TestTools.TestTypes.Unit.TestMethod, Microsoft.VisualStudio.QualityTools.Tips.UnitTest.ObjectModel, Version=8.0.0.0, Culture=neutral, PublicKeyToken=b03f5f7f11d50a3a"><className type="System.String">Test.GridTest, Test</className><name type="System.String">xSectionsTest</name><expectedExceptionMessage type="System.String" /><isValid type="System.Boolean">False</isValid></testMethod><aspNetDevServers type="System.Collections.Generic.List`1[[Microsoft.VisualStudio.TestTools.Common.AspNetDevelopmentServer, Microsoft.VisualStudio.QualityTools.Common, Version=8.0.0.0, Culture=neutral, PublicKeyToken=b03f5f7f11d50a3a]]"><_size type="System.Int32">0</_size><_version type="System.Int32">0</_version></aspNetDevServers><dataAccessMethod type="Microsoft.VisualStudio.TestTools.UnitTesting.DataAccessMethod, Microsoft.VisualStudio.QualityTools.UnitTestFramework, Version=8.0.0.0, Culture=neutral, PublicKeyToken=b03f5f7f11d50a3a"><value__ type="System.Int32">0</value__></dataAccessMethod><cssProjectStructure type="System.String" /><isRunOnRestart type="System.Boolean">False</isRunOnRestart><timeOut type="System.Int32">0</timeOut><isGroupable type="System.Boolean">True</isGroupable><abortRunOnAgentFailure type="System.Boolean">False</abortRunOnAgentFailure><cssIteration type="System.String" /><workItemIds type="System.Collections.Generic.List`1[[System.Int32, mscorlib, Version=2.0.0.0, Culture=neutral, PublicKeyToken=b77a5c561934e089]]"><_size type="System.Int32">0</_size><_version type="System.Int32">1</_version></workItemIds><id type="Microsoft.VisualStudio.TestTools.Common.TestId"><id type="System.Guid">510dc5e0-a6a3-8525-2faa-3c4309a2d2cf</id></id><name type="System.String">xSectionsTest</name><description type="System.String" /><enabled type="System.Boolean">True</enabled><owner type="System.String" /><priority type="System.Int32">0</priority><executionId type="Microsoft.VisualStudio.TestTools.Common.TestExecId"><id type="System.Guid">00000000-0000-0000-0000-000000000000</id></executionId><parentExecutId type="Microsoft.VisualStudio.TestTools.Common.TestExecId"><id type="System.Guid">00000000-0000-0000-0000-000000000000</id></parentExecutId><deploymentItems type="Microsoft.VisualStudio.TestTools.Common.DeploymentItemCollection" /><agentAttributes type="System.Collections.Specialized.StringDictionary, System, Version=2.0.0.0, Culture=neutral, PublicKeyToken=b77a5c561934e089" /><storage type="System.String">c:\documents and settings\raymond\my documents\school\imperatiefprogrammeren\impro\implementatie\test\bin\debug\test.dll</storage><projectData type="Microsoft.VisualStudio.TestTools.Common.ProjectData"><id type="System.Guid">1393dab6-31d7-433d-81c0-d2f031a415ce</id><projectName type="System.String">Test</projectName><solutionName type="System.String">Implementatie</solutionName><projectRelativePath type="System.String">Test\Test.csproj</projectRelativePath></projectData><m_nonRunnableReason type="System.String" /></value><key type="Microsoft.VisualStudio.TestTools.Common.TestId"><id type="System.Guid">a434dee9-7b4c-67b1-a2e5-0b98c5386c81</id></key><value type="Microsoft.VisualStudio.TestTools.TestTypes.Unit.UnitTestElement, Microsoft.VisualStudio.QualityTools.Tips.UnitTest.ObjectModel, Version=8.0.0.0, Culture=neutral, PublicKeyToken=b03f5f7f11d50a3a"><codeBase type="System.String">C:\Documents and Settings\Raymond\My Documents\SCHOOL\ImperatiefProgrammeren\IMPRO\Implementatie\Test\bin\Debug\Test.dll</codeBase><adapterTypeName type="System.String">Microsoft.VisualStudio.TestTools.TestTypes.Unit.UnitTestAdapter, Microsoft.VisualStudio.QualityTools.Tips.UnitTest.Adapter, Version=8.0.0.0, Culture=neutral, PublicKeyToken=b03f5f7f11d50a3a</adapterTypeName><testMethod type="Microsoft.VisualStudio.TestTools.TestTypes.Unit.TestMethod, Microsoft.VisualStudio.QualityTools.Tips.UnitTest.ObjectModel, Version=8.0.0.0, Culture=neutral, PublicKeyToken=b03f5f7f11d50a3a"><className type="System.String">Test.GridTest, Test</className><name type="System.String">getElementPositionsTest</name><expectedExceptionMessage type="System.String" /><isValid type="System.Boolean">False</isValid></testMethod><aspNetDevServers type="System.Collections.Generic.List`1[[Microsoft.VisualStudio.TestTools.Common.AspNetDevelopmentServer, Microsoft.VisualStudio.QualityTools.Common, Version=8.0.0.0, Culture=neutral, PublicKeyToken=b03f5f7f11d50a3a]]"><_size type="System.Int32">0</_size><_version type="System.Int32">0</_version></aspNetDevServers><dataAccessMethod type="Microsoft.VisualStudio.TestTools.UnitTesting.DataAccessMethod, Microsoft.VisualStudio.QualityTools.UnitTestFramework, Version=8.0.0.0, Culture=neutral, PublicKeyToken=b03f5f7f11d50a3a"><value__ type="System.Int32">0</value__></dataAccessMethod><cssProjectStructure type="System.String" /><isRunOnRestart type="System.Boolean">False</isRunOnRestart><timeOut type="System.Int32">0</timeOut><isGroupable type="System.Boolean">True</isGroupable><abortRunOnAgentFailure type="System.Boolean">False</abortRunOnAgentFailure><cssIteration type="System.String" /><workItemIds type="System.Collections.Generic.List`1[[System.Int32, mscorlib, Version=2.0.0.0, Culture=neutral, PublicKeyToken=b77a5c561934e089]]"><_size type="System.Int32">0</_size><_version type="System.Int32">1</_version></workItemIds><id type="Microsoft.VisualStudio.TestTools.Common.TestId"><id type="System.Guid">a434dee9-7b4c-67b1-a2e5-0b98c5386c81</id></id><name type="System.String">getElementPositionsTest</name><description type="System.String" /><enabled type="System.Boolean">True</enabled><owner type="System.String" /><priority type="System.Int32">0</priority><executionId type="Microsoft.VisualStudio.TestTools.Common.TestExecId"><id type="System.Guid">00000000-0000-0000-0000-000000000000</id></executionId><parentExecutId type="Microsoft.VisualStudio.TestTools.Common.TestExecId"><id type="System.Guid">00000000-0000-0000-0000-000000000000</id></parentExecutId><deploymentItems type="Microsoft.VisualStudio.TestTools.Common.DeploymentItemCollection" /><agentAttributes type="System.Collections.Specialized.StringDictionary, System, Version=2.0.0.0, Culture=neutral, PublicKeyToken=b77a5c561934e089" /><storage type="System.String">c:\documents and settings\raymond\my documents\school\imperatiefprogrammeren\impro\implementatie\test\bin\debug\test.dll</storage><projectData type="Microsoft.VisualStudio.TestTools.Common.ProjectData"><id type="System.Guid">1393dab6-31d7-433d-81c0-d2f031a415ce</id><projectName type="System.String">Test</projectName><solutionName type="System.String">Implementatie</solutionName><projectRelativePath type="System.String">Test\Test.csproj</projectRelativePath></projectData><m_nonRunnableReason type="System.String" /></value><key type="Microsoft.VisualStudio.TestTools.Common.TestId"><id type="System.Guid">123fa593-4644-a58e-2877-e59cc21abeb8</id></key><value type="Microsoft.VisualStudio.TestTools.TestTypes.Unit.UnitTestElement, Microsoft.VisualStudio.QualityTools.Tips.UnitTest.ObjectModel, Version=8.0.0.0, Culture=neutral, PublicKeyToken=b03f5f7f11d50a3a"><codeBase type="System.String">C:\Documents and Settings\Raymond\My Documents\SCHOOL\ImperatiefProgrammeren\IMPRO\Implementatie\Test\bin\Debug\Test.dll</codeBase><adapterTypeName type="System.String">Microsoft.VisualStudio.TestTools.TestTypes.Unit.UnitTestAdapter, Microsoft.VisualStudio.QualityTools.Tips.UnitTest.Adapter, Version=8.0.0.0, Culture=neutral, PublicKeyToken=b03f5f7f11d50a3a</adapterTypeName><testMethod type="Microsoft.VisualStudio.TestTools.TestTypes.Unit.TestMethod, Microsoft.VisualStudio.QualityTools.Tips.UnitTest.ObjectModel, Version=8.0.0.0, Culture=neutral, PublicKeyToken=b03f5f7f11d50a3a"><className type="System.String">Test.SokobanGameTest, Test</className><name type="System.String">heightTest</name><expectedExceptionMessage type="System.String" /><isValid type="System.Boolean">False</isValid></testMethod><aspNetDevServers type="System.Collections.Generic.List`1[[Microsoft.VisualStudio.TestTools.Common.AspNetDevelopmentServer, Microsoft.VisualStudio.QualityTools.Common, Version=8.0.0.0, Culture=neutral, PublicKeyToken=b03f5f7f11d50a3a]]"><_size type="System.Int32">0</_size><_version type="System.Int32">0</_version></aspNetDevServers><dataAccessMethod type="Microsoft.VisualStudio.TestTools.UnitTesting.DataAccessMethod, Microsoft.VisualStudio.QualityTools.UnitTestFramework, Version=8.0.0.0, Culture=neutral, PublicKeyToken=b03f5f7f11d50a3a"><value__ type="System.Int32">0</value__></dataAccessMethod><cssProjectStructure type="System.String" /><isRunOnRestart type="System.Boolean">False</isRunOnRestart><timeOut type="System.Int32">0</timeOut><isGroupable type="System.Boolean">True</isGroupable><abortRunOnAgentFailure type="System.Boolean">False</abortRunOnAgentFailure><cssIteration type="System.String" /><workItemIds type="System.Collections.Generic.List`1[[System.Int32, mscorlib, Version=2.0.0.0, Culture=neutral, PublicKeyToken=b77a5c561934e089]]"><_size type="System.Int32">0</_size><_version type="System.Int32">1</_version></workItemIds><id type="Microsoft.VisualStudio.TestTools.Common.TestId"><id type="System.Guid">123fa593-4644-a58e-2877-e59cc21abeb8</id></id><name type="System.String">heightTest</name><description type="System.String" /><enabled type="System.Boolean">True</enabled><owner type="System.String" /><priority type="System.Int32">0</priority><executionId type="Microsoft.VisualStudio.TestTools.Common.TestExecId"><id type="System.Guid">00000000-0000-0000-0000-000000000000</id></executionId><parentExecutId type="Microsoft.VisualStudio.TestTools.Common.TestExecId"><id type="System.Guid">00000000-0000-0000-0000-000000000000</id></parentExecutId><deploymentItems type="Microsoft.VisualStudio.TestTools.Common.DeploymentItemCollection" /><agentAttributes type="System.Collections.Specialized.StringDictionary, System, Version=2.0.0.0, Culture=neutral, PublicKeyToken=b77a5c561934e089" /><storage type="System.String">c:\documents and settings\raymond\my documents\school\imperatiefprogrammeren\impro\implementatie\test\bin\debug\test.dll</storage><projectData type="Microsoft.VisualStudio.TestTools.Common.ProjectData"><id type="System.Guid">1393dab6-31d7-433d-81c0-d2f031a415ce</id><projectName type="System.String">Test</projectName><solutionName type="System.String">Implementatie</solutionName><projectRelativePath type="System.String">Test\Test.csproj</projectRelativePath></projectData><m_nonRunnableReason type="System.String" /></value><key type="Microsoft.VisualStudio.TestTools.Common.TestId"><id type="System.Guid">ba5c28ce-c1ff-90f9-ed35-d073d793c41e</id></key><value type="Microsoft.VisualStudio.TestTools.TestTypes.Unit.UnitTestElement, Microsoft.VisualStudio.QualityTools.Tips.UnitTest.ObjectModel, Version=8.0.0.0, Culture=neutral, PublicKeyToken=b03f5f7f11d50a3a"><codeBase type="System.String">C:\Documents and Settings\Raymond\My Documents\SCHOOL\ImperatiefProgrammeren\IMPRO\Implementatie\Test\bin\Debug\Test.dll</codeBase><adapterTypeName type="System.String">Microsoft.VisualStudio.TestTools.TestTypes.Unit.UnitTestAdapter, Microsoft.VisualStudio.QualityTools.Tips.UnitTest.Adapter, Version=8.0.0.0, Culture=neutral, PublicKeyToken=b03f5f7f11d50a3a</adapterTypeName><testMethod type="Microsoft.VisualStudio.TestTools.TestTypes.Unit.TestMethod, Microsoft.VisualStudio.QualityTools.Tips.UnitTest.ObjectModel, Version=8.0.0.0, Culture=neutral, PublicKeyToken=b03f5f7f11d50a3a"><className type="System.String">Test.GridTest, Test</className><name type="System.String">isAvailableTest</name><expectedExceptionMessage type="System.String" /><isValid type="System.Boolean">False</isValid></testMethod><aspNetDevServers type="System.Collections.Generic.List`1[[Microsoft.VisualStudio.TestTools.Common.AspNetDevelopmentServer, Microsoft.VisualStudio.QualityTools.Common, Version=8.0.0.0, Culture=neutral, PublicKeyToken=b03f5f7f11d50a3a]]"><_size type="System.Int32">0</_size><_version type="System.Int32">0</_version></aspNetDevServers><dataAccessMethod type="Microsoft.VisualStudio.TestTools.UnitTesting.DataAccessMethod, Microsoft.VisualStudio.QualityTools.UnitTestFramework, Version=8.0.0.0, Culture=neutral, PublicKeyToken=b03f5f7f11d50a3a"><value__ type="System.Int32">0</value__></dataAccessMethod><cssProjectStructure type="System.String" /><isRunOnRestart type="System.Boolean">False</isRunOnRestart><timeOut type="System.Int32">0</timeOut><isGroupable type="System.Boolean">True</isGroupable><abortRunOnAgentFailure type="System.Boolean">False</abortRunOnAgentFailure><cssIteration type="System.String" /><workItemIds type="System.Collections.Generic.List`1[[System.Int32, mscorlib, Version=2.0.0.0, Culture=neutral, PublicKeyToken=b77a5c561934e089]]"><_size type="System.Int32">0</_size><_version type="System.Int32">1</_version></workItemIds><id type="Microsoft.VisualStudio.TestTools.Common.TestId"><id type="System.Guid">ba5c28ce-c1ff-90f9-ed35-d073d793c41e</id></id><name type="System.String">isAvailableTest</name><description type="System.String" /><enabled type="System.Boolean">True</enabled><owner type="System.String" /><priority type="System.Int32">0</priority><executionId type="Microsoft.VisualStudio.TestTools.Common.TestExecId"><id type="System.Guid">00000000-0000-0000-0000-000000000000</id></executionId><parentExecutId type="Microsoft.VisualStudio.TestTools.Common.TestExecId"><id type="System.Guid">00000000-0000-0000-0000-000000000000</id></parentExecutId><deploymentItems type="Microsoft.VisualStudio.TestTools.Common.DeploymentItemCollection" /><agentAttributes type="System.Collections.Specialized.StringDictionary, System, Version=2.0.0.0, Culture=neutral, PublicKeyToken=b77a5c561934e089" /><storage type="System.String">c:\documents and settings\raymond\my documents\school\imperatiefprogrammeren\impro\implementatie\test\bin\debug\test.dll</storage><projectData type="Microsoft.VisualStudio.TestTools.Common.ProjectData"><id type="System.Guid">1393dab6-31d7-433d-81c0-d2f031a415ce</id><projectName type="System.String">Test</projectName><solutionName type="System.String">Implementatie</solutionName><projectRelativePath type="System.String">Test\Test.csproj</projectRelativePath></projectData><m_nonRunnableReason type="System.String" /></value><key type="Microsoft.VisualStudio.TestTools.Common.TestId"><id type="System.Guid">e4ef216a-0a29-0cdd-f404-2ddc29ba3a6c</id></key><value type="Microsoft.VisualStudio.TestTools.TestTypes.Unit.UnitTestElement, Microsoft.VisualStudio.QualityTools.Tips.UnitTest.ObjectModel, Version=8.0.0.0, Culture=neutral, PublicKeyToken=b03f5f7f11d50a3a"><codeBase type="System.String">C:\Documents and Settings\Raymond\My Documents\SCHOOL\ImperatiefProgrammeren\IMPRO\Implementatie\Test\bin\Debug\Test.dll</codeBase><adapterTypeName type="System.String">Microsoft.VisualStudio.TestTools.TestTypes.Unit.UnitTestAdapter, Microsoft.VisualStudio.QualityTools.Tips.UnitTest.Adapter, Version=8.0.0.0, Culture=neutral, PublicKeyToken=b03f5f7f11d50a3a</adapterTypeName><testMethod type="Microsoft.VisualStudio.TestTools.TestTypes.Unit.TestMethod, Microsoft.VisualStudio.QualityTools.Tips.UnitTest.ObjectModel, Version=8.0.0.0, Culture=neutral, PublicKeyToken=b03f5f7f11d50a3a"><className type="System.String">Test.GridTest, Test</className><name type="System.String">ySectionsTest</name><expectedExceptionMessage type="System.String" /><isValid type="System.Boolean">False</isValid></testMethod><aspNetDevServers type="System.Collections.Generic.List`1[[Microsoft.VisualStudio.TestTools.Common.AspNetDevelopmentServer, Microsoft.VisualStudio.QualityTools.Common, Version=8.0.0.0, Culture=neutral, PublicKeyToken=b03f5f7f11d50a3a]]"><_size type="System.Int32">0</_size><_version type="System.Int32">0</_version></aspNetDevServers><dataAccessMethod type="Microsoft.VisualStudio.TestTools.UnitTesting.DataAccessMethod, Microsoft.VisualStudio.QualityTools.UnitTestFramework, Version=8.0.0.0, Culture=neutral, PublicKeyToken=b03f5f7f11d50a3a"><value__ type="System.Int32">0</value__></dataAccessMethod><cssProjectStructure type="System.String" /><isRunOnRestart type="System.Boolean">False</isRunOnRestart><timeOut type="System.Int32">0</timeOut><isGroupable type="System.Boolean">True</isGroupable><abortRunOnAgentFailure type="System.Boolean">False</abortRunOnAgentFailure><cssIteration type="System.String" /><workItemIds type="System.Collections.Generic.List`1[[System.Int32, mscorlib, Version=2.0.0.0, Culture=neutral, PublicKeyToken=b77a5c561934e089]]"><_size type="System.Int32">0</_size><_version type="System.Int32">1</_version></workItemIds><id type="Microsoft.VisualStudio.TestTools.Common.TestId"><id type="System.Guid">e4ef216a-0a29-0cdd-f404-2ddc29ba3a6c</id></id><name type="System.String">ySectionsTest</name><description type="System.String" /><enabled type="System.Boolean">True</enabled><owner type="System.String" /><priority type="System.Int32">0</priority><executionId type="Microsoft.VisualStudio.TestTools.Common.TestExecId"><id type="System.Guid">00000000-0000-0000-0000-000000000000</id></executionId><parentExecutId type="Microsoft.VisualStudio.TestTools.Common.TestExecId"><id type="System.Guid">00000000-0000-0000-0000-000000000000</id></parentExecutId><deploymentItems type="Microsoft.VisualStudio.TestTools.Common.DeploymentItemCollection" /><agentAttributes type="System.Collections.Specialized.StringDictionary, System, Version=2.0.0.0, Culture=neutral, PublicKeyToken=b77a5c561934e089" /><storage type="System.String">c:\documents and settings\raymond\my documents\school\imperatiefprogrammeren\impro\implementatie\test\bin\debug\test.dll</storage><projectData type="Microsoft.VisualStudio.TestTools.Common.ProjectData"><id type="System.Guid">1393dab6-31d7-433d-81c0-d2f031a415ce</id><projectName type="System.String">Test</projectName><solutionName type="System.String">Implementatie</solutionName><projectRelativePath type="System.String">Test\Test.csproj</projectRelativePath></projectData><m_nonRunnableReason type="System.String" /></value><key type="Microsoft.VisualStudio.TestTools.Common.TestId"><id type="System.Guid">723fb7b0-6010-7e5f-963b-e38a490f591c</id></key><value type="Microsoft.VisualStudio.TestTools.TestTypes.Unit.UnitTestElement, Microsoft.VisualStudio.QualityTools.Tips.UnitTest.ObjectModel, Version=8.0.0.0, Culture=neutral, PublicKeyToken=b03f5f7f11d50a3a"><codeBase type="System.String">C:\Documents and Settings\Raymond\My Documents\SCHOOL\ImperatiefProgrammeren\IMPRO\Implementatie\Test\bin\Debug\Test.dll</codeBase><adapterTypeName type="System.String">Microsoft.VisualStudio.TestTools.TestTypes.Unit.UnitTestAdapter, Microsoft.VisualStudio.QualityTools.Tips.UnitTest.Adapter, Version=8.0.0.0, Culture=neutral, PublicKeyToken=b03f5f7f11d50a3a</adapterTypeName><testMethod type="Microsoft.VisualStudio.TestTools.TestTypes.Unit.TestMethod, Microsoft.VisualStudio.QualityTools.Tips.UnitTest.ObjectModel, Version=8.0.0.0, Culture=neutral, PublicKeyToken=b03f5f7f11d50a3a"><className type="System.String">Test.SokobanGameTest, Test</className><name type="System.String">containsStateTest</name><expectedExceptionMessage type="System.String" /><isValid type="System.Boolean">False</isValid></testMethod><aspNetDevServers type="System.Collections.Generic.List`1[[Microsoft.VisualStudio.TestTools.Common.AspNetDevelopmentServer, Microsoft.VisualStudio.QualityTools.Common, Version=8.0.0.0, Culture=neutral, PublicKeyToken=b03f5f7f11d50a3a]]"><_size type="System.Int32">0</_size><_version type="System.Int32">0</_version></aspNetDevServers><dataAccessMethod type="Microsoft.VisualStudio.TestTools.UnitTesting.DataAccessMethod, Microsoft.VisualStudio.QualityTools.UnitTestFramework, Version=8.0.0.0, Culture=neutral, PublicKeyToken=b03f5f7f11d50a3a"><value__ type="System.Int32">0</value__></dataAccessMethod><cssProjectStructure type="System.String" /><isRunOnRestart type="System.Boolean">False</isRunOnRestart><timeOut type="System.Int32">0</timeOut><isGroupable type="System.Boolean">True</isGroupable><abortRunOnAgentFailure type="System.Boolean">False</abortRunOnAgentFailure><cssIteration type="System.String" /><workItemIds type="System.Collections.Generic.List`1[[System.Int32, mscorlib, Version=2.0.0.0, Culture=neutral, PublicKeyToken=b77a5c561934e089]]"><_size type="System.Int32">0</_size><_version type="System.Int32">1</_version></workItemIds><id type="Microsoft.VisualStudio.TestTools.Common.TestId"><id type="System.Guid">723fb7b0-6010-7e5f-963b-e38a490f591c</id></id><name type="System.String">containsStateTest</name><description type="System.String" /><enabled type="System.Boolean">True</enabled><owner type="System.String" /><priority type="System.Int32">0</priority><executionId type="Microsoft.VisualStudio.TestTools.Common.TestExecId"><id type="System.Guid">00000000-0000-0000-0000-000000000000</id></executionId><parentExecutId type="Microsoft.VisualStudio.TestTools.Common.TestExecId"><id type="System.Guid">00000000-0000-0000-0000-000000000000</id></parentExecutId><deploymentItems type="Microsoft.VisualStudio.TestTools.Common.DeploymentItemCollection"><m_container type="System.Collections.Hashtable"><key type="Microsoft.VisualStudio.TestTools.Common.DeploymentItem"><path type="System.String">Sokoban.dll</path><outputDirectory type="System.String" /></key><value /></m_container></deploymentItems><agentAttributes type="System.Collections.Specialized.StringDictionary, System, Version=2.0.0.0, Culture=neutral, PublicKeyToken=b77a5c561934e089" /><storage type="System.String">c:\documents and settings\raymond\my documents\school\imperatiefprogrammeren\impro\implementatie\test\bin\debug\test.dll</storage><projectData type="Microsoft.VisualStudio.TestTools.Common.ProjectData"><id type="System.Guid">1393dab6-31d7-433d-81c0-d2f031a415ce</id><projectName type="System.String">Test</projectName><solutionName type="System.String">Implementatie</solutionName><projectRelativePath type="System.String">Test\Test.csproj</projectRelativePath></projectData><m_nonRunnableReason type="System.String" /></value><key type="Microsoft.VisualStudio.TestTools.Common.TestId"><id type="System.Guid">48055395-f1db-b65b-83f7-b3231118e0f0</id></key><value type="Microsoft.VisualStudio.TestTools.TestTypes.Unit.UnitTestElement, Microsoft.VisualStudio.QualityTools.Tips.UnitTest.ObjectModel, Version=8.0.0.0, Culture=neutral, PublicKeyToken=b03f5f7f11d50a3a"><codeBase type="System.String">C:\Documents and Settings\Raymond\My Documents\SCHOOL\ImperatiefProgrammeren\IMPRO\Implementatie\Test\bin\Debug\Test.dll</codeBase><adapterTypeName type="System.String">Microsoft.VisualStudio.TestTools.TestTypes.Unit.UnitTestAdapter, Microsoft.VisualStudio.QualityTools.Tips.UnitTest.Adapter, Version=8.0.0.0, Culture=neutral, PublicKeyToken=b03f5f7f11d50a3a</adapterTypeName><testMethod type="Microsoft.VisualStudio.TestTools.TestTypes.Unit.TestMethod, Microsoft.VisualStudio.QualityTools.Tips.UnitTest.ObjectModel, Version=8.0.0.0, Culture=neutral, PublicKeyToken=b03f5f7f11d50a3a"><className type="System.String">Test.SokobanGameTest, Test</className><name type="System.String">charToDirectionTest</name><expectedExceptionMessage type="System.String" /><isValid type="System.Boolean">False</isValid></testMethod><aspNetDevServers type="System.Collections.Generic.List`1[[Microsoft.VisualStudio.TestTools.Common.AspNetDevelopmentServer, Microsoft.VisualStudio.QualityTools.Common, Version=8.0.0.0, Culture=neutral, PublicKeyToken=b03f5f7f11d50a3a]]"><_size type="System.Int32">0</_size><_version type="System.Int32">0</_version></aspNetDevServers><dataAccessMethod type="Microsoft.VisualStudio.TestTools.UnitTesting.DataAccessMethod, Microsoft.VisualStudio.QualityTools.UnitTestFramework, Version=8.0.0.0, Culture=neutral, PublicKeyToken=b03f5f7f11d50a3a"><value__ type="System.Int32">0</value__></dataAccessMethod><cssProjectStructure type="System.String" /><isRunOnRestart type="System.Boolean">False</isRunOnRestart><timeOut type="System.Int32">0</timeOut><isGroupable type="System.Boolean">True</isGroupable><abortRunOnAgentFailure type="System.Boolean">False</abortRunOnAgentFailure><cssIteration type="System.String" /><workItemIds type="System.Collections.Generic.List`1[[System.Int32, mscorlib, Version=2.0.0.0, Culture=neutral, PublicKeyToken=b77a5c561934e089]]"><_size type="System.Int32">0</_size><_version type="System.Int32">1</_version></workItemIds><id type="Microsoft.VisualStudio.TestTools.Common.TestId"><id type="System.Guid">48055395-f1db-b65b-83f7-b3231118e0f0</id></id><name type="System.String">charToDirectionTest</name><description type="System.String" /><enabled type="System.Boolean">True</enabled><owner type="System.String" /><priority type="System.Int32">0</priority><executionId type="Microsoft.VisualStudio.TestTools.Common.TestExecId"><id type="System.Guid">00000000-0000-0000-0000-000000000000</id></executionId><parentExecutId type="Microsoft.VisualStudio.TestTools.Common.TestExecId"><id type="System.Guid">00000000-0000-0000-0000-000000000000</id></parentExecutId><deploymentItems type="Microsoft.VisualStudio.TestTools.Common.DeploymentItemCollection"><m_container type="System.Collections.Hashtable"><key type="Microsoft.VisualStudio.TestTools.Common.DeploymentItem"><path type="System.String">Sokoban.dll</path><outputDirectory type="System.String" /></key><value /></m_container></deploymentItems><agentAttributes type="System.Collections.Specialized.StringDictionary, System, Version=2.0.0.0, Culture=neutral, PublicKeyToken=b77a5c561934e089" /><storage type="System.String">c:\documents and settings\raymond\my documents\school\imperatiefprogrammeren\impro\implementatie\test\bin\debug\test.dll</storage><projectData type="Microsoft.VisualStudio.TestTools.Common.ProjectData"><id type="System.Guid">1393dab6-31d7-433d-81c0-d2f031a415ce</id><projectName type="System.String">Test</projectName><solutionName type="System.String">Implementatie</solutionName><projectRelativePath type="System.String">Test\Test.csproj</projectRelativePath></projectData><m_nonRunnableReason type="System.String" /></value><key type="Microsoft.VisualStudio.TestTools.Common.TestId"><id type="System.Guid">86929831-8533-630c-4cb7-97d17fe7a0a0</id></key><value type="Microsoft.VisualStudio.TestTools.TestTypes.Unit.UnitTestElement, Microsoft.VisualStudio.QualityTools.Tips.UnitTest.ObjectModel, Version=8.0.0.0, Culture=neutral, PublicKeyToken=b03f5f7f11d50a3a"><codeBase type="System.String">C:\Documents and Settings\Raymond\My Documents\SCHOOL\ImperatiefProgrammeren\IMPRO\Implementatie\Test\bin\Debug\Test.dll</codeBase><adapterTypeName type="System.String">Microsoft.VisualStudio.TestTools.TestTypes.Unit.UnitTestAdapter, Microsoft.VisualStudio.QualityTools.Tips.UnitTest.Adapter, Version=8.0.0.0, Culture=neutral, PublicKeyToken=b03f5f7f11d50a3a</adapterTypeName><testMethod type="Microsoft.VisualStudio.TestTools.TestTypes.Unit.TestMethod, Microsoft.VisualStudio.QualityTools.Tips.UnitTest.ObjectModel, Version=8.0.0.0, Culture=neutral, PublicKeyToken=b03f5f7f11d50a3a"><className type="System.String">Test.GridTest, Test</className><name type="System.String">getElementAtTest</name><expectedExceptionMessage type="System.String" /><isValid type="System.Boolean">False</isValid></testMethod><aspNetDevServers type="System.Collections.Generic.List`1[[Microsoft.VisualStudio.TestTools.Common.AspNetDevelopmentServer, Microsoft.VisualStudio.QualityTools.Common, Version=8.0.0.0, Culture=neutral, PublicKeyToken=b03f5f7f11d50a3a]]"><_size type="System.Int32">0</_size><_version type="System.Int32">0</_version></aspNetDevServers><dataAccessMethod type="Microsoft.VisualStudio.TestTools.UnitTesting.DataAccessMethod, Microsoft.VisualStudio.QualityTools.UnitTestFramework, Version=8.0.0.0, Culture=neutral, PublicKeyToken=b03f5f7f11d50a3a"><value__ type="System.Int32">0</value__></dataAccessMethod><cssProjectStructure type="System.String" /><isRunOnRestart type="System.Boolean">False</isRunOnRestart><timeOut type="System.Int32">0</timeOut><isGroupable type="System.Boolean">True</isGroupable><abortRunOnAgentFailure type="System.Boolean">False</abortRunOnAgentFailure><cssIteration type="System.String" /><workItemIds type="System.Collections.Generic.List`1[[System.Int32, mscorlib, Version=2.0.0.0, Culture=neutral, PublicKeyToken=b77a5c561934e089]]"><_size type="System.Int32">0</_size><_version type="System.Int32">1</_version></workItemIds><id type="Microsoft.VisualStudio.TestTools.Common.TestId"><id type="System.Guid">86929831-8533-630c-4cb7-97d17fe7a0a0</id></id><name type="System.String">getElementAtTest</name><description type="System.String" /><enabled type="System.Boolean">True</enabled><owner type="System.String" /><priority type="System.Int32">0</priority><executionId type="Microsoft.VisualStudio.TestTools.Common.TestExecId"><id type="System.Guid">00000000-0000-0000-0000-000000000000</id></executionId><parentExecutId type="Microsoft.VisualStudio.TestTools.Common.TestExecId"><id type="System.Guid">00000000-0000-0000-0000-000000000000</id></parentExecutId><deploymentItems type="Microsoft.VisualStudio.TestTools.Common.DeploymentItemCollection" /><agentAttributes type="System.Collections.Specialized.StringDictionary, System, Version=2.0.0.0, Culture=neutral, PublicKeyToken=b77a5c561934e089" /><storage type="System.String">c:\documents and settings\raymond\my documents\school\imperatiefprogrammeren\impro\implementatie\test\bin\debug\test.dll</storage><projectData type="Microsoft.VisualStudio.TestTools.Common.ProjectData"><id type="System.Guid">1393dab6-31d7-433d-81c0-d2f031a415ce</id><projectName type="System.String">Test</projectName><solutionName type="System.String">Implementatie</solutionName><projectRelativePath type="System.String">Test\Test.csproj</projectRelativePath></projectData><m_nonRunnableReason type="System.String" /></value><key type="Microsoft.VisualStudio.TestTools.Common.TestId"><id type="System.Guid">7ec1aae1-bcc5-2d09-2bc0-f1436c253ed1</id></key><value type="Microsoft.VisualStudio.TestTools.TestTypes.Unit.UnitTestElement, Microsoft.VisualStudio.QualityTools.Tips.UnitTest.ObjectModel, Version=8.0.0.0, Culture=neutral, PublicKeyToken=b03f5f7f11d50a3a"><codeBase type="System.String">C:\Documents and Settings\Raymond\My Documents\SCHOOL\ImperatiefProgrammeren\IMPRO\Implementatie\Test\bin\Debug\Test.dll</codeBase><adapterTypeName type="System.String">Microsoft.VisualStudio.TestTools.TestTypes.Unit.UnitTestAdapter, Microsoft.VisualStudio.QualityTools.Tips.UnitTest.Adapter, Version=8.0.0.0, Culture=neutral, PublicKeyToken=b03f5f7f11d50a3a</adapterTypeName><testMethod type="Microsoft.VisualStudio.TestTools.TestTypes.Unit.TestMethod, Microsoft.VisualStudio.QualityTools.Tips.UnitTest.ObjectModel, Version=8.0.0.0, Culture=neutral, PublicKeyToken=b03f5f7f11d50a3a"><className type="System.String">Test.SokobanGameTest, Test</className><name type="System.String">applyStateTest</name><expectedExceptionMessage type="System.String" /><isValid type="System.Boolean">False</isValid></testMethod><aspNetDevServers type="System.Collections.Generic.List`1[[Microsoft.VisualStudio.TestTools.Common.AspNetDevelopmentServer, Microsoft.VisualStudio.QualityTools.Common, Version=8.0.0.0, Culture=neutral, PublicKeyToken=b03f5f7f11d50a3a]]"><_size type="System.Int32">0</_size><_version type="System.Int32">0</_version></aspNetDevServers><dataAccessMethod type="Microsoft.VisualStudio.TestTools.UnitTesting.DataAccessMethod, Microsoft.VisualStudio.QualityTools.UnitTestFramework, Version=8.0.0.0, Culture=neutral, PublicKeyToken=b03f5f7f11d50a3a"><value__ type="System.Int32">0</value__></dataAccessMethod><cssProjectStructure type="System.String" /><isRunOnRestart type="System.Boolean">False</isRunOnRestart><timeOut type="System.Int32">0</timeOut><isGroupable type="System.Boolean">True</isGroupable><abortRunOnAgentFailure type="System.Boolean">False</abortRunOnAgentFailure><cssIteration type="System.String" /><workItemIds type="System.Collections.Generic.List`1[[System.Int32, mscorlib, Version=2.0.0.0, Culture=neutral, PublicKeyToken=b77a5c561934e089]]"><_size type="System.Int32">0</_size><_version type="System.Int32">1</_version></workItemIds><id type="Microsoft.VisualStudio.TestTools.Common.TestId"><id type="System.Guid">7ec1aae1-bcc5-2d09-2bc0-f1436c253ed1</id></id><name type="System.String">applyStateTest</name><description type="System.String" /><enabled type="System.Boolean">True</enabled><owner type="System.String" /><priority type="System.Int32">0</priority><executionId type="Microsoft.VisualStudio.TestTools.Common.TestExecId"><id type="System.Guid">00000000-0000-0000-0000-000000000000</id></executionId><parentExecutId type="Microsoft.VisualStudio.TestTools.Common.TestExecId"><id type="System.Guid">00000000-0000-0000-0000-000000000000</id></parentExecutId><deploymentItems type="Microsoft.VisualStudio.TestTools.Common.DeploymentItemCollection"><m_container type="System.Collections.Hashtable"><key type="Microsoft.VisualStudio.TestTools.Common.DeploymentItem"><path type="System.String">Sokoban.dll</path><outputDirectory type="System.String" /></key><value /></m_container></deploymentItems><agentAttributes type="System.Collections.Specialized.StringDictionary, System, Version=2.0.0.0, Culture=neutral, PublicKeyToken=b77a5c561934e089" /><storage type="System.String">c:\documents and settings\raymond\my documents\school\imperatiefprogrammeren\impro\implementatie\test\bin\debug\test.dll</storage><projectData type="Microsoft.VisualStudio.TestTools.Common.ProjectData"><id type="System.Guid">1393dab6-31d7-433d-81c0-d2f031a415ce</id><projectName type="System.String">Test</projectName><solutionName type="System.String">Implementatie</solutionName><projectRelativePath type="System.String">Test\Test.csproj</projectRelativePath></projectData><m_nonRunnableReason type="System.String" /></value><key type="Microsoft.VisualStudio.TestTools.Common.TestId"><id type="System.Guid">4260dc51-04f3-2305-4590-b79a6b3c927a</id></key><value type="Microsoft.VisualStudio.TestTools.TestTypes.Unit.UnitTestElement, Microsoft.VisualStudio.QualityTools.Tips.UnitTest.ObjectModel, Version=8.0.0.0, Culture=neutral, PublicKeyToken=b03f5f7f11d50a3a"><codeBase type="System.String">C:\Documents and Settings\Raymond\My Documents\SCHOOL\ImperatiefProgrammeren\IMPRO\Implementatie\Test\bin\Debug\Test.dll</codeBase><adapterTypeName type="System.String">Microsoft.VisualStudio.TestTools.TestTypes.Unit.UnitTestAdapter, Microsoft.VisualStudio.QualityTools.Tips.UnitTest.Adapter, Version=8.0.0.0, Culture=neutral, PublicKeyToken=b03f5f7f11d50a3a</adapterTypeName><testMethod type="Microsoft.VisualStudio.TestTools.TestTypes.Unit.TestMethod, Microsoft.VisualStudio.QualityTools.Tips.UnitTest.ObjectModel, Version=8.0.0.0, Culture=neutral, PublicKeyToken=b03f5f7f11d50a3a"><className type="System.String">Test.SokobanGameTest, Test</className><name type="System.String">solveTest</name><expectedExceptionMessage type="System.String" /><isValid type="System.Boolean">False</isValid></testMethod><aspNetDevServers type="System.Collections.Generic.List`1[[Microsoft.VisualStudio.TestTools.Common.AspNetDevelopmentServer, Microsoft.VisualStudio.QualityTools.Common, Version=8.0.0.0, Culture=neutral, PublicKeyToken=b03f5f7f11d50a3a]]"><_size type="System.Int32">0</_size><_version type="System.Int32">0</_version></aspNetDevServers><dataAccessMethod type="Microsoft.VisualStudio.TestTools.UnitTesting.DataAccessMethod, Microsoft.VisualStudio.QualityTools.UnitTestFramework, Version=8.0.0.0, Culture=neutral, PublicKeyToken=b03f5f7f11d50a3a"><value__ type="System.Int32">0</value__></dataAccessMethod><cssProjectStructure type="System.String" /><isRunOnRestart type="System.Boolean">False</isRunOnRestart><timeOut type="System.Int32">0</timeOut><isGroupable type="System.Boolean">True</isGroupable><abortRunOnAgentFailure type="System.Boolean">False</abortRunOnAgentFailure><cssIteration type="System.String" /><workItemIds type="System.Collections.Generic.List`1[[System.Int32, mscorlib, Version=2.0.0.0, Culture=neutral, PublicKeyToken=b77a5c561934e089]]"><_size type="System.Int32">0</_size><_version type="System.Int32">1</_version></workItemIds><id type="Microsoft.VisualStudio.TestTools.Common.TestId"><id type="System.Guid">4260dc51-04f3-2305-4590-b79a6b3c927a</id></id><name type="System.String">solveTest</name><description type="System.String" /><enabled type="System.Boolean">True</enabled><owner type="System.String" /><priority type="System.Int32">0</priority><executionId type="Microsoft.VisualStudio.TestTools.Common.TestExecId"><id type="System.Guid">00000000-0000-0000-0000-000000000000</id></executionId><parentExecutId type="Microsoft.VisualStudio.TestTools.Common.TestExecId"><id type="System.Guid">00000000-0000-0000-0000-000000000000</id></parentExecutId><deploymentItems type="Microsoft.VisualStudio.TestTools.Common.DeploymentItemCollection" /><agentAttributes type="System.Collections.Specialized.StringDictionary, System, Version=2.0.0.0, Culture=neutral, PublicKeyToken=b77a5c561934e089" /><storage type="System.String">c:\documents and settings\raymond\my documents\school\imperatiefprogrammeren\impro\implementatie\test\bin\debug\test.dll</storage><projectData type="Microsoft.VisualStudio.TestTools.Common.ProjectData"><id type="System.Guid">1393dab6-31d7-433d-81c0-d2f031a415ce</id><projectName type="System.String">Test</projectName><solutionName type="System.String">Implementatie</solutionName><projectRelativePath type="System.String">Test\Test.csproj</projectRelativePath></projectData><m_nonRunnableReason type="System.String" /></value><key type="Microsoft.VisualStudio.TestTools.Common.TestId"><id type="System.Guid">4d723b81-bd2c-0eaf-654e-9d9f09ba005d</id></key><value type="Microsoft.VisualStudio.TestTools.TestTypes.Unit.UnitTestElement, Microsoft.VisualStudio.QualityTools.Tips.UnitTest.ObjectModel, Version=8.0.0.0, Culture=neutral, PublicKeyToken=b03f5f7f11d50a3a"><codeBase type="System.String">C:\Documents and Settings\Raymond\My Documents\SCHOOL\ImperatiefProgrammeren\IMPRO\Implementatie\Test\bin\Debug\Test.dll</codeBase><adapterTypeName type="System.String">Microsoft.VisualStudio.TestTools.TestTypes.Unit.UnitTestAdapter, Microsoft.VisualStudio.QualityTools.Tips.UnitTest.Adapter, Version=8.0.0.0, Culture=neutral, PublicKeyToken=b03f5f7f11d50a3a</adapterTypeName><testMethod type="Microsoft.VisualStudio.TestTools.TestTypes.Unit.TestMethod, Microsoft.VisualStudio.QualityTools.Tips.UnitTest.ObjectModel, Version=8.0.0.0, Culture=neutral, PublicKeyToken=b03f5f7f11d50a3a"><className type="System.String">Test.SokobanGameTest, Test</className><name type="System.String">saveGameTest</name><expectedExceptionMessage type="System.String" /><isValid type="System.Boolean">False</isValid></testMethod><aspNetDevServers type="System.Collections.Generic.List`1[[Microsoft.VisualStudio.TestTools.Common.AspNetDevelopmentServer, Microsoft.VisualStudio.QualityTools.Common, Version=8.0.0.0, Culture=neutral, PublicKeyToken=b03f5f7f11d50a3a]]"><_size type="System.Int32">0</_size><_version type="System.Int32">0</_version></aspNetDevServers><dataAccessMethod type="Microsoft.VisualStudio.TestTools.UnitTesting.DataAccessMethod, Microsoft.VisualStudio.QualityTools.UnitTestFramework, Version=8.0.0.0, Culture=neutral, PublicKeyToken=b03f5f7f11d50a3a"><value__ type="System.Int32">0</value__></dataAccessMethod><cssProjectStructure type="System.String" /><isRunOnRestart type="System.Boolean">False</isRunOnRestart><timeOut type="System.Int32">0</timeOut><isGroupable type="System.Boolean">True</isGroupable><abortRunOnAgentFailure type="System.Boolean">False</abortRunOnAgentFailure><cssIteration type="System.String" /><workItemIds type="System.Collections.Generic.List`1[[System.Int32, mscorlib, Version=2.0.0.0, Culture=neutral, PublicKeyToken=b77a5c561934e089]]"><_size type="System.Int32">0</_size><_version type="System.Int32">1</_version></workItemIds><id type="Microsoft.VisualStudio.TestTools.Common.TestId"><id type="System.Guid">4d723b81-bd2c-0eaf-654e-9d9f09ba005d</id></id><name type="System.String">saveGameTest</name><description type="System.String" /><enabled type="System.Boolean">True</enabled><owner type="System.String" /><priority type="System.Int32">0</priority><executionId type="Microsoft.VisualStudio.TestTools.Common.TestExecId"><id type="System.Guid">00000000-0000-0000-0000-000000000000</id></executionId><parentExecutId type="Microsoft.VisualStudio.TestTools.Common.TestExecId"><id type="System.Guid">00000000-0000-0000-0000-000000000000</id></parentExecutId><deploymentItems type="Microsoft.VisualStudio.TestTools.Common.DeploymentItemCollection" /><agentAttributes type="System.Collections.Specialized.StringDictionary, System, Version=2.0.0.0, Culture=neutral, PublicKeyToken=b77a5c561934e089" /><storage type="System.String">c:\documents and settings\raymond\my documents\school\imperatiefprogrammeren\impro\implementatie\test\bin\debug\test.dll</storage><projectData type="Microsoft.VisualStudio.TestTools.Common.ProjectData"><id type="System.Guid">1393dab6-31d7-433d-81c0-d2f031a415ce</id><projectName type="System.String">Test</projectName><solutionName type="System.String">Implementatie</solutionName><projectRelativePath type="System.String">Test\Test.csproj</projectRelativePath></projectData><m_nonRunnableReason type="System.String" /></value><key type="Microsoft.VisualStudio.TestTools.Common.TestId"><id type="System.Guid">0f951b59-df0d-6b96-453d-25c75d494558</id></key><value type="Microsoft.VisualStudio.TestTools.TestTypes.Unit.UnitTestElement, Microsoft.VisualStudio.QualityTools.Tips.UnitTest.ObjectModel, Version=8.0.0.0, Culture=neutral, PublicKeyToken=b03f5f7f11d50a3a"><codeBase type="System.String">C:\Documents and Settings\Raymond\My Documents\SCHOOL\ImperatiefProgrammeren\IMPRO\Implementatie\Test\bin\Debug\Test.dll</codeBase><adapterTypeName type="System.String">Microsoft.VisualStudio.TestTools.TestTypes.Unit.UnitTestAdapter, Microsoft.VisualStudio.QualityTools.Tips.UnitTest.Adapter, Version=8.0.0.0, Culture=neutral, PublicKeyToken=b03f5f7f11d50a3a</adapterTypeName><testMethod type="Microsoft.VisualStudio.TestTools.TestTypes.Unit.TestMethod, Microsoft.VisualStudio.QualityTools.Tips.UnitTest.ObjectModel, Version=8.0.0.0, Culture=neutral, PublicKeyToken=b03f5f7f11d50a3a"><className type="System.String">Test.SokobanGameTest, Test</className><name type="System.String">widthTest</name><expectedExceptionMessage type="System.String" /><isValid type="System.Boolean">False</isValid></testMethod><aspNetDevServers type="System.Collections.Generic.List`1[[Microsoft.VisualStudio.TestTools.Common.AspNetDevelopmentServer, Microsoft.VisualStudio.QualityTools.Common, Version=8.0.0.0, Culture=neutral, PublicKeyToken=b03f5f7f11d50a3a]]"><_size type="System.Int32">0</_size><_version type="System.Int32">0</_version></aspNetDevServers><dataAccessMethod type="Microsoft.VisualStudio.TestTools.UnitTesting.DataAccessMethod, Microsoft.VisualStudio.QualityTools.UnitTestFramework, Version=8.0.0.0, Culture=neutral, PublicKeyToken=b03f5f7f11d50a3a"><value__ type="System.Int32">0</value__></dataAccessMethod><cssProjectStructure type="System.String" /><isRunOnRestart type="System.Boolean">False</isRunOnRestart><timeOut type="System.Int32">0</timeOut><isGroupable type="System.Boolean">True</isGroupable><abortRunOnAgentFailure type="System.Boolean">False</abortRunOnAgentFailure><cssIteration type="System.String" /><workItemIds type="System.Collections.Generic.List`1[[System.Int32, mscorlib, Version=2.0.0.0, Culture=neutral, PublicKeyToken=b77a5c561934e089]]"><_size type="System.Int32">0</_size><_version type="System.Int32">1</_version></workItemIds><id type="Microsoft.VisualStudio.TestTools.Common.TestId"><id type="System.Guid">0f951b59-df0d-6b96-453d-25c75d494558</id></id><name type="System.String">widthTest</name><description type="System.String" /><enabled type="System.Boolean">True</enabled><owner type="System.String" /><priority type="System.Int32">0</priority><executionId type="Microsoft.VisualStudio.TestTools.Common.TestExecId"><id type="System.Guid">00000000-0000-0000-0000-000000000000</id></executionId><parentExecutId type="Microsoft.VisualStudio.TestTools.Common.TestExecId"><id type="System.Guid">00000000-0000-0000-0000-000000000000</id></parentExecutId><deploymentItems type="Microsoft.VisualStudio.TestTools.Common.DeploymentItemCollection" /><agentAttributes type="System.Collections.Specialized.StringDictionary, System, Version=2.0.0.0, Culture=neutral, PublicKeyToken=b77a5c561934e089" /><storage type="System.String">c:\documents and settings\raymond\my documents\school\imperatiefprogrammeren\impro\implementatie\test\bin\debug\test.dll</storage><projectData type="Microsoft.VisualStudio.TestTools.Common.ProjectData"><id type="System.Guid">1393dab6-31d7-433d-81c0-d2f031a415ce</id><projectName type="System.String">Test</projectName><solutionName type="System.String">Implementatie</solutionName><projectRelativePath type="System.String">Test\Test.csproj</projectRelativePath></projectData><m_nonRunnableReason type="System.String" /></value><key type="Microsoft.VisualStudio.TestTools.Common.TestId"><id type="System.Guid">65e7923a-66c7-e957-ebf3-eb61a92c6f20</id></key><value type="Microsoft.VisualStudio.TestTools.TestTypes.Unit.UnitTestElement, Microsoft.VisualStudio.QualityTools.Tips.UnitTest.ObjectModel, Version=8.0.0.0, Culture=neutral, PublicKeyToken=b03f5f7f11d50a3a"><codeBase type="System.String">C:\Documents and Settings\Raymond\My Documents\SCHOOL\ImperatiefProgrammeren\IMPRO\Implementatie\Test\bin\Debug\Test.dll</codeBase><adapterTypeName type="System.String">Microsoft.VisualStudio.TestTools.TestTypes.Unit.UnitTestAdapter, Microsoft.VisualStudio.QualityTools.Tips.UnitTest.Adapter, Version=8.0.0.0, Culture=neutral, PublicKeyToken=b03f5f7f11d50a3a</adapterTypeName><testMethod type="Microsoft.VisualStudio.TestTools.TestTypes.Unit.TestMethod, Microsoft.VisualStudio.QualityTools.Tips.UnitTest.ObjectModel, Version=8.0.0.0, Culture=neutral, PublicKeyToken=b03f5f7f11d50a3a"><className type="System.String">Test.GridTest, Test</className><name type="System.String">ConstructorTest</name><expectedExceptionMessage type="System.String" /><isValid type="System.Boolean">False</isValid></testMethod><aspNetDevServers type="System.Collections.Generic.List`1[[Microsoft.VisualStudio.TestTools.Common.AspNetDevelopmentServer, Microsoft.VisualStudio.QualityTools.Common, Version=8.0.0.0, Culture=neutral, PublicKeyToken=b03f5f7f11d50a3a]]"><_size type="System.Int32">0</_size><_version type="System.Int32">0</_version></aspNetDevServers><dataAccessMethod type="Microsoft.VisualStudio.TestTools.UnitTesting.DataAccessMethod, Microsoft.VisualStudio.QualityTools.UnitTestFramework, Version=8.0.0.0, Culture=neutral, PublicKeyToken=b03f5f7f11d50a3a"><value__ type="System.Int32">0</value__></dataAccessMethod><cssProjectStructure type="System.String" /><isRunOnRestart type="System.Boolean">False</isRunOnRestart><timeOut type="System.Int32">0</timeOut><isGroupable type="System.Boolean">True</isGroupable><abortRunOnAgentFailure type="System.Boolean">False</abortRunOnAgentFailure><cssIteration type="System.String" /><workItemIds type="System.Collections.Generic.List`1[[System.Int32, mscorlib, Version=2.0.0.0, Culture=neutral, PublicKeyToken=b77a5c561934e089]]"><_size type="System.Int32">0</_size><_version type="System.Int32">1</_version></workItemIds><id type="Microsoft.VisualStudio.TestTools.Common.TestId"><id type="System.Guid">65e7923a-66c7-e957-ebf3-eb61a92c6f20</id></id><name type="System.String">ConstructorTest</name><description type="System.String" /><enabled type="System.Boolean">True</enabled><owner type="System.String" /><priority type="System.Int32">0</priority><executionId type="Microsoft.VisualStudio.TestTools.Common.TestExecId"><id type="System.Guid">00000000-0000-0000-0000-000000000000</id></executionId><parentExecutId type="Microsoft.VisualStudio.TestTools.Common.TestExecId"><id type="System.Guid">00000000-0000-0000-0000-000000000000</id></parentExecutId><deploymentItems type="Microsoft.VisualStudio.TestTools.Common.DeploymentItemCollection" /><agentAttributes type="System.Collections.Specialized.StringDictionary, System, Version=2.0.0.0, Culture=neutral, PublicKeyToken=b77a5c561934e089" /><storage type="System.String">c:\documents and settings\raymond\my documents\school\imperatiefprogrammeren\impro\implementatie\test\bin\debug\test.dll</storage><projectData type="Microsoft.VisualStudio.TestTools.Common.ProjectData"><id type="System.Guid">1393dab6-31d7-433d-81c0-d2f031a415ce</id><projectName type="System.String">Test</projectName><solutionName type="System.String">Implementatie</solutionName><projectRelativePath type="System.String">Test\Test.csproj</projectRelativePath></projectData><m_nonRunnableReason type="System.String" /></value><key type="Microsoft.VisualStudio.TestTools.Common.TestId"><id type="System.Guid">b65e8f30-2c4a-c5a1-1de2-cb0ba93e9d82</id></key><value type="Microsoft.VisualStudio.TestTools.TestTypes.Unit.UnitTestElement, Microsoft.VisualStudio.QualityTools.Tips.UnitTest.ObjectModel, Version=8.0.0.0, Culture=neutral, PublicKeyToken=b03f5f7f11d50a3a"><codeBase type="System.String">C:\Documents and Settings\Raymond\My Documents\SCHOOL\ImperatiefProgrammeren\IMPRO\Implementatie\Test\bin\Debug\Test.dll</codeBase><adapterTypeName type="System.String">Microsoft.VisualStudio.TestTools.TestTypes.Unit.UnitTestAdapter, Microsoft.VisualStudio.QualityTools.Tips.UnitTest.Adapter, Version=8.0.0.0, Culture=neutral, PublicKeyToken=b03f5f7f11d50a3a</adapterTypeName><testMethod type="Microsoft.VisualStudio.TestTools.TestTypes.Unit.TestMethod, Microsoft.VisualStudio.QualityTools.Tips.UnitTest.ObjectModel, Version=8.0.0.0, Culture=neutral, PublicKeyToken=b03f5f7f11d50a3a"><className type="System.String">Test.GridTest, Test</className><name type="System.String">elementsTest</name><expectedExceptionMessage type="System.String" /><isValid type="System.Boolean">False</isValid></testMethod><aspNetDevServers type="System.Collections.Generic.List`1[[Microsoft.VisualStudio.TestTools.Common.AspNetDevelopmentServer, Microsoft.VisualStudio.QualityTools.Common, Version=8.0.0.0, Culture=neutral, PublicKeyToken=b03f5f7f11d50a3a]]"><_size type="System.Int32">0</_size><_version type="System.Int32">0</_version></aspNetDevServers><dataAccessMethod type="Microsoft.VisualStudio.TestTools.UnitTesting.DataAccessMethod, Microsoft.VisualStudio.QualityTools.UnitTestFramework, Version=8.0.0.0, Culture=neutral, PublicKeyToken=b03f5f7f11d50a3a"><value__ type="System.Int32">0</value__></dataAccessMethod><cssProjectStructure type="System.String" /><isRunOnRestart type="System.Boolean">False</isRunOnRestart><timeOut type="System.Int32">0</timeOut><isGroupable type="System.Boolean">True</isGroupable><abortRunOnAgentFailure type="System.Boolean">False</abortRunOnAgentFailure><cssIteration type="System.String" /><workItemIds type="System.Collections.Generic.List`1[[System.Int32, mscorlib, Version=2.0.0.0, Culture=neutral, PublicKeyToken=b77a5c561934e089]]"><_size type="System.Int32">0</_size><_version type="System.Int32">1</_version></workItemIds><id type="Microsoft.VisualStudio.TestTools.Common.TestId"><id type="System.Guid">b65e8f30-2c4a-c5a1-1de2-cb0ba93e9d82</id></id><name type="System.String">elementsTest</name><description type="System.String" /><enabled type="System.Boolean">True</enabled><owner type="System.String" /><priority type="System.Int32">0</priority><executionId type="Microsoft.VisualStudio.TestTools.Common.TestExecId"><id type="System.Guid">00000000-0000-0000-0000-000000000000</id></executionId><parentExecutId type="Microsoft.VisualStudio.TestTools.Common.TestExecId"><id type="System.Guid">00000000-0000-0000-0000-000000000000</id></parentExecutId><deploymentItems type="Microsoft.VisualStudio.TestTools.Common.DeploymentItemCollection" /><agentAttributes type="System.Collections.Specialized.StringDictionary, System, Version=2.0.0.0, Culture=neutral, PublicKeyToken=b77a5c561934e089" /><storage type="System.String">c:\documents and settings\raymond\my documents\school\imperatiefprogrammeren\impro\implementatie\test\bin\debug\test.dll</storage><projectData type="Microsoft.VisualStudio.TestTools.Common.ProjectData"><id type="System.Guid">1393dab6-31d7-433d-81c0-d2f031a415ce</id><projectName type="System.String">Test</projectName><solutionName type="System.String">Implementatie</solutionName><projectRelativePath type="System.String">Test\Test.csproj</projectRelativePath></projectData><m_nonRunnableReason type="System.String" /></value><key type="Microsoft.VisualStudio.TestTools.Common.TestId"><id type="System.Guid">46fb74d3-ad73-b3d5-a7f7-c60c3351f636</id></key><value type="Microsoft.VisualStudio.TestTools.TestTypes.Unit.UnitTestElement, Microsoft.VisualStudio.QualityTools.Tips.UnitTest.ObjectModel, Version=8.0.0.0, Culture=neutral, PublicKeyToken=b03f5f7f11d50a3a"><codeBase type="System.String">C:\Documents and Settings\Raymond\My Documents\SCHOOL\ImperatiefProgrammeren\IMPRO\Implementatie\Test\bin\Debug\Test.dll</codeBase><adapterTypeName type="System.String">Microsoft.VisualStudio.TestTools.TestTypes.Unit.UnitTestAdapter, Microsoft.VisualStudio.QualityTools.Tips.UnitTest.Adapter, Version=8.0.0.0, Culture=neutral, PublicKeyToken=b03f5f7f11d50a3a</adapterTypeName><testMethod type="Microsoft.VisualStudio.TestTools.TestTypes.Unit.TestMethod, Microsoft.VisualStudio.QualityTools.Tips.UnitTest.ObjectModel, Version=8.0.0.0, Culture=neutral, PublicKeyToken=b03f5f7f11d50a3a"><className type="System.String">Test.GridTest, Test</className><name type="System.String">getContainerAtTest</name><expectedExceptionMessage type="System.String" /><isValid type="System.Boolean">False</isValid></testMethod><aspNetDevServers type="System.Collections.Generic.List`1[[Microsoft.VisualStudio.TestTools.Common.AspNetDevelopmentServer, Microsoft.VisualStudio.QualityTools.Common, Version=8.0.0.0, Culture=neutral, PublicKeyToken=b03f5f7f11d50a3a]]"><_size type="System.Int32">0</_size><_version type="System.Int32">0</_version></aspNetDevServers><dataAccessMethod type="Microsoft.VisualStudio.TestTools.UnitTesting.DataAccessMethod, Microsoft.VisualStudio.QualityTools.UnitTestFramework, Version=8.0.0.0, Culture=neutral, PublicKeyToken=b03f5f7f11d50a3a"><value__ type="System.Int32">0</value__></dataAccessMethod><cssProjectStructure type="System.String" /><isRunOnRestart type="System.Boolean">False</isRunOnRestart><timeOut type="System.Int32">0</timeOut><isGroupable type="System.Boolean">True</isGroupable><abortRunOnAgentFailure type="System.Boolean">False</abortRunOnAgentFailure><cssIteration type="System.String" /><workItemIds type="System.Collections.Generic.List`1[[System.Int32, mscorlib, Version=2.0.0.0, Culture=neutral, PublicKeyToken=b77a5c561934e089]]"><_size type="System.Int32">0</_size><_version type="System.Int32">1</_version></workItemIds><id type="Microsoft.VisualStudio.TestTools.Common.TestId"><id type="System.Guid">46fb74d3-ad73-b3d5-a7f7-c60c3351f636</id></id><name type="System.String">getContainerAtTest</name><description type="System.String" /><enabled type="System.Boolean">True</enabled><owner type="System.String" /><priority type="System.Int32">0</priority><executionId type="Microsoft.VisualStudio.TestTools.Common.TestExecId"><id type="System.Guid">00000000-0000-0000-0000-000000000000</id></executionId><parentExecutId type="Microsoft.VisualStudio.TestTools.Common.TestExecId"><id type="System.Guid">00000000-0000-0000-0000-000000000000</id></parentExecutId><deploymentItems type="Microsoft.VisualStudio.TestTools.Common.DeploymentItemCollection" /><agentAttributes type="System.Collections.Specialized.StringDictionary, System, Version=2.0.0.0, Culture=neutral, PublicKeyToken=b77a5c561934e089" /><storage type="System.String">c:\documents and settings\raymond\my documents\school\imperatiefprogrammeren\impro\implementatie\test\bin\debug\test.dll</storage><projectData type="Microsoft.VisualStudio.TestTools.Common.ProjectData"><id type="System.Guid">1393dab6-31d7-433d-81c0-d2f031a415ce</id><projectName type="System.String">Test</projectName><solutionName type="System.String">Implementatie</solutionName><projectRelativePath type="System.String">Test\Test.csproj</projectRelativePath></projectData><m_nonRunnableReason type="System.String" /></value><key type="Microsoft.VisualStudio.TestTools.Common.TestId"><id type="System.Guid">7be2df34-bf26-0179-3152-26b9532de27d</id></key><value type="Microsoft.VisualStudio.TestTools.TestTypes.Unit.UnitTestElement, Microsoft.VisualStudio.QualityTools.Tips.UnitTest.ObjectModel, Version=8.0.0.0, Culture=neutral, PublicKeyToken=b03f5f7f11d50a3a"><codeBase type="System.String">C:\Documents and Settings\Raymond\My Documents\SCHOOL\ImperatiefProgrammeren\IMPRO\Implementatie\Test\bin\Debug\Test.dll</codeBase><adapterTypeName type="System.String">Microsoft.VisualStudio.TestTools.TestTypes.Unit.UnitTestAdapter, Microsoft.VisualStudio.QualityTools.Tips.UnitTest.Adapter, Version=8.0.0.0, Culture=neutral, PublicKeyToken=b03f5f7f11d50a3a</adapterTypeName><testMethod type="Microsoft.VisualStudio.TestTools.TestTypes.Unit.TestMethod, Microsoft.VisualStudio.QualityTools.Tips.UnitTest.ObjectModel, Version=8.0.0.0, Culture=neutral, PublicKeyToken=b03f5f7f11d50a3a"><className type="System.String">Test.GridTest, Test</className><name type="System.String">locationToIndexTest</name><expectedExceptionMessage type="System.String" /><isValid type="System.Boolean">False</isValid></testMethod><aspNetDevServers type="System.Collections.Generic.List`1[[Microsoft.VisualStudio.TestTools.Common.AspNetDevelopmentServer, Microsoft.VisualStudio.QualityTools.Common, Version=8.0.0.0, Culture=neutral, PublicKeyToken=b03f5f7f11d50a3a]]"><_size type="System.Int32">0</_size><_version type="System.Int32">0</_version></aspNetDevServers><dataAccessMethod type="Microsoft.VisualStudio.TestTools.UnitTesting.DataAccessMethod, Microsoft.VisualStudio.QualityTools.UnitTestFramework, Version=8.0.0.0, Culture=neutral, PublicKeyToken=b03f5f7f11d50a3a"><value__ type="System.Int32">0</value__></dataAccessMethod><cssProjectStructure type="System.String" /><isRunOnRestart type="System.Boolean">False</isRunOnRestart><timeOut type="System.Int32">0</timeOut><isGroupable type="System.Boolean">True</isGroupable><abortRunOnAgentFailure type="System.Boolean">False</abortRunOnAgentFailure><cssIteration type="System.String" /><workItemIds type="System.Collections.Generic.List`1[[System.Int32, mscorlib, Version=2.0.0.0, Culture=neutral, PublicKeyToken=b77a5c561934e089]]"><_size type="System.Int32">0</_size><_version type="System.Int32">1</_version></workItemIds><id type="Microsoft.VisualStudio.TestTools.Common.TestId"><id type="System.Guid">7be2df34-bf26-0179-3152-26b9532de27d</id></id><name type="System.String">locationToIndexTest</name><description type="System.String" /><enabled type="System.Boolean">True</enabled><owner type="System.String" /><priority type="System.Int32">0</priority><executionId type="Microsoft.VisualStudio.TestTools.Common.TestExecId"><id type="System.Guid">00000000-0000-0000-0000-000000000000</id></executionId><parentExecutId type="Microsoft.VisualStudio.TestTools.Common.TestExecId"><id type="System.Guid">00000000-0000-0000-0000-000000000000</id></parentExecutId><deploymentItems type="Microsoft.VisualStudio.TestTools.Common.DeploymentItemCollection" /><agentAttributes type="System.Collections.Specialized.StringDictionary, System, Version=2.0.0.0, Culture=neutral, PublicKeyToken=b77a5c561934e089" /><storage type="System.String">c:\documents and settings\raymond\my documents\school\imperatiefprogrammeren\impro\implementatie\test\bin\debug\test.dll</storage><projectData type="Microsoft.VisualStudio.TestTools.Common.ProjectData"><id type="System.Guid">1393dab6-31d7-433d-81c0-d2f031a415ce</id><projectName type="System.String">Test</projectName><solutionName type="System.String">Implementatie</solutionName><projectRelativePath type="System.String">Test\Test.csproj</projectRelativePath></projectData><m_nonRunnableReason type="System.String" /></value><key type="Microsoft.VisualStudio.TestTools.Common.TestId"><id type="System.Guid">60489149-8ede-ea23-9570-ebf3878e8d35</id></key><value type="Microsoft.VisualStudio.TestTools.TestTypes.Unit.UnitTestElement, Microsoft.VisualStudio.QualityTools.Tips.UnitTest.ObjectModel, Version=8.0.0.0, Culture=neutral, PublicKeyToken=b03f5f7f11d50a3a"><codeBase type="System.String">C:\Documents and Settings\Raymond\My Documents\SCHOOL\ImperatiefProgrammeren\IMPRO\Implementatie\Test\bin\Debug\Test.dll</codeBase><adapterTypeName type="System.String">Microsoft.VisualStudio.TestTools.TestTypes.Unit.UnitTestAdapter, Microsoft.VisualStudio.QualityTools.Tips.UnitTest.Adapter, Version=8.0.0.0, Culture=neutral, PublicKeyToken=b03f5f7f11d50a3a</adapterTypeName><testMethod type="Microsoft.VisualStudio.TestTools.TestTypes.Unit.TestMethod, Microsoft.VisualStudio.QualityTools.Tips.UnitTest.ObjectModel, Version=8.0.0.0, Culture=neutral, PublicKeyToken=b03f5f7f11d50a3a"><className type="System.String">Test.SokobanGameTest, Test</className><name type="System.String">addStateTest</name><expectedExceptionMessage type="System.String" /><isValid type="System.Boolean">False</isValid></testMethod><aspNetDevServers type="System.Collections.Generic.List`1[[Microsoft.VisualStudio.TestTools.Common.AspNetDevelopmentServer, Microsoft.VisualStudio.QualityTools.Common, Version=8.0.0.0, Culture=neutral, PublicKeyToken=b03f5f7f11d50a3a]]"><_size type="System.Int32">0</_size><_version type="System.Int32">0</_version></aspNetDevServers><dataAccessMethod type="Microsoft.VisualStudio.TestTools.UnitTesting.DataAccessMethod, Microsoft.VisualStudio.QualityTools.UnitTestFramework, Version=8.0.0.0, Culture=neutral, PublicKeyToken=b03f5f7f11d50a3a"><value__ type="System.Int32">0</value__></dataAccessMethod><cssProjectStructure type="System.String" /><isRunOnRestart type="System.Boolean">False</isRunOnRestart><timeOut type="System.Int32">0</timeOut><isGroupable type="System.Boolean">True</isGroupable><abortRunOnAgentFailure type="System.Boolean">False</abortRunOnAgentFailure><cssIteration type="System.String" /><workItemIds type="System.Collections.Generic.List`1[[System.Int32, mscorlib, Version=2.0.0.0, Culture=neutral, PublicKeyToken=b77a5c561934e089]]"><_size type="System.Int32">0</_size><_version type="System.Int32">1</_version></workItemIds><id type="Microsoft.VisualStudio.TestTools.Common.TestId"><id type="System.Guid">60489149-8ede-ea23-9570-ebf3878e8d35</id></id><name type="System.String">addStateTest</name><description type="System.String" /><enabled type="System.Boolean">True</enabled><owner type="System.String" /><priority type="System.Int32">0</priority><executionId type="Microsoft.VisualStudio.TestTools.Common.TestExecId"><id type="System.Guid">00000000-0000-0000-0000-000000000000</id></executionId><parentExecutId type="Microsoft.VisualStudio.TestTools.Common.TestExecId"><id type="System.Guid">00000000-0000-0000-0000-000000000000</id></parentExecutId><deploymentItems type="Microsoft.VisualStudio.TestTools.Common.DeploymentItemCollection"><m_container type="System.Collections.Hashtable"><key type="Microsoft.VisualStudio.TestTools.Common.DeploymentItem"><path type="System.String">Sokoban.dll</path><outputDirectory type="System.String" /></key><value /></m_container></deploymentItems><agentAttributes type="System.Collections.Specialized.StringDictionary, System, Version=2.0.0.0, Culture=neutral, PublicKeyToken=b77a5c561934e089" /><storage type="System.String">c:\documents and settings\raymond\my documents\school\imperatiefprogrammeren\impro\implementatie\test\bin\debug\test.dll</storage><projectData type="Microsoft.VisualStudio.TestTools.Common.ProjectData"><id type="System.Guid">1393dab6-31d7-433d-81c0-d2f031a415ce</id><projectName type="System.String">Test</projectName><solutionName type="System.String">Implementatie</solutionName><projectRelativePath type="System.String">Test\Test.csproj</projectRelativePath></projectData><m_nonRunnableReason type="System.String" /></value><key type="Microsoft.VisualStudio.TestTools.Common.TestId"><id type="System.Guid">d5225d4f-a14c-b15e-07df-90ebc4b5ac4e</id></key><value type="Microsoft.VisualStudio.TestTools.TestTypes.Unit.UnitTestElement, Microsoft.VisualStudio.QualityTools.Tips.UnitTest.ObjectModel, Version=8.0.0.0, Culture=neutral, PublicKeyToken=b03f5f7f11d50a3a"><codeBase type="System.String">C:\Documents and Settings\Raymond\My Documents\SCHOOL\ImperatiefProgrammeren\IMPRO\Implementatie\Test\bin\Debug\Test.dll</codeBase><adapterTypeName type="System.String">Microsoft.VisualStudio.TestTools.TestTypes.Unit.UnitTestAdapter, Microsoft.VisualStudio.QualityTools.Tips.UnitTest.Adapter, Version=8.0.0.0, Culture=neutral, PublicKeyToken=b03f5f7f11d50a3a</adapterTypeName><testMethod type="Microsoft.VisualStudio.TestTools.TestTypes.Unit.TestMethod, Microsoft.VisualStudio.QualityTools.Tips.UnitTest.ObjectModel, Version=8.0.0.0, Culture=neutral, PublicKeyToken=b03f5f7f11d50a3a"><className type="System.String">Test.SokobanGameTest, Test</className><name type="System.String">clearTest</name><expectedExceptionMessage type="System.String" /><isValid type="System.Boolean">False</isValid></testMethod><aspNetDevServers type="System.Collections.Generic.List`1[[Microsoft.VisualStudio.TestTools.Common.AspNetDevelopmentServer, Microsoft.VisualStudio.QualityTools.Common, Version=8.0.0.0, Culture=neutral, PublicKeyToken=b03f5f7f11d50a3a]]"><_size type="System.Int32">0</_size><_version type="System.Int32">0</_version></aspNetDevServers><dataAccessMethod type="Microsoft.VisualStudio.TestTools.UnitTesting.DataAccessMethod, Microsoft.VisualStudio.QualityTools.UnitTestFramework, Version=8.0.0.0, Culture=neutral, PublicKeyToken=b03f5f7f11d50a3a"><value__ type="System.Int32">0</value__></dataAccessMethod><cssProjectStructure type="System.String" /><isRunOnRestart type="System.Boolean">False</isRunOnRestart><timeOut type="System.Int32">0</timeOut><isGroupable type="System.Boolean">True</isGroupable><abortRunOnAgentFailure type="System.Boolean">False</abortRunOnAgentFailure><cssIteration type="System.String" /><workItemIds type="System.Collections.Generic.List`1[[System.Int32, mscorlib, Version=2.0.0.0, Culture=neutral, PublicKeyToken=b77a5c561934e089]]"><_size type="System.Int32">0</_size><_version type="System.Int32">1</_version></workItemIds><id type="Microsoft.VisualStudio.TestTools.Common.TestId"><id type="System.Guid">d5225d4f-a14c-b15e-07df-90ebc4b5ac4e</id></id><name type="System.String">clearTest</name><description type="System.String" /><enabled type="System.Boolean">True</enabled><owner type="System.String" /><priority type="System.Int32">0</priority><executionId type="Microsoft.VisualStudio.TestTools.Common.TestExecId"><id type="System.Guid">00000000-0000-0000-0000-000000000000</id></executionId><parentExecutId type="Microsoft.VisualStudio.TestTools.Common.TestExecId"><id type="System.Guid">00000000-0000-0000-0000-000000000000</id></parentExecutId><deploymentItems type="Microsoft.VisualStudio.TestTools.Common.DeploymentItemCollection" /><agentAttributes type="System.Collections.Specialized.StringDictionary, System, Version=2.0.0.0, Culture=neutral, PublicKeyToken=b77a5c561934e089" /><storage type="System.String">c:\documents and settings\raymond\my documents\school\imperatiefprogrammeren\impro\implementatie\test\bin\debug\test.dll</storage><projectData type="Microsoft.VisualStudio.TestTools.Common.ProjectData"><id type="System.Guid">1393dab6-31d7-433d-81c0-d2f031a415ce</id><projectName type="System.String">Test</projectName><solutionName type="System.String">Implementatie</solutionName><projectRelativePath type="System.String">Test\Test.csproj</projectRelativePath></projectData><m_nonRunnableReason type="System.String" /></value><key type="Microsoft.VisualStudio.TestTools.Common.TestId"><id type="System.Guid">899ec6c1-afa7-10ef-84f4-7682c291428e</id></key><value type="Microsoft.VisualStudio.TestTools.TestTypes.Unit.UnitTestElement, Microsoft.VisualStudio.QualityTools.Tips.UnitTest.ObjectModel, Version=8.0.0.0, Culture=neutral, PublicKeyToken=b03f5f7f11d50a3a"><codeBase type="System.String">C:\Documents and Settings\Raymond\My Documents\SCHOOL\ImperatiefProgrammeren\IMPRO\Implementatie\Test\bin\Debug\Test.dll</codeBase><adapterTypeName type="System.String">Microsoft.VisualStudio.TestTools.TestTypes.Unit.UnitTestAdapter, Microsoft.VisualStudio.QualityTools.Tips.UnitTest.Adapter, Version=8.0.0.0, Culture=neutral, PublicKeyToken=b03f5f7f11d50a3a</adapterTypeName><testMethod type="Microsoft.VisualStudio.TestTools.TestTypes.Unit.TestMethod, Microsoft.VisualStudio.QualityTools.Tips.UnitTest.ObjectModel, Version=8.0.0.0, Culture=neutral, PublicKeyToken=b03f5f7f11d50a3a"><className type="System.String">Test.GridTest, Test</className><name type="System.String">addElementTest</name><expectedExceptionMessage type="System.String" /><isValid type="System.Boolean">False</isValid></testMethod><aspNetDevServers type="System.Collections.Generic.List`1[[Microsoft.VisualStudio.TestTools.Common.AspNetDevelopmentServer, Microsoft.VisualStudio.QualityTools.Common, Version=8.0.0.0, Culture=neutral, PublicKeyToken=b03f5f7f11d50a3a]]"><_size type="System.Int32">0</_size><_version type="System.Int32">0</_version></aspNetDevServers><dataAccessMethod type="Microsoft.VisualStudio.TestTools.UnitTesting.DataAccessMethod, Microsoft.VisualStudio.QualityTools.UnitTestFramework, Version=8.0.0.0, Culture=neutral, PublicKeyToken=b03f5f7f11d50a3a"><value__ type="System.Int32">0</value__></dataAccessMethod><cssProjectStructure type="System.String" /><isRunOnRestart type="System.Boolean">False</isRunOnRestart><timeOut type="System.Int32">0</timeOut><isGroupable type="System.Boolean">True</isGroupable><abortRunOnAgentFailure type="System.Boolean">False</abortRunOnAgentFailure><cssIteration type="System.String" /><workItemIds type="System.Collections.Generic.List`1[[System.Int32, mscorlib, Version=2.0.0.0, Culture=neutral, PublicKeyToken=b77a5c561934e089]]"><_size type="System.Int32">0</_size><_version type="System.Int32">1</_version></workItemIds><id type="Microsoft.VisualStudio.TestTools.Common.TestId"><id type="System.Guid">899ec6c1-afa7-10ef-84f4-7682c291428e</id></id><name type="System.String">addElementTest</name><description type="System.String" /><enabled type="System.Boolean">True</enabled><owner type="System.String" /><priority type="System.Int32">0</priority><executionId type="Microsoft.VisualStudio.TestTools.Common.TestExecId"><id type="System.Guid">00000000-0000-0000-0000-000000000000</id></executionId><parentExecutId type="Microsoft.VisualStudio.TestTools.Common.TestExecId"><id type="System.Guid">00000000-0000-0000-0000-000000000000</id></parentExecutId><deploymentItems type="Microsoft.VisualStudio.TestTools.Common.DeploymentItemCollection" /><agentAttributes type="System.Collections.Specialized.StringDictionary, System, Version=2.0.0.0, Culture=neutral, PublicKeyToken=b77a5c561934e089" /><storage type="System.String">c:\documents and settings\raymond\my documents\school\imperatiefprogrammeren\impro\implementatie\test\bin\debug\test.dll</storage><projectData type="Microsoft.VisualStudio.TestTools.Common.ProjectData"><id type="System.Guid">1393dab6-31d7-433d-81c0-d2f031a415ce</id><projectName type="System.String">Test</projectName><solutionName type="System.String">Implementatie</solutionName><projectRelativePath type="System.String">Test\Test.csproj</projectRelativePath></projectData><m_nonRunnableReason type="System.String" /></value><key type="Microsoft.VisualStudio.TestTools.Common.TestId"><id type="System.Guid">a694329d-ff8a-21f4-5ea3-0a8516ba28a4</id></key><value type="Microsoft.VisualStudio.TestTools.TestTypes.Unit.UnitTestElement, Microsoft.VisualStudio.QualityTools.Tips.UnitTest.ObjectModel, Version=8.0.0.0, Culture=neutral, PublicKeyToken=b03f5f7f11d50a3a"><codeBase type="System.String">C:\Documents and Settings\Raymond\My Documents\SCHOOL\ImperatiefProgrammeren\IMPRO\Implementatie\Test\bin\Debug\Test.dll</codeBase><adapterTypeName type="System.String">Microsoft.VisualStudio.TestTools.TestTypes.Unit.UnitTestAdapter, Microsoft.VisualStudio.QualityTools.Tips.UnitTest.Adapter, Version=8.0.0.0, Culture=neutral, PublicKeyToken=b03f5f7f11d50a3a</adapterTypeName><testMethod type="Microsoft.VisualStudio.TestTools.TestTypes.Unit.TestMethod, Microsoft.VisualStudio.QualityTools.Tips.UnitTest.ObjectModel, Version=8.0.0.0, Culture=neutral, PublicKeyToken=b03f5f7f11d50a3a"><className type="System.String">Test.SokobanGameTest, Test</className><name type="System.String">isWalkableTest</name><expectedExceptionMessage type="System.String" /><isValid type="System.Boolean">False</isValid></testMethod><aspNetDevServers type="System.Collections.Generic.List`1[[Microsoft.VisualStudio.TestTools.Common.AspNetDevelopmentServer, Microsoft.VisualStudio.QualityTools.Common, Version=8.0.0.0, Culture=neutral, PublicKeyToken=b03f5f7f11d50a3a]]"><_size type="System.Int32">0</_size><_version type="System.Int32">0</_version></aspNetDevServers><dataAccessMethod type="Microsoft.VisualStudio.TestTools.UnitTesting.DataAccessMethod, Microsoft.VisualStudio.QualityTools.UnitTestFramework, Version=8.0.0.0, Culture=neutral, PublicKeyToken=b03f5f7f11d50a3a"><value__ type="System.Int32">0</value__></dataAccessMethod><cssProjectStructure type="System.String" /><isRunOnRestart type="System.Boolean">False</isRunOnRestart><timeOut type="System.Int32">0</timeOut><isGroupable type="System.Boolean">True</isGroupable><abortRunOnAgentFailure type="System.Boolean">False</abortRunOnAgentFailure><cssIteration type="System.String" /><workItemIds type="System.Collections.Generic.List`1[[System.Int32, mscorlib, Version=2.0.0.0, Culture=neutral, PublicKeyToken=b77a5c561934e089]]"><_size type="System.Int32">0</_size><_version type="System.Int32">1</_version></workItemIds><id type="Microsoft.VisualStudio.TestTools.Common.TestId"><id type="System.Guid">a694329d-ff8a-21f4-5ea3-0a8516ba28a4</id></id><name type="System.String">isWalkableTest</name><description type="System.String" /><enabled type="System.Boolean">True</enabled><owner type="System.String" /><priority type="System.Int32">0</priority><executionId type="Microsoft.VisualStudio.TestTools.Common.TestExecId"><id type="System.Guid">00000000-0000-0000-0000-000000000000</id></executionId><parentExecutId type="Microsoft.VisualStudio.TestTools.Common.TestExecId"><id type="System.Guid">00000000-0000-0000-0000-000000000000</id></parentExecutId><deploymentItems type="Microsoft.VisualStudio.TestTools.Common.DeploymentItemCollection"><m_container type="System.Collections.Hashtable"><key type="Microsoft.VisualStudio.TestTools.Common.DeploymentItem"><path type="System.String">Sokoban.dll</path><outputDirectory type="System.String" /></key><value /></m_container></deploymentItems><agentAttributes type="System.Collections.Specialized.StringDictionary, System, Version=2.0.0.0, Culture=neutral, PublicKeyToken=b77a5c561934e089" /><storage type="System.String">c:\documents and settings\raymond\my documents\school\imperatiefprogrammeren\impro\implementatie\test\bin\debug\test.dll</storage><projectData type="Microsoft.VisualStudio.TestTools.Common.ProjectData"><id type="System.Guid">1393dab6-31d7-433d-81c0-d2f031a415ce</id><projectName type="System.String">Test</projectName><solutionName type="System.String">Implementatie</solutionName><projectRelativePath type="System.String">Test\Test.csproj</projectRelativePath></projectData><m_nonRunnableReason type="System.String" /></value><key type="Microsoft.VisualStudio.TestTools.Common.TestId"><id type="System.Guid">3062c3ce-b61e-d673-dc02-ff9a119a4c7f</id></key><value type="Microsoft.VisualStudio.TestTools.TestTypes.Unit.UnitTestElement, Microsoft.VisualStudio.QualityTools.Tips.UnitTest.ObjectModel, Version=8.0.0.0, Culture=neutral, PublicKeyToken=b03f5f7f11d50a3a"><codeBase type="System.String">C:\Documents and Settings\Raymond\My Documents\SCHOOL\ImperatiefProgrammeren\IMPRO\Implementatie\Test\bin\Debug\Test.dll</codeBase><adapterTypeName type="System.String">Microsoft.VisualStudio.TestTools.TestTypes.Unit.UnitTestAdapter, Microsoft.VisualStudio.QualityTools.Tips.UnitTest.Adapter, Version=8.0.0.0, Culture=neutral, PublicKeyToken=b03f5f7f11d50a3a</adapterTypeName><testMethod type="Microsoft.VisualStudio.TestTools.TestTypes.Unit.TestMethod, Microsoft.VisualStudio.QualityTools.Tips.UnitTest.ObjectModel, Version=8.0.0.0, Culture=neutral, PublicKeyToken=b03f5f7f11d50a3a"><className type="System.String">Test.GridTest, Test</className><name type="System.String">resizeTest</name><expectedExceptionMessage type="System.String" /><isValid type="System.Boolean">False</isValid></testMethod><aspNetDevServers type="System.Collections.Generic.List`1[[Microsoft.VisualStudio.TestTools.Common.AspNetDevelopmentServer, Microsoft.VisualStudio.QualityTools.Common, Version=8.0.0.0, Culture=neutral, PublicKeyToken=b03f5f7f11d50a3a]]"><_size type="System.Int32">0</_size><_version type="System.Int32">0</_version></aspNetDevServers><dataAccessMethod type="Microsoft.VisualStudio.TestTools.UnitTesting.DataAccessMethod, Microsoft.VisualStudio.QualityTools.UnitTestFramework, Version=8.0.0.0, Culture=neutral, PublicKeyToken=b03f5f7f11d50a3a"><value__ type="System.Int32">0</value__></dataAccessMethod><cssProjectStructure type="System.String" /><isRunOnRestart type="System.Boolean">False</isRunOnRestart><timeOut type="System.Int32">0</timeOut><isGroupable type="System.Boolean">True</isGroupable><abortRunOnAgentFailure type="System.Boolean">False</abortRunOnAgentFailure><cssIteration type="System.String" /><workItemIds type="System.Collections.Generic.List`1[[System.Int32, mscorlib, Version=2.0.0.0, Culture=neutral, PublicKeyToken=b77a5c561934e089]]"><_size type="System.Int32">0</_size><_version type="System.Int32">1</_version></workItemIds><id type="Microsoft.VisualStudio.TestTools.Common.TestId"><id type="System.Guid">3062c3ce-b61e-d673-dc02-ff9a119a4c7f</id></id><name type="System.String">resizeTest</name><description type="System.String" /><enabled type="System.Boolean">True</enabled><owner type="System.String" /><priority type="System.Int32">0</priority><executionId type="Microsoft.VisualStudio.TestTools.Common.TestExecId"><id type="System.Guid">00000000-0000-0000-0000-000000000000</id></executionId><parentExecutId type="Microsoft.VisualStudio.TestTools.Common.TestExecId"><id type="System.Guid">00000000-0000-0000-0000-000000000000</id></parentExecutId><deploymentItems type="Microsoft.VisualStudio.TestTools.Common.DeploymentItemCollection" /><agentAttributes type="System.Collections.Specialized.StringDictionary, System, Version=2.0.0.0, Culture=neutral, PublicKeyToken=b77a5c561934e089" /><storage type="System.String">c:\documents and settings\raymond\my documents\school\imperatiefprogrammeren\impro\implementatie\test\bin\debug\test.dll</storage><projectData type="Microsoft.VisualStudio.TestTools.Common.ProjectData"><id type="System.Guid">1393dab6-31d7-433d-81c0-d2f031a415ce</id><projectName type="System.String">Test</projectName><solutionName type="System.String">Implementatie</solutionName><projectRelativePath type="System.String">Test\Test.csproj</projectRelativePath></projectData><m_nonRunnableReason type="System.String" /></value><key type="Microsoft.VisualStudio.TestTools.Common.TestId"><id type="System.Guid">b7d563d1-bd40-7ff8-0134-7758ec44b339</id></key><value type="Microsoft.VisualStudio.TestTools.TestTypes.Unit.UnitTestElement, Microsoft.VisualStudio.QualityTools.Tips.UnitTest.ObjectModel, Version=8.0.0.0, Culture=neutral, PublicKeyToken=b03f5f7f11d50a3a"><codeBase type="System.String">C:\Documents and Settings\Raymond\My Documents\SCHOOL\ImperatiefProgrammeren\IMPRO\Implementatie\Test\bin\Debug\Test.dll</codeBase><adapterTypeName type="System.String">Microsoft.VisualStudio.TestTools.TestTypes.Unit.UnitTestAdapter, Microsoft.VisualStudio.QualityTools.Tips.UnitTest.Adapter, Version=8.0.0.0, Culture=neutral, PublicKeyToken=b03f5f7f11d50a3a</adapterTypeName><testMethod type="Microsoft.VisualStudio.TestTools.TestTypes.Unit.TestMethod, Microsoft.VisualStudio.QualityTools.Tips.UnitTest.ObjectModel, Version=8.0.0.0, Culture=neutral, PublicKeyToken=b03f5f7f11d50a3a"><className type="System.String">Test.GridTest, Test</className><name type="System.String">removeElementAtTest</name><expectedExceptionMessage type="System.String" /><isValid type="System.Boolean">False</isValid></testMethod><aspNetDevServers type="System.Collections.Generic.List`1[[Microsoft.VisualStudio.TestTools.Common.AspNetDevelopmentServer, Microsoft.VisualStudio.QualityTools.Common, Version=8.0.0.0, Culture=neutral, PublicKeyToken=b03f5f7f11d50a3a]]"><_size type="System.Int32">0</_size><_version type="System.Int32">0</_version></aspNetDevServers><dataAccessMethod type="Microsoft.VisualStudio.TestTools.UnitTesting.DataAccessMethod, Microsoft.VisualStudio.QualityTools.UnitTestFramework, Version=8.0.0.0, Culture=neutral, PublicKeyToken=b03f5f7f11d50a3a"><value__ type="System.Int32">0</value__></dataAccessMethod><cssProjectStructure type="System.String" /><isRunOnRestart type="System.Boolean">False</isRunOnRestart><timeOut type="System.Int32">0</timeOut><isGroupable type="System.Boolean">True</isGroupable><abortRunOnAgentFailure type="System.Boolean">False</abortRunOnAgentFailure><cssIteration type="System.String" /><workItemIds type="System.Collections.Generic.List`1[[System.Int32, mscorlib, Version=2.0.0.0, Culture=neutral, PublicKeyToken=b77a5c561934e089]]"><_size type="System.Int32">0</_size><_version type="System.Int32">1</_version></workItemIds><id type="Microsoft.VisualStudio.TestTools.Common.TestId"><id type="System.Guid">b7d563d1-bd40-7ff8-0134-7758ec44b339</id></id><name type="System.String">removeElementAtTest</name><description type="System.String" /><enabled type="System.Boolean">True</enabled><owner type="System.String" /><priority type="System.Int32">0</priority><executionId type="Microsoft.VisualStudio.TestTools.Common.TestExecId"><id type="System.Guid">00000000-0000-0000-0000-000000000000</id></executionId><parentExecutId type="Microsoft.VisualStudio.TestTools.Common.TestExecId"><id type="System.Guid">00000000-0000-0000-0000-000000000000</id></parentExecutId><deploymentItems type="Microsoft.VisualStudio.TestTools.Common.DeploymentItemCollection" /><agentAttributes type="System.Collections.Specialized.StringDictionary, System, Version=2.0.0.0, Culture=neutral, PublicKeyToken=b77a5c561934e089" /><storage type="System.String">c:\documents and settings\raymond\my documents\school\imperatiefprogrammeren\impro\implementatie\test\bin\debug\test.dll</storage><projectData type="Microsoft.VisualStudio.TestTools.Common.ProjectData"><id type="System.Guid">1393dab6-31d7-433d-81c0-d2f031a415ce</id><projectName type="System.String">Test</projectName><solutionName type="System.String">Implementatie</solutionName><projectRelativePath type="System.String">Test\Test.csproj</projectRelativePath></projectData><m_nonRunnableReason type="System.String" /></value><key type="Microsoft.VisualStudio.TestTools.Common.TestId"><id type="System.Guid">00c2cac3-b090-8717-93c2-b564edf5a48b</id></key><value type="Microsoft.VisualStudio.TestTools.TestTypes.Unit.UnitTestElement, Microsoft.VisualStudio.QualityTools.Tips.UnitTest.ObjectModel, Version=8.0.0.0, Culture=neutral, PublicKeyToken=b03f5f7f11d50a3a"><codeBase type="System.String">C:\Documents and Settings\Raymond\My Documents\SCHOOL\ImperatiefProgrammeren\IMPRO\Implementatie\Test\bin\Debug\Test.dll</codeBase><adapterTypeName type="System.String">Microsoft.VisualStudio.TestTools.TestTypes.Unit.UnitTestAdapter, Microsoft.VisualStudio.QualityTools.Tips.UnitTest.Adapter, Version=8.0.0.0, Culture=neutral, PublicKeyToken=b03f5f7f11d50a3a</adapterTypeName><testMethod type="Microsoft.VisualStudio.TestTools.TestTypes.Unit.TestMethod, Microsoft.VisualStudio.QualityTools.Tips.UnitTest.ObjectModel, Version=8.0.0.0, Culture=neutral, PublicKeyToken=b03f5f7f11d50a3a"><className type="System.String">Test.SokobanGameTest, Test</className><name type="System.String">stringToDirectionsTest</name><expectedExceptionMessage type="System.String" /><isValid type="System.Boolean">False</isValid></testMethod><aspNetDevServers type="System.Collections.Generic.List`1[[Microsoft.VisualStudio.TestTools.Common.AspNetDevelopmentServer, Microsoft.VisualStudio.QualityTools.Common, Version=8.0.0.0, Culture=neutral, PublicKeyToken=b03f5f7f11d50a3a]]"><_size type="System.Int32">0</_size><_version type="System.Int32">0</_version></aspNetDevServers><dataAccessMethod type="Microsoft.VisualStudio.TestTools.UnitTesting.DataAccessMethod, Microsoft.VisualStudio.QualityTools.UnitTestFramework, Version=8.0.0.0, Culture=neutral, PublicKeyToken=b03f5f7f11d50a3a"><value__ type="System.Int32">0</value__></dataAccessMethod><cssProjectStructure type="System.String" /><isRunOnRestart type="System.Boolean">False</isRunOnRestart><timeOut type="System.Int32">0</timeOut><isGroupable type="System.Boolean">True</isGroupable><abortRunOnAgentFailure type="System.Boolean">False</abortRunOnAgentFailure><cssIteration type="System.String" /><workItemIds type="System.Collections.Generic.List`1[[System.Int32, mscorlib, Version=2.0.0.0, Culture=neutral, PublicKeyToken=b77a5c561934e089]]"><_size type="System.Int32">0</_size><_version type="System.Int32">1</_version></workItemIds><id type="Microsoft.VisualStudio.TestTools.Common.TestId"><id type="System.Guid">00c2cac3-b090-8717-93c2-b564edf5a48b</id></id><name type="System.String">stringToDirectionsTest</name><description type="System.String" /><enabled type="System.Boolean">True</enabled><owner type="System.String" /><priority type="System.Int32">0</priority><executionId type="Microsoft.VisualStudio.TestTools.Common.TestExecId"><id type="System.Guid">00000000-0000-0000-0000-000000000000</id></executionId><parentExecutId type="Microsoft.VisualStudio.TestTools.Common.TestExecId"><id type="System.Guid">00000000-0000-0000-0000-000000000000</id></parentExecutId><deploymentItems type="Microsoft.VisualStudio.TestTools.Common.DeploymentItemCollection"><m_container type="System.Collections.Hashtable"><key type="Microsoft.VisualStudio.TestTools.Common.DeploymentItem"><path type="System.String">Sokoban.dll</path><outputDirectory type="System.String" /></key><value /></m_container></deploymentItems><agentAttributes type="System.Collections.Specialized.StringDictionary, System, Version=2.0.0.0, Culture=neutral, PublicKeyToken=b77a5c561934e089" /><storage type="System.String">c:\documents and settings\raymond\my documents\school\imperatiefprogrammeren\impro\implementatie\test\bin\debug\test.dll</storage><projectData type="Microsoft.VisualStudio.TestTools.Common.ProjectData"><id type="System.Guid">1393dab6-31d7-433d-81c0-d2f031a415ce</id><projectName type="System.String">Test</projectName><solutionName type="System.String">Implementatie</solutionName><projectRelativePath type="System.String">Test\Test.csproj</projectRelativePath></projectData><m_nonRunnableReason type="System.String" /></value><key type="Microsoft.VisualStudio.TestTools.Common.TestId"><id type="System.Guid">04fa6563-8e5d-f9a3-5d8d-a4d5c5e7d48b</id></key><value type="Microsoft.VisualStudio.TestTools.TestTypes.Unit.UnitTestElement, Microsoft.VisualStudio.QualityTools.Tips.UnitTest.ObjectModel, Version=8.0.0.0, Culture=neutral, PublicKeyToken=b03f5f7f11d50a3a"><codeBase type="System.String">C:\Documents and Settings\Raymond\My Documents\SCHOOL\ImperatiefProgrammeren\IMPRO\Implementatie\Test\bin\Debug\Test.dll</codeBase><adapterTypeName type="System.String">Microsoft.VisualStudio.TestTools.TestTypes.Unit.UnitTestAdapter, Microsoft.VisualStudio.QualityTools.Tips.UnitTest.Adapter, Version=8.0.0.0, Culture=neutral, PublicKeyToken=b03f5f7f11d50a3a</adapterTypeName><testMethod type="Microsoft.VisualStudio.TestTools.TestTypes.Unit.TestMethod, Microsoft.VisualStudio.QualityTools.Tips.UnitTest.ObjectModel, Version=8.0.0.0, Culture=neutral, PublicKeyToken=b03f5f7f11d50a3a"><className type="System.String">Test.SokobanGameTest, Test</className><name type="System.String">loadGameTest</name><expectedExceptionMessage type="System.String" /><isValid type="System.Boolean">False</isValid></testMethod><aspNetDevServers type="System.Collections.Generic.List`1[[Microsoft.VisualStudio.TestTools.Common.AspNetDevelopmentServer, Microsoft.VisualStudio.QualityTools.Common, Version=8.0.0.0, Culture=neutral, PublicKeyToken=b03f5f7f11d50a3a]]"><_size type="System.Int32">0</_size><_version type="System.Int32">0</_version></aspNetDevServers><dataAccessMethod type="Microsoft.VisualStudio.TestTools.UnitTesting.DataAccessMethod, Microsoft.VisualStudio.QualityTools.UnitTestFramework, Version=8.0.0.0, Culture=neutral, PublicKeyToken=b03f5f7f11d50a3a"><value__ type="System.Int32">0</value__></dataAccessMethod><cssProjectStructure type="System.String" /><isRunOnRestart type="System.Boolean">False</isRunOnRestart><timeOut type="System.Int32">0</timeOut><isGroupable type="System.Boolean">True</isGroupable><abortRunOnAgentFailure type="System.Boolean">False</abortRunOnAgentFailure><cssIteration type="System.String" /><workItemIds type="System.Collections.Generic.List`1[[System.Int32, mscorlib, Version=2.0.0.0, Culture=neutral, PublicKeyToken=b77a5c561934e089]]"><_size type="System.Int32">0</_size><_version type="System.Int32">1</_version></workItemIds><id type="Microsoft.VisualStudio.TestTools.Common.TestId"><id type="System.Guid">04fa6563-8e5d-f9a3-5d8d-a4d5c5e7d48b</id></id><name type="System.String">loadGameTest</name><description type="System.String" /><enabled type="System.Boolean">True</enabled><owner type="System.String" /><priority type="System.Int32">0</priority><executionId type="Microsoft.VisualStudio.TestTools.Common.TestExecId"><id type="System.Guid">00000000-0000-0000-0000-000000000000</id></executionId><parentExecutId type="Microsoft.VisualStudio.TestTools.Common.TestExecId"><id type="System.Guid">00000000-0000-0000-0000-000000000000</id></parentExecutId><deploymentItems type="Microsoft.VisualStudio.TestTools.Common.DeploymentItemCollection" /><agentAttributes type="System.Collections.Specialized.StringDictionary, System, Version=2.0.0.0, Culture=neutral, PublicKeyToken=b77a5c561934e089" /><storage type="System.String">c:\documents and settings\raymond\my documents\school\imperatiefprogrammeren\impro\implementatie\test\bin\debug\test.dll</storage><projectData type="Microsoft.VisualStudio.TestTools.Common.ProjectData"><id type="System.Guid">1393dab6-31d7-433d-81c0-d2f031a415ce</id><projectName type="System.String">Test</projectName><solutionName type="System.String">Implementatie</solutionName><projectRelativePath type="System.String">Test\Test.csproj</projectRelativePath></projectData><m_nonRunnableReason type="System.String" /></value></tests><categories type="System.Collections.Hashtable"><key type="Microsoft.VisualStudio.TestTools.Common.TestCategoryId"><id type="System.Guid">8c84fa94-04c1-424b-9868-57a2d4851a1d</id></key><value type="Microsoft.VisualStudio.TestTools.Common.TestCategory"><id type="Microsoft.VisualStudio.TestTools.Common.TestCategoryId"><id type="System.Guid">8c84fa94-04c1-424b-9868-57a2d4851a1d</id></id><name type="System.String">Results Not in a List</name><description type="System.String" /><enabled type="System.Boolean">True</enabled><parentCategoryId type="Microsoft.VisualStudio.TestTools.Common.TestCategoryId"><id type="System.Guid">00000000-0000-0000-0000-000000000000</id></parentCategoryId></value><key type="Microsoft.VisualStudio.TestTools.Common.TestCategoryId"><id type="System.Guid">19431567-8539-422a-85d7-44ee4e166bda</id></key><value type="Microsoft.VisualStudio.TestTools.Common.TestCategory"><id type="Microsoft.VisualStudio.TestTools.Common.TestCategoryId"><id type="System.Guid">19431567-8539-422a-85d7-44ee4e166bda</id></id><name type="System.String">All Loaded Results</name><description type="System.String" /><enabled type="System.Boolean">True</enabled><parentCategoryId type="Microsoft.VisualStudio.TestTools.Common.TestCategoryId"><id type="System.Guid">00000000-0000-0000-0000-000000000000</id></parentCategoryId></value></categories><entries type="Microsoft.VisualStudio.TestTools.Common.TestEntry[]"><element type="Microsoft.VisualStudio.TestTools.Common.TestEntry"><m_testId type="Microsoft.VisualStudio.TestTools.Common.TestId"><id type="System.Guid">899ec6c1-afa7-10ef-84f4-7682c291428e</id></m_testId><m_execId type="Microsoft.VisualStudio.TestTools.Common.TestExecId"><id type="System.Guid">c69cf345-4b7d-472d-ab89-d924b205da72</id></m_execId><m_parentExecId type="Microsoft.VisualStudio.TestTools.Common.TestExecId"><id type="System.Guid">00000000-0000-0000-0000-000000000000</id></m_parentExecId><m_categoryId type="Microsoft.VisualStudio.TestTools.Common.TestCategoryId"><id type="System.Guid">8c84fa94-04c1-424b-9868-57a2d4851a1d</id></m_categoryId><m_isTransparent type="System.Boolean">True</m_isTransparent></element><element type="Microsoft.VisualStudio.TestTools.Common.TestEntry"><m_testId type="Microsoft.VisualStudio.TestTools.Common.TestId"><id type="System.Guid">b65e8f30-2c4a-c5a1-1de2-cb0ba93e9d82</id></m_testId><m_execId type="Microsoft.VisualStudio.TestTools.Common.TestExecId"><id type="System.Guid">bf0536b9-18a9-4377-bc57-b072d2047899</id></m_execId><m_parentExecId type="Microsoft.VisualStudio.TestTools.Common.TestExecId"><id type="System.Guid">00000000-0000-0000-0000-000000000000</id></m_parentExecId><m_categoryId type="Microsoft.VisualStudio.TestTools.Common.TestCategoryId"><id type="System.Guid">8c84fa94-04c1-424b-9868-57a2d4851a1d</id></m_categoryId><m_isTransparent type="System.Boolean">True</m_isTransparent></element><element type="Microsoft.VisualStudio.TestTools.Common.TestEntry"><m_testId type="Microsoft.VisualStudio.TestTools.Common.TestId"><id type="System.Guid">46fb74d3-ad73-b3d5-a7f7-c60c3351f636</id></m_testId><m_execId type="Microsoft.VisualStudio.TestTools.Common.TestExecId"><id type="System.Guid">92f7a183-7140-402b-b921-e0fe262382c3</id></m_execId><m_parentExecId type="Microsoft.VisualStudio.TestTools.Common.TestExecId"><id type="System.Guid">00000000-0000-0000-0000-000000000000</id></m_parentExecId><m_categoryId type="Microsoft.VisualStudio.TestTools.Common.TestCategoryId"><id type="System.Guid">8c84fa94-04c1-424b-9868-57a2d4851a1d</id></m_categoryId><m_isTransparent type="System.Boolean">True</m_isTransparent></element><element type="Microsoft.VisualStudio.TestTools.Common.TestEntry"><m_testId type="Microsoft.VisualStudio.TestTools.Common.TestId"><id type="System.Guid">86929831-8533-630c-4cb7-97d17fe7a0a0</id></m_testId><m_execId type="Microsoft.VisualStudio.TestTools.Common.TestExecId"><id type="System.Guid">6bff4716-8bc9-4835-8e74-573b0cd1bb1a</id></m_execId><m_parentExecId type="Microsoft.VisualStudio.TestTools.Common.TestExecId"><id type="System.Guid">00000000-0000-0000-0000-000000000000</id></m_parentExecId><m_categoryId type="Microsoft.VisualStudio.TestTools.Common.TestCategoryId"><id type="System.Guid">8c84fa94-04c1-424b-9868-57a2d4851a1d</id></m_categoryId><m_isTransparent type="System.Boolean">True</m_isTransparent></element><element type="Microsoft.VisualStudio.TestTools.Common.TestEntry"><m_testId type="Microsoft.VisualStudio.TestTools.Common.TestId"><id type="System.Guid">a434dee9-7b4c-67b1-a2e5-0b98c5386c81</id></m_testId><m_execId type="Microsoft.VisualStudio.TestTools.Common.TestExecId"><id type="System.Guid">3e53b60f-24bc-4da8-9722-8019707c6da0</id></m_execId><m_parentExecId type="Microsoft.VisualStudio.TestTools.Common.TestExecId"><id type="System.Guid">00000000-0000-0000-0000-000000000000</id></m_parentExecId><m_categoryId type="Microsoft.VisualStudio.TestTools.Common.TestCategoryId"><id type="System.Guid">8c84fa94-04c1-424b-9868-57a2d4851a1d</id></m_categoryId><m_isTransparent type="System.Boolean">True</m_isTransparent></element><element type="Microsoft.VisualStudio.TestTools.Common.TestEntry"><m_testId type="Microsoft.VisualStudio.TestTools.Common.TestId"><id type="System.Guid">65e7923a-66c7-e957-ebf3-eb61a92c6f20</id></m_testId><m_execId type="Microsoft.VisualStudio.TestTools.Common.TestExecId"><id type="System.Guid">de7d8ebe-e62f-4856-a135-7c9a312f1698</id></m_execId><m_parentExecId type="Microsoft.VisualStudio.TestTools.Common.TestExecId"><id type="System.Guid">00000000-0000-0000-0000-000000000000</id></m_parentExecId><m_categoryId type="Microsoft.VisualStudio.TestTools.Common.TestCategoryId"><id type="System.Guid">8c84fa94-04c1-424b-9868-57a2d4851a1d</id></m_categoryId><m_isTransparent type="System.Boolean">True</m_isTransparent></element><element type="Microsoft.VisualStudio.TestTools.Common.TestEntry"><m_testId type="Microsoft.VisualStudio.TestTools.Common.TestId"><id type="System.Guid">f67afbaa-19ad-d98e-9653-8ab2e299d8d1</id></m_testId><m_execId type="Microsoft.VisualStudio.TestTools.Common.TestExecId"><id type="System.Guid">10557df2-9067-4665-a721-94478ac422bd</id></m_execId><m_parentExecId type="Microsoft.VisualStudio.TestTools.Common.TestExecId"><id type="System.Guid">00000000-0000-0000-0000-000000000000</id></m_parentExecId><m_categoryId type="Microsoft.VisualStudio.TestTools.Common.TestCategoryId"><id type="System.Guid">8c84fa94-04c1-424b-9868-57a2d4851a1d</id></m_categoryId><m_isTransparent type="System.Boolean">True</m_isTransparent></element><element type="Microsoft.VisualStudio.TestTools.Common.TestEntry"><m_testId type="Microsoft.VisualStudio.TestTools.Common.TestId"><id type="System.Guid">ba5c28ce-c1ff-90f9-ed35-d073d793c41e</id></m_testId><m_execId type="Microsoft.VisualStudio.TestTools.Common.TestExecId"><id type="System.Guid">52a7d84e-f7f3-400b-af30-494c2abfc7cf</id></m_execId><m_parentExecId type="Microsoft.VisualStudio.TestTools.Common.TestExecId"><id type="System.Guid">00000000-0000-0000-0000-000000000000</id></m_parentExecId><m_categoryId type="Microsoft.VisualStudio.TestTools.Common.TestCategoryId"><id type="System.Guid">8c84fa94-04c1-424b-9868-57a2d4851a1d</id></m_categoryId><m_isTransparent type="System.Boolean">True</m_isTransparent></element><element type="Microsoft.VisualStudio.TestTools.Common.TestEntry"><m_testId type="Microsoft.VisualStudio.TestTools.Common.TestId"><id type="System.Guid">f3fce07c-62db-5198-a086-e47c76288773</id></m_testId><m_execId type="Microsoft.VisualStudio.TestTools.Common.TestExecId"><id type="System.Guid">e5dc25be-94e3-4c02-8238-f0d8f3e22f0e</id></m_execId><m_parentExecId type="Microsoft.VisualStudio.TestTools.Common.TestExecId"><id type="System.Guid">00000000-0000-0000-0000-000000000000</id></m_parentExecId><m_categoryId type="Microsoft.VisualStudio.TestTools.Common.TestCategoryId"><id type="System.Guid">8c84fa94-04c1-424b-9868-57a2d4851a1d</id></m_categoryId><m_isTransparent type="System.Boolean">True</m_isTransparent></element><element type="Microsoft.VisualStudio.TestTools.Common.TestEntry"><m_testId type="Microsoft.VisualStudio.TestTools.Common.TestId"><id type="System.Guid">7be2df34-bf26-0179-3152-26b9532de27d</id></m_testId><m_execId type="Microsoft.VisualStudio.TestTools.Common.TestExecId"><id type="System.Guid">580c533b-aac6-4343-b5eb-235ede9f82c8</id></m_execId><m_parentExecId type="Microsoft.VisualStudio.TestTools.Common.TestExecId"><id type="System.Guid">00000000-0000-0000-0000-000000000000</id></m_parentExecId><m_categoryId type="Microsoft.VisualStudio.TestTools.Common.TestCategoryId"><id type="System.Guid">8c84fa94-04c1-424b-9868-57a2d4851a1d</id></m_categoryId><m_isTransparent type="System.Boolean">True</m_isTransparent></element><element type="Microsoft.VisualStudio.TestTools.Common.TestEntry"><m_testId type="Microsoft.VisualStudio.TestTools.Common.TestId"><id type="System.Guid">2c34b642-5fba-3ab5-950b-3d74e8f2414f</id></m_testId><m_execId type="Microsoft.VisualStudio.TestTools.Common.TestExecId"><id type="System.Guid">54103db1-4026-4d9d-b1b8-55ebf4dafb3f</id></m_execId><m_parentExecId type="Microsoft.VisualStudio.TestTools.Common.TestExecId"><id type="System.Guid">00000000-0000-0000-0000-000000000000</id></m_parentExecId><m_categoryId type="Microsoft.VisualStudio.TestTools.Common.TestCategoryId"><id type="System.Guid">8c84fa94-04c1-424b-9868-57a2d4851a1d</id></m_categoryId><m_isTransparent type="System.Boolean">True</m_isTransparent></element><element type="Microsoft.VisualStudio.TestTools.Common.TestEntry"><m_testId type="Microsoft.VisualStudio.TestTools.Common.TestId"><id type="System.Guid">b7d563d1-bd40-7ff8-0134-7758ec44b339</id></m_testId><m_execId type="Microsoft.VisualStudio.TestTools.Common.TestExecId"><id type="System.Guid">3ddbc047-83a3-43e9-a962-68d6cafe0c3d</id></m_execId><m_parentExecId type="Microsoft.VisualStudio.TestTools.Common.TestExecId"><id type="System.Guid">00000000-0000-0000-0000-000000000000</id></m_parentExecId><m_categoryId type="Microsoft.VisualStudio.TestTools.Common.TestCategoryId"><id type="System.Guid">8c84fa94-04c1-424b-9868-57a2d4851a1d</id></m_categoryId><m_isTransparent type="System.Boolean">True</m_isTransparent></element><element type="Microsoft.VisualStudio.TestTools.Common.TestEntry"><m_testId type="Microsoft.VisualStudio.TestTools.Common.TestId"><id type="System.Guid">3062c3ce-b61e-d673-dc02-ff9a119a4c7f</id></m_testId><m_execId type="Microsoft.VisualStudio.TestTools.Common.TestExecId"><id type="System.Guid">a684c6a5-bb62-4c99-b32d-05fe2ce96997</id></m_execId><m_parentExecId type="Microsoft.VisualStudio.TestTools.Common.TestExecId"><id type="System.Guid">00000000-0000-0000-0000-000000000000</id></m_parentExecId><m_categoryId type="Microsoft.VisualStudio.TestTools.Common.TestCategoryId"><id type="System.Guid">8c84fa94-04c1-424b-9868-57a2d4851a1d</id></m_categoryId><m_isTransparent type="System.Boolean">True</m_isTransparent></element><element type="Microsoft.VisualStudio.TestTools.Common.TestEntry"><m_testId type="Microsoft.VisualStudio.TestTools.Common.TestId"><id type="System.Guid">510dc5e0-a6a3-8525-2faa-3c4309a2d2cf</id></m_testId><m_execId type="Microsoft.VisualStudio.TestTools.Common.TestExecId"><id type="System.Guid">60af7b0e-5e49-42a9-a00f-437a6341f3b5</id></m_execId><m_parentExecId type="Microsoft.VisualStudio.TestTools.Common.TestExecId"><id type="System.Guid">00000000-0000-0000-0000-000000000000</id></m_parentExecId><m_categoryId type="Microsoft.VisualStudio.TestTools.Common.TestCategoryId"><id type="System.Guid">8c84fa94-04c1-424b-9868-57a2d4851a1d</id></m_categoryId><m_isTransparent type="System.Boolean">True</m_isTransparent></element><element type="Microsoft.VisualStudio.TestTools.Common.TestEntry"><m_testId type="Microsoft.VisualStudio.TestTools.Common.TestId"><id type="System.Guid">e4ef216a-0a29-0cdd-f404-2ddc29ba3a6c</id></m_testId><m_execId type="Microsoft.VisualStudio.TestTools.Common.TestExecId"><id type="System.Guid">cc6fd071-1b92-43be-a10c-c26bb4c18a77</id></m_execId><m_parentExecId type="Microsoft.VisualStudio.TestTools.Common.TestExecId"><id type="System.Guid">00000000-0000-0000-0000-000000000000</id></m_parentExecId><m_categoryId type="Microsoft.VisualStudio.TestTools.Common.TestCategoryId"><id type="System.Guid">8c84fa94-04c1-424b-9868-57a2d4851a1d</id></m_categoryId><m_isTransparent type="System.Boolean">True</m_isTransparent></element><element type="Microsoft.VisualStudio.TestTools.Common.TestEntry"><m_testId type="Microsoft.VisualStudio.TestTools.Common.TestId"><id type="System.Guid">8c027d48-3eed-1a1b-a6d5-22d82f692903</id></m_testId><m_execId type="Microsoft.VisualStudio.TestTools.Common.TestExecId"><id type="System.Guid">16f26e9f-689a-4275-999f-e729257b2e38</id></m_execId><m_parentExecId type="Microsoft.VisualStudio.TestTools.Common.TestExecId"><id type="System.Guid">00000000-0000-0000-0000-000000000000</id></m_parentExecId><m_categoryId type="Microsoft.VisualStudio.TestTools.Common.TestCategoryId"><id type="System.Guid">8c84fa94-04c1-424b-9868-57a2d4851a1d</id></m_categoryId><m_isTransparent type="System.Boolean">True</m_isTransparent></element><element type="Microsoft.VisualStudio.TestTools.Common.TestEntry"><m_testId type="Microsoft.VisualStudio.TestTools.Common.TestId"><id type="System.Guid">60489149-8ede-ea23-9570-ebf3878e8d35</id></m_testId><m_execId type="Microsoft.VisualStudio.TestTools.Common.TestExecId"><id type="System.Guid">a9aafc50-3e4e-42e3-9d06-7437cc1460e2</id></m_execId><m_parentExecId type="Microsoft.VisualStudio.TestTools.Common.TestExecId"><id type="System.Guid">00000000-0000-0000-0000-000000000000</id></m_parentExecId><m_categoryId type="Microsoft.VisualStudio.TestTools.Common.TestCategoryId"><id type="System.Guid">8c84fa94-04c1-424b-9868-57a2d4851a1d</id></m_categoryId><m_isTransparent type="System.Boolean">True</m_isTransparent></element><element type="Microsoft.VisualStudio.TestTools.Common.TestEntry"><m_testId type="Microsoft.VisualStudio.TestTools.Common.TestId"><id type="System.Guid">7ec1aae1-bcc5-2d09-2bc0-f1436c253ed1</id></m_testId><m_execId type="Microsoft.VisualStudio.TestTools.Common.TestExecId"><id type="System.Guid">4f8cb3a0-5e62-43fc-9cb2-e09c056d7385</id></m_execId><m_parentExecId type="Microsoft.VisualStudio.TestTools.Common.TestExecId"><id type="System.Guid">00000000-0000-0000-0000-000000000000</id></m_parentExecId><m_categoryId type="Microsoft.VisualStudio.TestTools.Common.TestCategoryId"><id type="System.Guid">8c84fa94-04c1-424b-9868-57a2d4851a1d</id></m_categoryId><m_isTransparent type="System.Boolean">True</m_isTransparent></element><element type="Microsoft.VisualStudio.TestTools.Common.TestEntry"><m_testId type="Microsoft.VisualStudio.TestTools.Common.TestId"><id type="System.Guid">48055395-f1db-b65b-83f7-b3231118e0f0</id></m_testId><m_execId type="Microsoft.VisualStudio.TestTools.Common.TestExecId"><id type="System.Guid">f9d7357a-533a-4222-8dee-a04175955561</id></m_execId><m_parentExecId type="Microsoft.VisualStudio.TestTools.Common.TestExecId"><id type="System.Guid">00000000-0000-0000-0000-000000000000</id></m_parentExecId><m_categoryId type="Microsoft.VisualStudio.TestTools.Common.TestCategoryId"><id type="System.Guid">8c84fa94-04c1-424b-9868-57a2d4851a1d</id></m_categoryId><m_isTransparent type="System.Boolean">True</m_isTransparent></element><element type="Microsoft.VisualStudio.TestTools.Common.TestEntry"><m_testId type="Microsoft.VisualStudio.TestTools.Common.TestId"><id type="System.Guid">d5225d4f-a14c-b15e-07df-90ebc4b5ac4e</id></m_testId><m_execId type="Microsoft.VisualStudio.TestTools.Common.TestExecId"><id type="System.Guid">8f743c98-a4db-4f4a-95ee-5f8ea3d65a1d</id></m_execId><m_parentExecId type="Microsoft.VisualStudio.TestTools.Common.TestExecId"><id type="System.Guid">00000000-0000-0000-0000-000000000000</id></m_parentExecId><m_categoryId type="Microsoft.VisualStudio.TestTools.Common.TestCategoryId"><id type="System.Guid">8c84fa94-04c1-424b-9868-57a2d4851a1d</id></m_categoryId><m_isTransparent type="System.Boolean">True</m_isTransparent></element><element type="Microsoft.VisualStudio.TestTools.Common.TestEntry"><m_testId type="Microsoft.VisualStudio.TestTools.Common.TestId"><id type="System.Guid">723fb7b0-6010-7e5f-963b-e38a490f591c</id></m_testId><m_execId type="Microsoft.VisualStudio.TestTools.Common.TestExecId"><id type="System.Guid">8f71b2c4-f9b7-4c32-a2c5-7daebc8639db</id></m_execId><m_parentExecId type="Microsoft.VisualStudio.TestTools.Common.TestExecId"><id type="System.Guid">00000000-0000-0000-0000-000000000000</id></m_parentExecId><m_categoryId type="Microsoft.VisualStudio.TestTools.Common.TestCategoryId"><id type="System.Guid">8c84fa94-04c1-424b-9868-57a2d4851a1d</id></m_categoryId><m_isTransparent type="System.Boolean">True</m_isTransparent></element><element type="Microsoft.VisualStudio.TestTools.Common.TestEntry"><m_testId type="Microsoft.VisualStudio.TestTools.Common.TestId"><id type="System.Guid">090d7254-261b-e72c-bdd0-8f780064605f</id></m_testId><m_execId type="Microsoft.VisualStudio.TestTools.Common.TestExecId"><id type="System.Guid">8f5cc4fa-1c95-466e-935f-e64898e6e79b</id></m_execId><m_parentExecId type="Microsoft.VisualStudio.TestTools.Common.TestExecId"><id type="System.Guid">00000000-0000-0000-0000-000000000000</id></m_parentExecId><m_categoryId type="Microsoft.VisualStudio.TestTools.Common.TestCategoryId"><id type="System.Guid">8c84fa94-04c1-424b-9868-57a2d4851a1d</id></m_categoryId><m_isTransparent type="System.Boolean">True</m_isTransparent></element><element type="Microsoft.VisualStudio.TestTools.Common.TestEntry"><m_testId type="Microsoft.VisualStudio.TestTools.Common.TestId"><id type="System.Guid">59e6b3a4-6598-3cd2-4250-bedc199cc84c</id></m_testId><m_execId type="Microsoft.VisualStudio.TestTools.Common.TestExecId"><id type="System.Guid">eda56efe-0a5b-4c7f-8c85-fa2a7d746cc9</id></m_execId><m_parentExecId type="Microsoft.VisualStudio.TestTools.Common.TestExecId"><id type="System.Guid">00000000-0000-0000-0000-000000000000</id></m_parentExecId><m_categoryId type="Microsoft.VisualStudio.TestTools.Common.TestCategoryId"><id type="System.Guid">8c84fa94-04c1-424b-9868-57a2d4851a1d</id></m_categoryId><m_isTransparent type="System.Boolean">True</m_isTransparent></element><element type="Microsoft.VisualStudio.TestTools.Common.TestEntry"><m_testId type="Microsoft.VisualStudio.TestTools.Common.TestId"><id type="System.Guid">8b89b04d-ca0e-f328-b2f9-41ad40475031</id></m_testId><m_execId type="Microsoft.VisualStudio.TestTools.Common.TestExecId"><id type="System.Guid">c4b5c32d-e743-45d8-ae69-0869e6d0e91f</id></m_execId><m_parentExecId type="Microsoft.VisualStudio.TestTools.Common.TestExecId"><id type="System.Guid">00000000-0000-0000-0000-000000000000</id></m_parentExecId><m_categoryId type="Microsoft.VisualStudio.TestTools.Common.TestCategoryId"><id type="System.Guid">8c84fa94-04c1-424b-9868-57a2d4851a1d</id></m_categoryId><m_isTransparent type="System.Boolean">True</m_isTransparent></element><element type="Microsoft.VisualStudio.TestTools.Common.TestEntry"><m_testId type="Microsoft.VisualStudio.TestTools.Common.TestId"><id type="System.Guid">123fa593-4644-a58e-2877-e59cc21abeb8</id></m_testId><m_execId type="Microsoft.VisualStudio.TestTools.Common.TestExecId"><id type="System.Guid">aaa92dfe-843f-41f2-a591-93d665cc4bd4</id></m_execId><m_parentExecId type="Microsoft.VisualStudio.TestTools.Common.TestExecId"><id type="System.Guid">00000000-0000-0000-0000-000000000000</id></m_parentExecId><m_categoryId type="Microsoft.VisualStudio.TestTools.Common.TestCategoryId"><id type="System.Guid">8c84fa94-04c1-424b-9868-57a2d4851a1d</id></m_categoryId><m_isTransparent type="System.Boolean">True</m_isTransparent></element><element type="Microsoft.VisualStudio.TestTools.Common.TestEntry"><m_testId type="Microsoft.VisualStudio.TestTools.Common.TestId"><id type="System.Guid">9735510f-9bf4-8b6a-ce95-cf00987f8dd2</id></m_testId><m_execId type="Microsoft.VisualStudio.TestTools.Common.TestExecId"><id type="System.Guid">66a2fa07-84e3-4b3c-9a18-c662a7f63028</id></m_execId><m_parentExecId type="Microsoft.VisualStudio.TestTools.Common.TestExecId"><id type="System.Guid">00000000-0000-0000-0000-000000000000</id></m_parentExecId><m_categoryId type="Microsoft.VisualStudio.TestTools.Common.TestCategoryId"><id type="System.Guid">8c84fa94-04c1-424b-9868-57a2d4851a1d</id></m_categoryId><m_isTransparent type="System.Boolean">True</m_isTransparent></element><element type="Microsoft.VisualStudio.TestTools.Common.TestEntry"><m_testId type="Microsoft.VisualStudio.TestTools.Common.TestId"><id type="System.Guid">703a8c00-2424-d344-1e24-2435829aea92</id></m_testId><m_execId type="Microsoft.VisualStudio.TestTools.Common.TestExecId"><id type="System.Guid">cc5c3a6e-edeb-4ac1-b670-45bedbc52987</id></m_execId><m_parentExecId type="Microsoft.VisualStudio.TestTools.Common.TestExecId"><id type="System.Guid">00000000-0000-0000-0000-000000000000</id></m_parentExecId><m_categoryId type="Microsoft.VisualStudio.TestTools.Common.TestCategoryId"><id type="System.Guid">8c84fa94-04c1-424b-9868-57a2d4851a1d</id></m_categoryId><m_isTransparent type="System.Boolean">True</m_isTransparent></element><element type="Microsoft.VisualStudio.TestTools.Common.TestEntry"><m_testId type="Microsoft.VisualStudio.TestTools.Common.TestId"><id type="System.Guid">a694329d-ff8a-21f4-5ea3-0a8516ba28a4</id></m_testId><m_execId type="Microsoft.VisualStudio.TestTools.Common.TestExecId"><id type="System.Guid">2d83e941-4c51-4a4a-92cc-989093bf104a</id></m_execId><m_parentExecId type="Microsoft.VisualStudio.TestTools.Common.TestExecId"><id type="System.Guid">00000000-0000-0000-0000-000000000000</id></m_parentExecId><m_categoryId type="Microsoft.VisualStudio.TestTools.Common.TestCategoryId"><id type="System.Guid">8c84fa94-04c1-424b-9868-57a2d4851a1d</id></m_categoryId><m_isTransparent type="System.Boolean">True</m_isTransparent></element><element type="Microsoft.VisualStudio.TestTools.Common.TestEntry"><m_testId type="Microsoft.VisualStudio.TestTools.Common.TestId"><id type="System.Guid">04fa6563-8e5d-f9a3-5d8d-a4d5c5e7d48b</id></m_testId><m_execId type="Microsoft.VisualStudio.TestTools.Common.TestExecId"><id type="System.Guid">7a8b747b-9197-4a32-883d-97e97c7a059e</id></m_execId><m_parentExecId type="Microsoft.VisualStudio.TestTools.Common.TestExecId"><id type="System.Guid">00000000-0000-0000-0000-000000000000</id></m_parentExecId><m_categoryId type="Microsoft.VisualStudio.TestTools.Common.TestCategoryId"><id type="System.Guid">8c84fa94-04c1-424b-9868-57a2d4851a1d</id></m_categoryId><m_isTransparent type="System.Boolean">True</m_isTransparent></element><element type="Microsoft.VisualStudio.TestTools.Common.TestEntry"><m_testId type="Microsoft.VisualStudio.TestTools.Common.TestId"><id type="System.Guid">db64b1fb-9868-9c1b-dedb-0ee9842e84aa</id></m_testId><m_execId type="Microsoft.VisualStudio.TestTools.Common.TestExecId"><id type="System.Guid">2e131208-cef7-4711-813a-6c6e1ee8972b</id></m_execId><m_parentExecId type="Microsoft.VisualStudio.TestTools.Common.TestExecId"><id type="System.Guid">00000000-0000-0000-0000-000000000000</id></m_parentExecId><m_categoryId type="Microsoft.VisualStudio.TestTools.Common.TestCategoryId"><id type="System.Guid">8c84fa94-04c1-424b-9868-57a2d4851a1d</id></m_categoryId><m_isTransparent type="System.Boolean">True</m_isTransparent></element><element type="Microsoft.VisualStudio.TestTools.Common.TestEntry"><m_testId type="Microsoft.VisualStudio.TestTools.Common.TestId"><id type="System.Guid">3a1bdbc6-dfba-afc5-9242-b02ff1ad7de4</id></m_testId><m_execId type="Microsoft.VisualStudio.TestTools.Common.TestExecId"><id type="System.Guid">c192d30c-d381-47e5-8931-3ef69e73b4c7</id></m_execId><m_parentExecId type="Microsoft.VisualStudio.TestTools.Common.TestExecId"><id type="System.Guid">00000000-0000-0000-0000-000000000000</id></m_parentExecId><m_categoryId type="Microsoft.VisualStudio.TestTools.Common.TestCategoryId"><id type="System.Guid">8c84fa94-04c1-424b-9868-57a2d4851a1d</id></m_categoryId><m_isTransparent type="System.Boolean">True</m_isTransparent></element><element type="Microsoft.VisualStudio.TestTools.Common.TestEntry"><m_testId type="Microsoft.VisualStudio.TestTools.Common.TestId"><id type="System.Guid">4d723b81-bd2c-0eaf-654e-9d9f09ba005d</id></m_testId><m_execId type="Microsoft.VisualStudio.TestTools.Common.TestExecId"><id type="System.Guid">6ebc2518-6a3c-462f-910b-c4f7b8a6217e</id></m_execId><m_parentExecId type="Microsoft.VisualStudio.TestTools.Common.TestExecId"><id type="System.Guid">00000000-0000-0000-0000-000000000000</id></m_parentExecId><m_categoryId type="Microsoft.VisualStudio.TestTools.Common.TestCategoryId"><id type="System.Guid">8c84fa94-04c1-424b-9868-57a2d4851a1d</id></m_categoryId><m_isTransparent type="System.Boolean">True</m_isTransparent></element><element type="Microsoft.VisualStudio.TestTools.Common.TestEntry"><m_testId type="Microsoft.VisualStudio.TestTools.Common.TestId"><id type="System.Guid">bd50cfe3-1983-632c-ace3-55bf65bcb055</id></m_testId><m_execId type="Microsoft.VisualStudio.TestTools.Common.TestExecId"><id type="System.Guid">703e14bd-40ed-46ff-90ba-bf66b8453a58</id></m_execId><m_parentExecId type="Microsoft.VisualStudio.TestTools.Common.TestExecId"><id type="System.Guid">00000000-0000-0000-0000-000000000000</id></m_parentExecId><m_categoryId type="Microsoft.VisualStudio.TestTools.Common.TestCategoryId"><id type="System.Guid">8c84fa94-04c1-424b-9868-57a2d4851a1d</id></m_categoryId><m_isTransparent type="System.Boolean">True</m_isTransparent></element><element type="Microsoft.VisualStudio.TestTools.Common.TestEntry"><m_testId type="Microsoft.VisualStudio.TestTools.Common.TestId"><id type="System.Guid">4260dc51-04f3-2305-4590-b79a6b3c927a</id></m_testId><m_execId type="Microsoft.VisualStudio.TestTools.Common.TestExecId"><id type="System.Guid">680b5810-d3d7-41a1-abeb-ace150a234d2</id></m_execId><m_parentExecId type="Microsoft.VisualStudio.TestTools.Common.TestExecId"><id type="System.Guid">00000000-0000-0000-0000-000000000000</id></m_parentExecId><m_categoryId type="Microsoft.VisualStudio.TestTools.Common.TestCategoryId"><id type="System.Guid">8c84fa94-04c1-424b-9868-57a2d4851a1d</id></m_categoryId><m_isTransparent type="System.Boolean">True</m_isTransparent></element><element type="Microsoft.VisualStudio.TestTools.Common.TestEntry"><m_testId type="Microsoft.VisualStudio.TestTools.Common.TestId"><id type="System.Guid">00c2cac3-b090-8717-93c2-b564edf5a48b</id></m_testId><m_execId type="Microsoft.VisualStudio.TestTools.Common.TestExecId"><id type="System.Guid">038b4849-ed03-44e0-b4ba-39522cec5a7a</id></m_execId><m_parentExecId type="Microsoft.VisualStudio.TestTools.Common.TestExecId"><id type="System.Guid">00000000-0000-0000-0000-000000000000</id></m_parentExecId><m_categoryId type="Microsoft.VisualStudio.TestTools.Common.TestCategoryId"><id type="System.Guid">8c84fa94-04c1-424b-9868-57a2d4851a1d</id></m_categoryId><m_isTransparent type="System.Boolean">True</m_isTransparent></element><element type="Microsoft.VisualStudio.TestTools.Common.TestEntry"><m_testId type="Microsoft.VisualStudio.TestTools.Common.TestId"><id type="System.Guid">0f951b59-df0d-6b96-453d-25c75d494558</id></m_testId><m_execId type="Microsoft.VisualStudio.TestTools.Common.TestExecId"><id type="System.Guid">2ea55ea7-0a03-4742-8864-2444adf8a2d3</id></m_execId><m_parentExecId type="Microsoft.VisualStudio.TestTools.Common.TestExecId"><id type="System.Guid">00000000-0000-0000-0000-000000000000</id></m_parentExecId><m_categoryId type="Microsoft.VisualStudio.TestTools.Common.TestCategoryId"><id type="System.Guid">8c84fa94-04c1-424b-9868-57a2d4851a1d</id></m_categoryId><m_isTransparent type="System.Boolean">True</m_isTransparent></element></entries></TestRun><UnitTestResult type="Microsoft.VisualStudio.TestTools.TestTypes.Unit.UnitTestResult, Microsoft.VisualStudio.QualityTools.Tips.UnitTest.ObjectModel, Version=8.0.0.0, Culture=neutral, PublicKeyToken=b03f5f7f11d50a3a"><resultType type="Microsoft.VisualStudio.TestTools.TestTypes.Unit.UnitTestResultType, Microsoft.VisualStudio.QualityTools.Tips.UnitTest.ObjectModel, Version=8.0.0.0, Culture=neutral, PublicKeyToken=b03f5f7f11d50a3a"><value__ type="System.Int32">0</value__></resultType><m_hasSufficientAccess type="System.Boolean">True</m_hasSufficientAccess><counters type="Microsoft.VisualStudio.TestTools.Common.TestResultCounter"><values type="System.Int32">0,0,0,0,0,0,0,0,0,0,0,0,0,0</values><total type="System.Int32">1</total></counters><categoryId type="Microsoft.VisualStudio.TestTools.Common.TestCategoryId"><id type="System.Guid">8c84fa94-04c1-424b-9868-57a2d4851a1d</id></categoryId><outcome type="Microsoft.VisualStudio.TestTools.Common.TestOutcome"><value__ type="System.Int32">4</value__></outcome><errorInfo type="Microsoft.VisualStudio.TestTools.Common.TestResultErrorInfo"><message type="System.String">Assert.Inconclusive failed. Generics testing must be manually provided.</message><stackTrace type="System.String">   at Test.GridTest.addElementTest() in C:\Documents and Settings\Raymond\My Documents\SCHOOL\ImperatiefProgrammeren\IMPRO\Implementatie\Test\GridTest.cs:line 86
</stackTrace></errorInfo><traceInfo type="Microsoft.VisualStudio.TestTools.Common.TestExecutionTraceInformation"><trace type="System.Text.StringBuilder">Creating instance of class Test.GridTest.
Calling Test method Test.GridTest.Microsoft.VisualStudio.TestTools.TestTypes.Unit.TestMethod.
</trace></traceInfo><stdout type="System.String" /><stderr type="System.String" /><debugTrace type="System.String" /><workItemIds type="System.Collections.Generic.List`1[[System.Int32, mscorlib, Version=2.0.0.0, Culture=neutral, PublicKeyToken=b77a5c561934e089]]"><_size type="System.Int32">0</_size><_version type="System.Int32">1</_version></workItemIds><id type="Microsoft.VisualStudio.TestTools.Common.TestResultId"><runId type="System.Guid">5a2f5059-485e-4e1f-86ff-af976d911ca8</runId><executionId type="Microsoft.VisualStudio.TestTools.Common.TestExecId"><id type="System.Guid">c69cf345-4b7d-472d-ab89-d924b205da72</id></executionId><parentExecId type="Microsoft.VisualStudio.TestTools.Common.TestExecId"><id type="System.Guid">00000000-0000-0000-0000-000000000000</id></parentExecId><testId type="Microsoft.VisualStudio.TestTools.Common.TestId"><id type="System.Guid">899ec6c1-afa7-10ef-84f4-7682c291428e</id></testId></id><testName type="System.String">addElementTest</testName><testType type="Microsoft.VisualStudio.TestTools.Common.TestType"><id type="System.Guid">13cdc9d9-ddb5-4fa4-a97d-d965ccfc6d4b</id></testType><messageKind type="Microsoft.VisualStudio.TestTools.Common.TestMessageKind"><value__ type="System.Int32">1</value__></messageKind><computerInfo type="Microsoft.VisualStudio.TestTools.Common.ComputerInfo"><m_computerName type="System.String">LAPTOP</m_computerName></computerInfo><duration type="System.TimeSpan">00:00:00.1598697</duration><startTime type="System.DateTime"><dateData type="System.UInt64">633122559896718750</dateData></startTime><endTime type="System.DateTime"><dateData type="System.UInt64">633122559904531250</dateData></endTime><spoolMessage type="System.Boolean">True</spoolMessage></UnitTestResult><UnitTestResult type="Microsoft.VisualStudio.TestTools.TestTypes.Unit.UnitTestResult, Microsoft.VisualStudio.QualityTools.Tips.UnitTest.ObjectModel, Version=8.0.0.0, Culture=neutral, PublicKeyToken=b03f5f7f11d50a3a"><resultType type="Microsoft.VisualStudio.TestTools.TestTypes.Unit.UnitTestResultType, Microsoft.VisualStudio.QualityTools.Tips.UnitTest.ObjectModel, Version=8.0.0.0, Culture=neutral, PublicKeyToken=b03f5f7f11d50a3a"><value__ type="System.Int32">0</value__></resultType><m_hasSufficientAccess type="System.Boolean">True</m_hasSufficientAccess><counters type="Microsoft.VisualStudio.TestTools.Common.TestResultCounter"><values type="System.Int32">0,0,0,0,0,0,0,0,0,0,0,0,0,0</values><total type="System.Int32">1</total></counters><categoryId type="Microsoft.VisualStudio.TestTools.Common.TestCategoryId"><id type="System.Guid">8c84fa94-04c1-424b-9868-57a2d4851a1d</id></categoryId><outcome type="Microsoft.VisualStudio.TestTools.Common.TestOutcome"><value__ type="System.Int32">4</value__></outcome><errorInfo type="Microsoft.VisualStudio.TestTools.Common.TestResultErrorInfo"><message type="System.String">Assert.Inconclusive failed. Generics testing must be manually provided.</message><stackTrace type="System.String">   at Test.GridTest.elementsTest() in C:\Documents and Settings\Raymond\My Documents\SCHOOL\ImperatiefProgrammeren\IMPRO\Implementatie\Test\GridTest.cs:line 102
</stackTrace></errorInfo><traceInfo type="Microsoft.VisualStudio.TestTools.Common.TestExecutionTraceInformation"><trace type="System.Text.StringBuilder">Creating instance of class Test.GridTest.
Calling Test method Test.GridTest.Microsoft.VisualStudio.TestTools.TestTypes.Unit.TestMethod.
</trace></traceInfo><stdout type="System.String" /><stderr type="System.String" /><debugTrace type="System.String" /><workItemIds type="System.Collections.Generic.List`1[[System.Int32, mscorlib, Version=2.0.0.0, Culture=neutral, PublicKeyToken=b77a5c561934e089]]"><_size type="System.Int32">0</_size><_version type="System.Int32">1</_version></workItemIds><id type="Microsoft.VisualStudio.TestTools.Common.TestResultId"><runId type="System.Guid">5a2f5059-485e-4e1f-86ff-af976d911ca8</runId><executionId type="Microsoft.VisualStudio.TestTools.Common.TestExecId"><id type="System.Guid">bf0536b9-18a9-4377-bc57-b072d2047899</id></executionId><parentExecId type="Microsoft.VisualStudio.TestTools.Common.TestExecId"><id type="System.Guid">00000000-0000-0000-0000-000000000000</id></parentExecId><testId type="Microsoft.VisualStudio.TestTools.Common.TestId"><id type="System.Guid">b65e8f30-2c4a-c5a1-1de2-cb0ba93e9d82</id></testId></id><testName type="System.String">elementsTest</testName><testType type="Microsoft.VisualStudio.TestTools.Common.TestType"><id type="System.Guid">13cdc9d9-ddb5-4fa4-a97d-d965ccfc6d4b</id></testType><messageKind type="Microsoft.VisualStudio.TestTools.Common.TestMessageKind"><value__ type="System.Int32">1</value__></messageKind><computerInfo type="Microsoft.VisualStudio.TestTools.Common.ComputerInfo"><m_computerName type="System.String">LAPTOP</m_computerName></computerInfo><duration type="System.TimeSpan">00:00:00.0133391</duration><startTime type="System.DateTime"><dateData type="System.UInt64">633122559904687500</dateData></startTime><endTime type="System.DateTime"><dateData type="System.UInt64">633122559904843750</dateData></endTime><spoolMessage type="System.Boolean">True</spoolMessage></UnitTestResult><UnitTestResult type="Microsoft.VisualStudio.TestTools.TestTypes.Unit.UnitTestResult, Microsoft.VisualStudio.QualityTools.Tips.UnitTest.ObjectModel, Version=8.0.0.0, Culture=neutral, PublicKeyToken=b03f5f7f11d50a3a"><resultType type="Microsoft.VisualStudio.TestTools.TestTypes.Unit.UnitTestResultType, Microsoft.VisualStudio.QualityTools.Tips.UnitTest.ObjectModel, Version=8.0.0.0, Culture=neutral, PublicKeyToken=b03f5f7f11d50a3a"><value__ type="System.Int32">0</value__></resultType><m_hasSufficientAccess type="System.Boolean">True</m_hasSufficientAccess><counters type="Microsoft.VisualStudio.TestTools.Common.TestResultCounter"><values type="System.Int32">0,0,0,0,0,0,0,0,0,0,0,0,0,0</values><total type="System.Int32">1</total></counters><categoryId type="Microsoft.VisualStudio.TestTools.Common.TestCategoryId"><id type="System.Guid">8c84fa94-04c1-424b-9868-57a2d4851a1d</id></categoryId><outcome type="Microsoft.VisualStudio.TestTools.Common.TestOutcome"><value__ type="System.Int32">1</value__></outcome><errorInfo type="Microsoft.VisualStudio.TestTools.Common.TestResultErrorInfo"><message type="System.String">Assert.Fail failed. Unit Test Generation Error: A private accessor could not be created for Grid.Grid&lt;T&gt;.getContainerAt: Private accessors cannot be created for generic types</message><stackTrace type="System.String">   at Test.GridTest.getContainerAtTest() in C:\Documents and Settings\Raymond\My Documents\SCHOOL\ImperatiefProgrammeren\IMPRO\Implementatie\Test\GridTest.cs:line 112
</stackTrace></errorInfo><traceInfo type="Microsoft.VisualStudio.TestTools.Common.TestExecutionTraceInformation"><trace type="System.Text.StringBuilder">Creating instance of class Test.GridTest.
Calling Test method Test.GridTest.Microsoft.VisualStudio.TestTools.TestTypes.Unit.TestMethod.
</trace></traceInfo><stdout type="System.String" /><stderr type="System.String" /><debugTrace type="System.String" /><workItemIds type="System.Collections.Generic.List`1[[System.Int32, mscorlib, Version=2.0.0.0, Culture=neutral, PublicKeyToken=b77a5c561934e089]]"><_size type="System.Int32">0</_size><_version type="System.Int32">1</_version></workItemIds><id type="Microsoft.VisualStudio.TestTools.Common.TestResultId"><runId type="System.Guid">5a2f5059-485e-4e1f-86ff-af976d911ca8</runId><executionId type="Microsoft.VisualStudio.TestTools.Common.TestExecId"><id type="System.Guid">92f7a183-7140-402b-b921-e0fe262382c3</id></executionId><parentExecId type="Microsoft.VisualStudio.TestTools.Common.TestExecId"><id type="System.Guid">00000000-0000-0000-0000-000000000000</id></parentExecId><testId type="Microsoft.VisualStudio.TestTools.Common.TestId"><id type="System.Guid">46fb74d3-ad73-b3d5-a7f7-c60c3351f636</id></testId></id><testName type="System.String">getContainerAtTest</testName><testType type="Microsoft.VisualStudio.TestTools.Common.TestType"><id type="System.Guid">13cdc9d9-ddb5-4fa4-a97d-d965ccfc6d4b</id></testType><messageKind type="Microsoft.VisualStudio.TestTools.Common.TestMessageKind"><value__ type="System.Int32">1</value__></messageKind><computerInfo type="Microsoft.VisualStudio.TestTools.Common.ComputerInfo"><m_computerName type="System.String">LAPTOP</m_computerName></computerInfo><duration type="System.TimeSpan">00:00:00.0116699</duration><startTime type="System.DateTime"><dateData type="System.UInt64">633122559904843750</dateData></startTime><endTime type="System.DateTime"><dateData type="System.UInt64">633122559905156250</dateData></endTime><spoolMessage type="System.Boolean">True</spoolMessage></UnitTestResult><UnitTestResult type="Microsoft.VisualStudio.TestTools.TestTypes.Unit.UnitTestResult, Microsoft.VisualStudio.QualityTools.Tips.UnitTest.ObjectModel, Version=8.0.0.0, Culture=neutral, PublicKeyToken=b03f5f7f11d50a3a"><resultType type="Microsoft.VisualStudio.TestTools.TestTypes.Unit.UnitTestResultType, Microsoft.VisualStudio.QualityTools.Tips.UnitTest.ObjectModel, Version=8.0.0.0, Culture=neutral, PublicKeyToken=b03f5f7f11d50a3a"><value__ type="System.Int32">0</value__></resultType><m_hasSufficientAccess type="System.Boolean">True</m_hasSufficientAccess><counters type="Microsoft.VisualStudio.TestTools.Common.TestResultCounter"><values type="System.Int32">0,0,0,0,0,0,0,0,0,0,0,0,0,0</values><total type="System.Int32">1</total></counters><categoryId type="Microsoft.VisualStudio.TestTools.Common.TestCategoryId"><id type="System.Guid">8c84fa94-04c1-424b-9868-57a2d4851a1d</id></categoryId><outcome type="Microsoft.VisualStudio.TestTools.Common.TestOutcome"><value__ type="System.Int32">4</value__></outcome><errorInfo type="Microsoft.VisualStudio.TestTools.Common.TestResultErrorInfo"><message type="System.String">Assert.Inconclusive failed. Generics testing must be manually provided.</message><stackTrace type="System.String">   at Test.GridTest.getElementAtTest() in C:\Documents and Settings\Raymond\My Documents\SCHOOL\ImperatiefProgrammeren\IMPRO\Implementatie\Test\GridTest.cs:line 133
</stackTrace></errorInfo><traceInfo type="Microsoft.VisualStudio.TestTools.Common.TestExecutionTraceInformation"><trace type="System.Text.StringBuilder">Creating instance of class Test.GridTest.
Calling Test method Test.GridTest.Microsoft.VisualStudio.TestTools.TestTypes.Unit.TestMethod.
</trace></traceInfo><stdout type="System.String" /><stderr type="System.String" /><debugTrace type="System.String" /><workItemIds type="System.Collections.Generic.List`1[[System.Int32, mscorlib, Version=2.0.0.0, Culture=neutral, PublicKeyToken=b77a5c561934e089]]"><_size type="System.Int32">0</_size><_version type="System.Int32">1</_version></workItemIds><id type="Microsoft.VisualStudio.TestTools.Common.TestResultId"><runId type="System.Guid">5a2f5059-485e-4e1f-86ff-af976d911ca8</runId><executionId type="Microsoft.VisualStudio.TestTools.Common.TestExecId"><id type="System.Guid">6bff4716-8bc9-4835-8e74-573b0cd1bb1a</id></executionId><parentExecId type="Microsoft.VisualStudio.TestTools.Common.TestExecId"><id type="System.Guid">00000000-0000-0000-0000-000000000000</id></parentExecId><testId type="Microsoft.VisualStudio.TestTools.Common.TestId"><id type="System.Guid">86929831-8533-630c-4cb7-97d17fe7a0a0</id></testId></id><testName type="System.String">getElementAtTest</testName><testType type="Microsoft.VisualStudio.TestTools.Common.TestType"><id type="System.Guid">13cdc9d9-ddb5-4fa4-a97d-d965ccfc6d4b</id></testType><messageKind type="Microsoft.VisualStudio.TestTools.Common.TestMessageKind"><value__ type="System.Int32">1</value__></messageKind><computerInfo type="Microsoft.VisualStudio.TestTools.Common.ComputerInfo"><m_computerName type="System.String">LAPTOP</m_computerName></computerInfo><duration type="System.TimeSpan">00:00:00.0113902</duration><startTime type="System.DateTime"><dateData type="System.UInt64">633122559905156250</dateData></startTime><endTime type="System.DateTime"><dateData type="System.UInt64">633122559905468750</dateData></endTime><spoolMessage type="System.Boolean">True</spoolMessage></UnitTestResult><UnitTestResult type="Microsoft.VisualStudio.TestTools.TestTypes.Unit.UnitTestResult, Microsoft.VisualStudio.QualityTools.Tips.UnitTest.ObjectModel, Version=8.0.0.0, Culture=neutral, PublicKeyToken=b03f5f7f11d50a3a"><resultType type="Microsoft.VisualStudio.TestTools.TestTypes.Unit.UnitTestResultType, Microsoft.VisualStudio.QualityTools.Tips.UnitTest.ObjectModel, Version=8.0.0.0, Culture=neutral, PublicKeyToken=b03f5f7f11d50a3a"><value__ type="System.Int32">0</value__></resultType><m_hasSufficientAccess type="System.Boolean">True</m_hasSufficientAccess><counters type="Microsoft.VisualStudio.TestTools.Common.TestResultCounter"><values type="System.Int32">0,0,0,0,0,0,0,0,0,0,0,0,0,0</values><total type="System.Int32">1</total></counters><categoryId type="Microsoft.VisualStudio.TestTools.Common.TestCategoryId"><id type="System.Guid">8c84fa94-04c1-424b-9868-57a2d4851a1d</id></categoryId><outcome type="Microsoft.VisualStudio.TestTools.Common.TestOutcome"><value__ type="System.Int32">4</value__></outcome><errorInfo type="Microsoft.VisualStudio.TestTools.Common.TestResultErrorInfo"><message type="System.String">Assert.Inconclusive failed. Generics testing must be manually provided.</message><stackTrace type="System.String">   at Test.GridTest.getElementPositionsTest() in C:\Documents and Settings\Raymond\My Documents\SCHOOL\ImperatiefProgrammeren\IMPRO\Implementatie\Test\GridTest.cs:line 153
</stackTrace></errorInfo><traceInfo type="Microsoft.VisualStudio.TestTools.Common.TestExecutionTraceInformation"><trace type="System.Text.StringBuilder">Creating instance of class Test.GridTest.
Calling Test method Test.GridTest.Microsoft.VisualStudio.TestTools.TestTypes.Unit.TestMethod.
</trace></traceInfo><stdout type="System.String" /><stderr type="System.String" /><debugTrace type="System.String" /><workItemIds type="System.Collections.Generic.List`1[[System.Int32, mscorlib, Version=2.0.0.0, Culture=neutral, PublicKeyToken=b77a5c561934e089]]"><_size type="System.Int32">0</_size><_version type="System.Int32">1</_version></workItemIds><id type="Microsoft.VisualStudio.TestTools.Common.TestResultId"><runId type="System.Guid">5a2f5059-485e-4e1f-86ff-af976d911ca8</runId><executionId type="Microsoft.VisualStudio.TestTools.Common.TestExecId"><id type="System.Guid">3e53b60f-24bc-4da8-9722-8019707c6da0</id></executionId><parentExecId type="Microsoft.VisualStudio.TestTools.Common.TestExecId"><id type="System.Guid">00000000-0000-0000-0000-000000000000</id></parentExecId><testId type="Microsoft.VisualStudio.TestTools.Common.TestId"><id type="System.Guid">a434dee9-7b4c-67b1-a2e5-0b98c5386c81</id></testId></id><testName type="System.String">getElementPositionsTest</testName><testType type="Microsoft.VisualStudio.TestTools.Common.TestType"><id type="System.Guid">13cdc9d9-ddb5-4fa4-a97d-d965ccfc6d4b</id></testType><messageKind type="Microsoft.VisualStudio.TestTools.Common.TestMessageKind"><value__ type="System.Int32">1</value__></messageKind><computerInfo type="Microsoft.VisualStudio.TestTools.Common.ComputerInfo"><m_computerName type="System.String">LAPTOP</m_computerName></computerInfo><duration type="System.TimeSpan">00:00:00.0138461</duration><startTime type="System.DateTime"><dateData type="System.UInt64">633122559905468750</dateData></startTime><endTime type="System.DateTime"><dateData type="System.UInt64">633122559905781250</dateData></endTime><spoolMessage type="System.Boolean">True</spoolMessage></UnitTestResult><UnitTestResult type="Microsoft.VisualStudio.TestTools.TestTypes.Unit.UnitTestResult, Microsoft.VisualStudio.QualityTools.Tips.UnitTest.ObjectModel, Version=8.0.0.0, Culture=neutral, PublicKeyToken=b03f5f7f11d50a3a"><resultType type="Microsoft.VisualStudio.TestTools.TestTypes.Unit.UnitTestResultType, Microsoft.VisualStudio.QualityTools.Tips.UnitTest.ObjectModel, Version=8.0.0.0, Culture=neutral, PublicKeyToken=b03f5f7f11d50a3a"><value__ type="System.Int32">0</value__></resultType><m_hasSufficientAccess type="System.Boolean">True</m_hasSufficientAccess><counters type="Microsoft.VisualStudio.TestTools.Common.TestResultCounter"><values type="System.Int32">0,0,0,0,0,0,0,0,0,0,0,0,0,0</values><total type="System.Int32">1</total></counters><categoryId type="Microsoft.VisualStudio.TestTools.Common.TestCategoryId"><id type="System.Guid">8c84fa94-04c1-424b-9868-57a2d4851a1d</id></categoryId><outcome type="Microsoft.VisualStudio.TestTools.Common.TestOutcome"><value__ type="System.Int32">4</value__></outcome><errorInfo type="Microsoft.VisualStudio.TestTools.Common.TestResultErrorInfo"><message type="System.String">Assert.Inconclusive failed. Generics testing must be manually provided.</message><stackTrace type="System.String">   at Test.GridTest.ConstructorTest() in C:\Documents and Settings\Raymond\My Documents\SCHOOL\ImperatiefProgrammeren\IMPRO\Implementatie\Test\GridTest.cs:line 166
</stackTrace></errorInfo><traceInfo type="Microsoft.VisualStudio.TestTools.Common.TestExecutionTraceInformation"><trace type="System.Text.StringBuilder">Creating instance of class Test.GridTest.
Calling Test method Test.GridTest.Microsoft.VisualStudio.TestTools.TestTypes.Unit.TestMethod.
</trace></traceInfo><stdout type="System.String" /><stderr type="System.String" /><debugTrace type="System.String" /><workItemIds type="System.Collections.Generic.List`1[[System.Int32, mscorlib, Version=2.0.0.0, Culture=neutral, PublicKeyToken=b77a5c561934e089]]"><_size type="System.Int32">0</_size><_version type="System.Int32">1</_version></workItemIds><id type="Microsoft.VisualStudio.TestTools.Common.TestResultId"><runId type="System.Guid">5a2f5059-485e-4e1f-86ff-af976d911ca8</runId><executionId type="Microsoft.VisualStudio.TestTools.Common.TestExecId"><id type="System.Guid">de7d8ebe-e62f-4856-a135-7c9a312f1698</id></executionId><parentExecId type="Microsoft.VisualStudio.TestTools.Common.TestExecId"><id type="System.Guid">00000000-0000-0000-0000-000000000000</id></parentExecId><testId type="Microsoft.VisualStudio.TestTools.Common.TestId"><id type="System.Guid">65e7923a-66c7-e957-ebf3-eb61a92c6f20</id></testId></id><testName type="System.String">ConstructorTest</testName><testType type="Microsoft.VisualStudio.TestTools.Common.TestType"><id type="System.Guid">13cdc9d9-ddb5-4fa4-a97d-d965ccfc6d4b</id></testType><messageKind type="Microsoft.VisualStudio.TestTools.Common.TestMessageKind"><value__ type="System.Int32">1</value__></messageKind><computerInfo type="Microsoft.VisualStudio.TestTools.Common.ComputerInfo"><m_computerName type="System.String">LAPTOP</m_computerName></computerInfo><duration type="System.TimeSpan">00:00:00.0105552</duration><startTime type="System.DateTime"><dateData type="System.UInt64">633122559905781250</dateData></startTime><endTime type="System.DateTime"><dateData type="System.UInt64">633122559906093750</dateData></endTime><spoolMessage type="System.Boolean">True</spoolMessage></UnitTestResult><UnitTestResult type="Microsoft.VisualStudio.TestTools.TestTypes.Unit.UnitTestResult, Microsoft.VisualStudio.QualityTools.Tips.UnitTest.ObjectModel, Version=8.0.0.0, Culture=neutral, PublicKeyToken=b03f5f7f11d50a3a"><resultType type="Microsoft.VisualStudio.TestTools.TestTypes.Unit.UnitTestResultType, Microsoft.VisualStudio.QualityTools.Tips.UnitTest.ObjectModel, Version=8.0.0.0, Culture=neutral, PublicKeyToken=b03f5f7f11d50a3a"><value__ type="System.Int32">0</value__></resultType><m_hasSufficientAccess type="System.Boolean">True</m_hasSufficientAccess><counters type="Microsoft.VisualStudio.TestTools.Common.TestResultCounter"><values type="System.Int32">0,0,0,0,0,0,0,0,0,0,0,0,0,0</values><total type="System.Int32">1</total></counters><categoryId type="Microsoft.VisualStudio.TestTools.Common.TestCategoryId"><id type="System.Guid">8c84fa94-04c1-424b-9868-57a2d4851a1d</id></categoryId><outcome type="Microsoft.VisualStudio.TestTools.Common.TestOutcome"><value__ type="System.Int32">1</value__></outcome><errorInfo type="Microsoft.VisualStudio.TestTools.Common.TestResultErrorInfo"><message type="System.String">Assert.Fail failed. Unit Test Generation Error: A private accessor could not be created for Grid.Grid&lt;T&gt;.indexToLocation: Private accessors cannot be created for generic types</message><stackTrace type="System.String">   at Test.GridTest.indexToLocationTest() in C:\Documents and Settings\Raymond\My Documents\SCHOOL\ImperatiefProgrammeren\IMPRO\Implementatie\Test\GridTest.cs:line 176
</stackTrace></errorInfo><traceInfo type="Microsoft.VisualStudio.TestTools.Common.TestExecutionTraceInformation"><trace type="System.Text.StringBuilder">Creating instance of class Test.GridTest.
Calling Test method Test.GridTest.Microsoft.VisualStudio.TestTools.TestTypes.Unit.TestMethod.
</trace></traceInfo><stdout type="System.String" /><stderr type="System.String" /><debugTrace type="System.String" /><workItemIds type="System.Collections.Generic.List`1[[System.Int32, mscorlib, Version=2.0.0.0, Culture=neutral, PublicKeyToken=b77a5c561934e089]]"><_size type="System.Int32">0</_size><_version type="System.Int32">1</_version></workItemIds><id type="Microsoft.VisualStudio.TestTools.Common.TestResultId"><runId type="System.Guid">5a2f5059-485e-4e1f-86ff-af976d911ca8</runId><executionId type="Microsoft.VisualStudio.TestTools.Common.TestExecId"><id type="System.Guid">10557df2-9067-4665-a721-94478ac422bd</id></executionId><parentExecId type="Microsoft.VisualStudio.TestTools.Common.TestExecId"><id type="System.Guid">00000000-0000-0000-0000-000000000000</id></parentExecId><testId type="Microsoft.VisualStudio.TestTools.Common.TestId"><id type="System.Guid">f67afbaa-19ad-d98e-9653-8ab2e299d8d1</id></testId></id><testName type="System.String">indexToLocationTest</testName><testType type="Microsoft.VisualStudio.TestTools.Common.TestType"><id type="System.Guid">13cdc9d9-ddb5-4fa4-a97d-d965ccfc6d4b</id></testType><messageKind type="Microsoft.VisualStudio.TestTools.Common.TestMessageKind"><value__ type="System.Int32">1</value__></messageKind><computerInfo type="Microsoft.VisualStudio.TestTools.Common.ComputerInfo"><m_computerName type="System.String">LAPTOP</m_computerName></computerInfo><duration type="System.TimeSpan">00:00:00.0105907</duration><startTime type="System.DateTime"><dateData type="System.UInt64">633122559906093750</dateData></startTime><endTime type="System.DateTime"><dateData type="System.UInt64">633122559906250000</dateData></endTime><spoolMessage type="System.Boolean">True</spoolMessage></UnitTestResult><UnitTestResult type="Microsoft.VisualStudio.TestTools.TestTypes.Unit.UnitTestResult, Microsoft.VisualStudio.QualityTools.Tips.UnitTest.ObjectModel, Version=8.0.0.0, Culture=neutral, PublicKeyToken=b03f5f7f11d50a3a"><resultType type="Microsoft.VisualStudio.TestTools.TestTypes.Unit.UnitTestResultType, Microsoft.VisualStudio.QualityTools.Tips.UnitTest.ObjectModel, Version=8.0.0.0, Culture=neutral, PublicKeyToken=b03f5f7f11d50a3a"><value__ type="System.Int32">0</value__></resultType><m_hasSufficientAccess type="System.Boolean">True</m_hasSufficientAccess><counters type="Microsoft.VisualStudio.TestTools.Common.TestResultCounter"><values type="System.Int32">0,0,0,0,0,0,0,0,0,0,0,0,0,0</values><total type="System.Int32">1</total></counters><categoryId type="Microsoft.VisualStudio.TestTools.Common.TestCategoryId"><id type="System.Guid">8c84fa94-04c1-424b-9868-57a2d4851a1d</id></categoryId><outcome type="Microsoft.VisualStudio.TestTools.Common.TestOutcome"><value__ type="System.Int32">4</value__></outcome><errorInfo type="Microsoft.VisualStudio.TestTools.Common.TestResultErrorInfo"><message type="System.String">Assert.Inconclusive failed. Generics testing must be manually provided.</message><stackTrace type="System.String">   at Test.GridTest.isAvailableTest() in C:\Documents and Settings\Raymond\My Documents\SCHOOL\ImperatiefProgrammeren\IMPRO\Implementatie\Test\GridTest.cs:line 197
</stackTrace></errorInfo><traceInfo type="Microsoft.VisualStudio.TestTools.Common.TestExecutionTraceInformation"><trace type="System.Text.StringBuilder">Creating instance of class Test.GridTest.
Calling Test method Test.GridTest.Microsoft.VisualStudio.TestTools.TestTypes.Unit.TestMethod.
</trace></traceInfo><stdout type="System.String" /><stderr type="System.String" /><debugTrace type="System.String" /><workItemIds type="System.Collections.Generic.List`1[[System.Int32, mscorlib, Version=2.0.0.0, Culture=neutral, PublicKeyToken=b77a5c561934e089]]"><_size type="System.Int32">0</_size><_version type="System.Int32">1</_version></workItemIds><id type="Microsoft.VisualStudio.TestTools.Common.TestResultId"><runId type="System.Guid">5a2f5059-485e-4e1f-86ff-af976d911ca8</runId><executionId type="Microsoft.VisualStudio.TestTools.Common.TestExecId"><id type="System.Guid">52a7d84e-f7f3-400b-af30-494c2abfc7cf</id></executionId><parentExecId type="Microsoft.VisualStudio.TestTools.Common.TestExecId"><id type="System.Guid">00000000-0000-0000-0000-000000000000</id></parentExecId><testId type="Microsoft.VisualStudio.TestTools.Common.TestId"><id type="System.Guid">ba5c28ce-c1ff-90f9-ed35-d073d793c41e</id></testId></id><testName type="System.String">isAvailableTest</testName><testType type="Microsoft.VisualStudio.TestTools.Common.TestType"><id type="System.Guid">13cdc9d9-ddb5-4fa4-a97d-d965ccfc6d4b</id></testType><messageKind type="Microsoft.VisualStudio.TestTools.Common.TestMessageKind"><value__ type="System.Int32">1</value__></messageKind><computerInfo type="Microsoft.VisualStudio.TestTools.Common.ComputerInfo"><m_computerName type="System.String">LAPTOP</m_computerName></computerInfo><duration type="System.TimeSpan">00:00:00.0106946</duration><startTime type="System.DateTime"><dateData type="System.UInt64">633122559906250000</dateData></startTime><endTime type="System.DateTime"><dateData type="System.UInt64">633122559906562500</dateData></endTime><spoolMessage type="System.Boolean">True</spoolMessage></UnitTestResult><UnitTestResult type="Microsoft.VisualStudio.TestTools.TestTypes.Unit.UnitTestResult, Microsoft.VisualStudio.QualityTools.Tips.UnitTest.ObjectModel, Version=8.0.0.0, Culture=neutral, PublicKeyToken=b03f5f7f11d50a3a"><resultType type="Microsoft.VisualStudio.TestTools.TestTypes.Unit.UnitTestResultType, Microsoft.VisualStudio.QualityTools.Tips.UnitTest.ObjectModel, Version=8.0.0.0, Culture=neutral, PublicKeyToken=b03f5f7f11d50a3a"><value__ type="System.Int32">0</value__></resultType><m_hasSufficientAccess type="System.Boolean">True</m_hasSufficientAccess><counters type="Microsoft.VisualStudio.TestTools.Common.TestResultCounter"><values type="System.Int32">0,0,0,0,0,0,0,0,0,0,0,0,0,0</values><total type="System.Int32">1</total></counters><categoryId type="Microsoft.VisualStudio.TestTools.Common.TestCategoryId"><id type="System.Guid">8c84fa94-04c1-424b-9868-57a2d4851a1d</id></categoryId><outcome type="Microsoft.VisualStudio.TestTools.Common.TestOutcome"><value__ type="System.Int32">4</value__></outcome><errorInfo type="Microsoft.VisualStudio.TestTools.Common.TestResultErrorInfo"><message type="System.String">Assert.Inconclusive failed. Generics testing must be manually provided.</message><stackTrace type="System.String">   at Test.GridTest.isInBoundsTest() in C:\Documents and Settings\Raymond\My Documents\SCHOOL\ImperatiefProgrammeren\IMPRO\Implementatie\Test\GridTest.cs:line 217
</stackTrace></errorInfo><traceInfo type="Microsoft.VisualStudio.TestTools.Common.TestExecutionTraceInformation"><trace type="System.Text.StringBuilder">Creating instance of class Test.GridTest.
Calling Test method Test.GridTest.Microsoft.VisualStudio.TestTools.TestTypes.Unit.TestMethod.
</trace></traceInfo><stdout type="System.String" /><stderr type="System.String" /><debugTrace type="System.String" /><workItemIds type="System.Collections.Generic.List`1[[System.Int32, mscorlib, Version=2.0.0.0, Culture=neutral, PublicKeyToken=b77a5c561934e089]]"><_size type="System.Int32">0</_size><_version type="System.Int32">1</_version></workItemIds><id type="Microsoft.VisualStudio.TestTools.Common.TestResultId"><runId type="System.Guid">5a2f5059-485e-4e1f-86ff-af976d911ca8</runId><executionId type="Microsoft.VisualStudio.TestTools.Common.TestExecId"><id type="System.Guid">e5dc25be-94e3-4c02-8238-f0d8f3e22f0e</id></executionId><parentExecId type="Microsoft.VisualStudio.TestTools.Common.TestExecId"><id type="System.Guid">00000000-0000-0000-0000-000000000000</id></parentExecId><testId type="Microsoft.VisualStudio.TestTools.Common.TestId"><id type="System.Guid">f3fce07c-62db-5198-a086-e47c76288773</id></testId></id><testName type="System.String">isInBoundsTest</testName><testType type="Microsoft.VisualStudio.TestTools.Common.TestType"><id type="System.Guid">13cdc9d9-ddb5-4fa4-a97d-d965ccfc6d4b</id></testType><messageKind type="Microsoft.VisualStudio.TestTools.Common.TestMessageKind"><value__ type="System.Int32">1</value__></messageKind><computerInfo type="Microsoft.VisualStudio.TestTools.Common.ComputerInfo"><m_computerName type="System.String">LAPTOP</m_computerName></computerInfo><duration type="System.TimeSpan">00:00:00.0103317</duration><startTime type="System.DateTime"><dateData type="System.UInt64">633122559906562500</dateData></startTime><endTime type="System.DateTime"><dateData type="System.UInt64">633122559906875000</dateData></endTime><spoolMessage type="System.Boolean">True</spoolMessage></UnitTestResult><UnitTestResult type="Microsoft.VisualStudio.TestTools.TestTypes.Unit.UnitTestResult, Microsoft.VisualStudio.QualityTools.Tips.UnitTest.ObjectModel, Version=8.0.0.0, Culture=neutral, PublicKeyToken=b03f5f7f11d50a3a"><resultType type="Microsoft.VisualStudio.TestTools.TestTypes.Unit.UnitTestResultType, Microsoft.VisualStudio.QualityTools.Tips.UnitTest.ObjectModel, Version=8.0.0.0, Culture=neutral, PublicKeyToken=b03f5f7f11d50a3a"><value__ type="System.Int32">0</value__></resultType><m_hasSufficientAccess type="System.Boolean">True</m_hasSufficientAccess><counters type="Microsoft.VisualStudio.TestTools.Common.TestResultCounter"><values type="System.Int32">0,0,0,0,0,0,0,0,0,0,0,0,0,0</values><total type="System.Int32">1</total></counters><categoryId type="Microsoft.VisualStudio.TestTools.Common.TestCategoryId"><id type="System.Guid">8c84fa94-04c1-424b-9868-57a2d4851a1d</id></categoryId><outcome type="Microsoft.VisualStudio.TestTools.Common.TestOutcome"><value__ type="System.Int32">1</value__></outcome><errorInfo type="Microsoft.VisualStudio.TestTools.Common.TestResultErrorInfo"><message type="System.String">Assert.Fail failed. Unit Test Generation Error: A private accessor could not be created for Grid.Grid&lt;T&gt;.locationToIndex: Private accessors cannot be created for generic types</message><stackTrace type="System.String">   at Test.GridTest.locationToIndexTest() in C:\Documents and Settings\Raymond\My Documents\SCHOOL\ImperatiefProgrammeren\IMPRO\Implementatie\Test\GridTest.cs:line 227
</stackTrace></errorInfo><traceInfo type="Microsoft.VisualStudio.TestTools.Common.TestExecutionTraceInformation"><trace type="System.Text.StringBuilder">Creating instance of class Test.GridTest.
Calling Test method Test.GridTest.Microsoft.VisualStudio.TestTools.TestTypes.Unit.TestMethod.
</trace></traceInfo><stdout type="System.String" /><stderr type="System.String" /><debugTrace type="System.String" /><workItemIds type="System.Collections.Generic.List`1[[System.Int32, mscorlib, Version=2.0.0.0, Culture=neutral, PublicKeyToken=b77a5c561934e089]]"><_size type="System.Int32">0</_size><_version type="System.Int32">1</_version></workItemIds><id type="Microsoft.VisualStudio.TestTools.Common.TestResultId"><runId type="System.Guid">5a2f5059-485e-4e1f-86ff-af976d911ca8</runId><executionId type="Microsoft.VisualStudio.TestTools.Common.TestExecId"><id type="System.Guid">580c533b-aac6-4343-b5eb-235ede9f82c8</id></executionId><parentExecId type="Microsoft.VisualStudio.TestTools.Common.TestExecId"><id type="System.Guid">00000000-0000-0000-0000-000000000000</id></parentExecId><testId type="Microsoft.VisualStudio.TestTools.Common.TestId"><id type="System.Guid">7be2df34-bf26-0179-3152-26b9532de27d</id></testId></id><testName type="System.String">locationToIndexTest</testName><testType type="Microsoft.VisualStudio.TestTools.Common.TestType"><id type="System.Guid">13cdc9d9-ddb5-4fa4-a97d-d965ccfc6d4b</id></testType><messageKind type="Microsoft.VisualStudio.TestTools.Common.TestMessageKind"><value__ type="System.Int32">1</value__></messageKind><computerInfo type="Microsoft.VisualStudio.TestTools.Common.ComputerInfo"><m_computerName type="System.String">LAPTOP</m_computerName></computerInfo><duration type="System.TimeSpan">00:00:00.0105150</duration><startTime type="System.DateTime"><dateData type="System.UInt64">633122559906875000</dateData></startTime><endTime type="System.DateTime"><dateData type="System.UInt64">633122559907031250</dateData></endTime><spoolMessage type="System.Boolean">True</spoolMessage></UnitTestResult><UnitTestResult type="Microsoft.VisualStudio.TestTools.TestTypes.Unit.UnitTestResult, Microsoft.VisualStudio.QualityTools.Tips.UnitTest.ObjectModel, Version=8.0.0.0, Culture=neutral, PublicKeyToken=b03f5f7f11d50a3a"><resultType type="Microsoft.VisualStudio.TestTools.TestTypes.Unit.UnitTestResultType, Microsoft.VisualStudio.QualityTools.Tips.UnitTest.ObjectModel, Version=8.0.0.0, Culture=neutral, PublicKeyToken=b03f5f7f11d50a3a"><value__ type="System.Int32">0</value__></resultType><m_hasSufficientAccess type="System.Boolean">True</m_hasSufficientAccess><counters type="Microsoft.VisualStudio.TestTools.Common.TestResultCounter"><values type="System.Int32">0,0,0,0,0,0,0,0,0,0,0,0,0,0</values><total type="System.Int32">1</total></counters><categoryId type="Microsoft.VisualStudio.TestTools.Common.TestCategoryId"><id type="System.Guid">8c84fa94-04c1-424b-9868-57a2d4851a1d</id></categoryId><outcome type="Microsoft.VisualStudio.TestTools.Common.TestOutcome"><value__ type="System.Int32">4</value__></outcome><errorInfo type="Microsoft.VisualStudio.TestTools.Common.TestResultErrorInfo"><message type="System.String">Assert.Inconclusive failed. Generics testing must be manually provided.</message><stackTrace type="System.String">   at Test.GridTest.removeElementTest() in C:\Documents and Settings\Raymond\My Documents\SCHOOL\ImperatiefProgrammeren\IMPRO\Implementatie\Test\GridTest.cs:line 244
</stackTrace></errorInfo><traceInfo type="Microsoft.VisualStudio.TestTools.Common.TestExecutionTraceInformation"><trace type="System.Text.StringBuilder">Creating instance of class Test.GridTest.
Calling Test method Test.GridTest.Microsoft.VisualStudio.TestTools.TestTypes.Unit.TestMethod.
</trace></traceInfo><stdout type="System.String" /><stderr type="System.String" /><debugTrace type="System.String" /><workItemIds type="System.Collections.Generic.List`1[[System.Int32, mscorlib, Version=2.0.0.0, Culture=neutral, PublicKeyToken=b77a5c561934e089]]"><_size type="System.Int32">0</_size><_version type="System.Int32">1</_version></workItemIds><id type="Microsoft.VisualStudio.TestTools.Common.TestResultId"><runId type="System.Guid">5a2f5059-485e-4e1f-86ff-af976d911ca8</runId><executionId type="Microsoft.VisualStudio.TestTools.Common.TestExecId"><id type="System.Guid">54103db1-4026-4d9d-b1b8-55ebf4dafb3f</id></executionId><parentExecId type="Microsoft.VisualStudio.TestTools.Common.TestExecId"><id type="System.Guid">00000000-0000-0000-0000-000000000000</id></parentExecId><testId type="Microsoft.VisualStudio.TestTools.Common.TestId"><id type="System.Guid">2c34b642-5fba-3ab5-950b-3d74e8f2414f</id></testId></id><testName type="System.String">removeElementTest</testName><testType type="Microsoft.VisualStudio.TestTools.Common.TestType"><id type="System.Guid">13cdc9d9-ddb5-4fa4-a97d-d965ccfc6d4b</id></testType><messageKind type="Microsoft.VisualStudio.TestTools.Common.TestMessageKind"><value__ type="System.Int32">1</value__></messageKind><computerInfo type="Microsoft.VisualStudio.TestTools.Common.ComputerInfo"><m_computerName type="System.String">LAPTOP</m_computerName></computerInfo><duration type="System.TimeSpan">00:00:00.0105644</duration><startTime type="System.DateTime"><dateData type="System.UInt64">633122559907031250</dateData></startTime><endTime type="System.DateTime"><dateData type="System.UInt64">633122559907343750</dateData></endTime><spoolMessage type="System.Boolean">True</spoolMessage></UnitTestResult><UnitTestResult type="Microsoft.VisualStudio.TestTools.TestTypes.Unit.UnitTestResult, Microsoft.VisualStudio.QualityTools.Tips.UnitTest.ObjectModel, Version=8.0.0.0, Culture=neutral, PublicKeyToken=b03f5f7f11d50a3a"><resultType type="Microsoft.VisualStudio.TestTools.TestTypes.Unit.UnitTestResultType, Microsoft.VisualStudio.QualityTools.Tips.UnitTest.ObjectModel, Version=8.0.0.0, Culture=neutral, PublicKeyToken=b03f5f7f11d50a3a"><value__ type="System.Int32">0</value__></resultType><m_hasSufficientAccess type="System.Boolean">True</m_hasSufficientAccess><counters type="Microsoft.VisualStudio.TestTools.Common.TestResultCounter"><values type="System.Int32">0,0,0,0,0,0,0,0,0,0,0,0,0,0</values><total type="System.Int32">1</total></counters><categoryId type="Microsoft.VisualStudio.TestTools.Common.TestCategoryId"><id type="System.Guid">8c84fa94-04c1-424b-9868-57a2d4851a1d</id></categoryId><outcome type="Microsoft.VisualStudio.TestTools.Common.TestOutcome"><value__ type="System.Int32">4</value__></outcome><errorInfo type="Microsoft.VisualStudio.TestTools.Common.TestResultErrorInfo"><message type="System.String">Assert.Inconclusive failed. Generics testing must be manually provided.</message><stackTrace type="System.String">   at Test.GridTest.removeElementAtTest() in C:\Documents and Settings\Raymond\My Documents\SCHOOL\ImperatiefProgrammeren\IMPRO\Implementatie\Test\GridTest.cs:line 260
</stackTrace></errorInfo><traceInfo type="Microsoft.VisualStudio.TestTools.Common.TestExecutionTraceInformation"><trace type="System.Text.StringBuilder">Creating instance of class Test.GridTest.
Calling Test method Test.GridTest.Microsoft.VisualStudio.TestTools.TestTypes.Unit.TestMethod.
</trace></traceInfo><stdout type="System.String" /><stderr type="System.String" /><debugTrace type="System.String" /><workItemIds type="System.Collections.Generic.List`1[[System.Int32, mscorlib, Version=2.0.0.0, Culture=neutral, PublicKeyToken=b77a5c561934e089]]"><_size type="System.Int32">0</_size><_version type="System.Int32">1</_version></workItemIds><id type="Microsoft.VisualStudio.TestTools.Common.TestResultId"><runId type="System.Guid">5a2f5059-485e-4e1f-86ff-af976d911ca8</runId><executionId type="Microsoft.VisualStudio.TestTools.Common.TestExecId"><id type="System.Guid">3ddbc047-83a3-43e9-a962-68d6cafe0c3d</id></executionId><parentExecId type="Microsoft.VisualStudio.TestTools.Common.TestExecId"><id type="System.Guid">00000000-0000-0000-0000-000000000000</id></parentExecId><testId type="Microsoft.VisualStudio.TestTools.Common.TestId"><id type="System.Guid">b7d563d1-bd40-7ff8-0134-7758ec44b339</id></testId></id><testName type="System.String">removeElementAtTest</testName><testType type="Microsoft.VisualStudio.TestTools.Common.TestType"><id type="System.Guid">13cdc9d9-ddb5-4fa4-a97d-d965ccfc6d4b</id></testType><messageKind type="Microsoft.VisualStudio.TestTools.Common.TestMessageKind"><value__ type="System.Int32">1</value__></messageKind><computerInfo type="Microsoft.VisualStudio.TestTools.Common.ComputerInfo"><m_computerName type="System.String">LAPTOP</m_computerName></computerInfo><duration type="System.TimeSpan">00:00:00.0120685</duration><startTime type="System.DateTime"><dateData type="System.UInt64">633122559907343750</dateData></startTime><endTime type="System.DateTime"><dateData type="System.UInt64">633122559907500000</dateData></endTime><spoolMessage type="System.Boolean">True</spoolMessage></UnitTestResult><UnitTestResult type="Microsoft.VisualStudio.TestTools.TestTypes.Unit.UnitTestResult, Microsoft.VisualStudio.QualityTools.Tips.UnitTest.ObjectModel, Version=8.0.0.0, Culture=neutral, PublicKeyToken=b03f5f7f11d50a3a"><resultType type="Microsoft.VisualStudio.TestTools.TestTypes.Unit.UnitTestResultType, Microsoft.VisualStudio.QualityTools.Tips.UnitTest.ObjectModel, Version=8.0.0.0, Culture=neutral, PublicKeyToken=b03f5f7f11d50a3a"><value__ type="System.Int32">0</value__></resultType><m_hasSufficientAccess type="System.Boolean">True</m_hasSufficientAccess><counters type="Microsoft.VisualStudio.TestTools.Common.TestResultCounter"><values type="System.Int32">0,0,0,0,0,0,0,0,0,0,0,0,0,0</values><total type="System.Int32">1</total></counters><categoryId type="Microsoft.VisualStudio.TestTools.Common.TestCategoryId"><id type="System.Guid">8c84fa94-04c1-424b-9868-57a2d4851a1d</id></categoryId><outcome type="Microsoft.VisualStudio.TestTools.Common.TestOutcome"><value__ type="System.Int32">1</value__></outcome><errorInfo type="Microsoft.VisualStudio.TestTools.Common.TestResultErrorInfo"><message type="System.String">Assert.Fail failed. Unit Test Generation Error: A private accessor could not be created for Grid.Grid&lt;T&gt;.resize: Private accessors cannot be created for generic types</message><stackTrace type="System.String">   at Test.GridTest.resizeTest() in C:\Documents and Settings\Raymond\My Documents\SCHOOL\ImperatiefProgrammeren\IMPRO\Implementatie\Test\GridTest.cs:line 270
</stackTrace></errorInfo><traceInfo type="Microsoft.VisualStudio.TestTools.Common.TestExecutionTraceInformation"><trace type="System.Text.StringBuilder">Creating instance of class Test.GridTest.
Calling Test method Test.GridTest.Microsoft.VisualStudio.TestTools.TestTypes.Unit.TestMethod.
</trace></traceInfo><stdout type="System.String" /><stderr type="System.String" /><debugTrace type="System.String" /><workItemIds type="System.Collections.Generic.List`1[[System.Int32, mscorlib, Version=2.0.0.0, Culture=neutral, PublicKeyToken=b77a5c561934e089]]"><_size type="System.Int32">0</_size><_version type="System.Int32">1</_version></workItemIds><id type="Microsoft.VisualStudio.TestTools.Common.TestResultId"><runId type="System.Guid">5a2f5059-485e-4e1f-86ff-af976d911ca8</runId><executionId type="Microsoft.VisualStudio.TestTools.Common.TestExecId"><id type="System.Guid">a684c6a5-bb62-4c99-b32d-05fe2ce96997</id></executionId><parentExecId type="Microsoft.VisualStudio.TestTools.Common.TestExecId"><id type="System.Guid">00000000-0000-0000-0000-000000000000</id></parentExecId><testId type="Microsoft.VisualStudio.TestTools.Common.TestId"><id type="System.Guid">3062c3ce-b61e-d673-dc02-ff9a119a4c7f</id></testId></id><testName type="System.String">resizeTest</testName><testType type="Microsoft.VisualStudio.TestTools.Common.TestType"><id type="System.Guid">13cdc9d9-ddb5-4fa4-a97d-d965ccfc6d4b</id></testType><messageKind type="Microsoft.VisualStudio.TestTools.Common.TestMessageKind"><value__ type="System.Int32">1</value__></messageKind><computerInfo type="Microsoft.VisualStudio.TestTools.Common.ComputerInfo"><m_computerName type="System.String">LAPTOP</m_computerName></computerInfo><duration type="System.TimeSpan">00:00:00.0100546</duration><startTime type="System.DateTime"><dateData type="System.UInt64">633122559907500000</dateData></startTime><endTime type="System.DateTime"><dateData type="System.UInt64">633122559907812500</dateData></endTime><spoolMessage type="System.Boolean">True</spoolMessage></UnitTestResult><UnitTestResult type="Microsoft.VisualStudio.TestTools.TestTypes.Unit.UnitTestResult, Microsoft.VisualStudio.QualityTools.Tips.UnitTest.ObjectModel, Version=8.0.0.0, Culture=neutral, PublicKeyToken=b03f5f7f11d50a3a"><resultType type="Microsoft.VisualStudio.TestTools.TestTypes.Unit.UnitTestResultType, Microsoft.VisualStudio.QualityTools.Tips.UnitTest.ObjectModel, Version=8.0.0.0, Culture=neutral, PublicKeyToken=b03f5f7f11d50a3a"><value__ type="System.Int32">0</value__></resultType><m_hasSufficientAccess type="System.Boolean">True</m_hasSufficientAccess><counters type="Microsoft.VisualStudio.TestTools.Common.TestResultCounter"><values type="System.Int32">0,0,0,0,0,0,0,0,0,0,0,0,0,0</values><total type="System.Int32">1</total></counters><categoryId type="Microsoft.VisualStudio.TestTools.Common.TestCategoryId"><id type="System.Guid">8c84fa94-04c1-424b-9868-57a2d4851a1d</id></categoryId><outcome type="Microsoft.VisualStudio.TestTools.Common.TestOutcome"><value__ type="System.Int32">4</value__></outcome><errorInfo type="Microsoft.VisualStudio.TestTools.Common.TestResultErrorInfo"><message type="System.String">Assert.Inconclusive failed. Generics testing must be manually provided.</message><stackTrace type="System.String">   at Test.GridTest.xSectionsTest() in C:\Documents and Settings\Raymond\My Documents\SCHOOL\ImperatiefProgrammeren\IMPRO\Implementatie\Test\GridTest.cs:line 289
</stackTrace></errorInfo><traceInfo type="Microsoft.VisualStudio.TestTools.Common.TestExecutionTraceInformation"><trace type="System.Text.StringBuilder">Creating instance of class Test.GridTest.
Calling Test method Test.GridTest.Microsoft.VisualStudio.TestTools.TestTypes.Unit.TestMethod.
</trace></traceInfo><stdout type="System.String" /><stderr type="System.String" /><debugTrace type="System.String" /><workItemIds type="System.Collections.Generic.List`1[[System.Int32, mscorlib, Version=2.0.0.0, Culture=neutral, PublicKeyToken=b77a5c561934e089]]"><_size type="System.Int32">0</_size><_version type="System.Int32">1</_version></workItemIds><id type="Microsoft.VisualStudio.TestTools.Common.TestResultId"><runId type="System.Guid">5a2f5059-485e-4e1f-86ff-af976d911ca8</runId><executionId type="Microsoft.VisualStudio.TestTools.Common.TestExecId"><id type="System.Guid">60af7b0e-5e49-42a9-a00f-437a6341f3b5</id></executionId><parentExecId type="Microsoft.VisualStudio.TestTools.Common.TestExecId"><id type="System.Guid">00000000-0000-0000-0000-000000000000</id></parentExecId><testId type="Microsoft.VisualStudio.TestTools.Common.TestId"><id type="System.Guid">510dc5e0-a6a3-8525-2faa-3c4309a2d2cf</id></testId></id><testName type="System.String">xSectionsTest</testName><testType type="Microsoft.VisualStudio.TestTools.Common.TestType"><id type="System.Guid">13cdc9d9-ddb5-4fa4-a97d-d965ccfc6d4b</id></testType><messageKind type="Microsoft.VisualStudio.TestTools.Common.TestMessageKind"><value__ type="System.Int32">1</value__></messageKind><computerInfo type="Microsoft.VisualStudio.TestTools.Common.ComputerInfo"><m_computerName type="System.String">LAPTOP</m_computerName></computerInfo><duration type="System.TimeSpan">00:00:00.0118998</duration><startTime type="System.DateTime"><dateData type="System.UInt64">633122559907812500</dateData></startTime><endTime type="System.DateTime"><dateData type="System.UInt64">633122559908125000</dateData></endTime><spoolMessage type="System.Boolean">True</spoolMessage></UnitTestResult><UnitTestResult type="Microsoft.VisualStudio.TestTools.TestTypes.Unit.UnitTestResult, Microsoft.VisualStudio.QualityTools.Tips.UnitTest.ObjectModel, Version=8.0.0.0, Culture=neutral, PublicKeyToken=b03f5f7f11d50a3a"><resultType type="Microsoft.VisualStudio.TestTools.TestTypes.Unit.UnitTestResultType, Microsoft.VisualStudio.QualityTools.Tips.UnitTest.ObjectModel, Version=8.0.0.0, Culture=neutral, PublicKeyToken=b03f5f7f11d50a3a"><value__ type="System.Int32">0</value__></resultType><m_hasSufficientAccess type="System.Boolean">True</m_hasSufficientAccess><counters type="Microsoft.VisualStudio.TestTools.Common.TestResultCounter"><values type="System.Int32">0,0,0,0,0,0,0,0,0,0,0,0,0,0</values><total type="System.Int32">1</total></counters><categoryId type="Microsoft.VisualStudio.TestTools.Common.TestCategoryId"><id type="System.Guid">8c84fa94-04c1-424b-9868-57a2d4851a1d</id></categoryId><outcome type="Microsoft.VisualStudio.TestTools.Common.TestOutcome"><value__ type="System.Int32">4</value__></outcome><errorInfo type="Microsoft.VisualStudio.TestTools.Common.TestResultErrorInfo"><message type="System.String">Assert.Inconclusive failed. Verify the correctness of this test method.</message><stackTrace type="System.String">   at Test.GridTest.ySectionsTest() in C:\Documents and Settings\Raymond\My Documents\SCHOOL\ImperatiefProgrammeren\IMPRO\Implementatie\Test\GridTest.cs:line 304
</stackTrace></errorInfo><traceInfo type="Microsoft.VisualStudio.TestTools.Common.TestExecutionTraceInformation"><trace type="System.Text.StringBuilder">Creating instance of class Test.GridTest.
Calling Test method Test.GridTest.Microsoft.VisualStudio.TestTools.TestTypes.Unit.TestMethod.
</trace></traceInfo><stdout type="System.String" /><stderr type="System.String" /><debugTrace type="System.String" /><workItemIds type="System.Collections.Generic.List`1[[System.Int32, mscorlib, Version=2.0.0.0, Culture=neutral, PublicKeyToken=b77a5c561934e089]]"><_size type="System.Int32">0</_size><_version type="System.Int32">1</_version></workItemIds><id type="Microsoft.VisualStudio.TestTools.Common.TestResultId"><runId type="System.Guid">5a2f5059-485e-4e1f-86ff-af976d911ca8</runId><executionId type="Microsoft.VisualStudio.TestTools.Common.TestExecId"><id type="System.Guid">cc6fd071-1b92-43be-a10c-c26bb4c18a77</id></executionId><parentExecId type="Microsoft.VisualStudio.TestTools.Common.TestExecId"><id type="System.Guid">00000000-0000-0000-0000-000000000000</id></parentExecId><testId type="Microsoft.VisualStudio.TestTools.Common.TestId"><id type="System.Guid">e4ef216a-0a29-0cdd-f404-2ddc29ba3a6c</id></testId></id><testName type="System.String">ySectionsTest</testName><testType type="Microsoft.VisualStudio.TestTools.Common.TestType"><id type="System.Guid">13cdc9d9-ddb5-4fa4-a97d-d965ccfc6d4b</id></testType><messageKind type="Microsoft.VisualStudio.TestTools.Common.TestMessageKind"><value__ type="System.Int32">1</value__></messageKind><computerInfo type="Microsoft.VisualStudio.TestTools.Common.ComputerInfo"><m_computerName type="System.String">LAPTOP</m_computerName></computerInfo><duration type="System.TimeSpan">00:00:00.0316769</duration><startTime type="System.DateTime"><dateData type="System.UInt64">633122559908125000</dateData></startTime><endTime type="System.DateTime"><dateData type="System.UInt64">633122559908593750</dateData></endTime><spoolMessage type="System.Boolean">True</spoolMessage></UnitTestResult><UnitTestResult type="Microsoft.VisualStudio.TestTools.TestTypes.Unit.UnitTestResult, Microsoft.VisualStudio.QualityTools.Tips.UnitTest.ObjectModel, Version=8.0.0.0, Culture=neutral, PublicKeyToken=b03f5f7f11d50a3a"><resultType type="Microsoft.VisualStudio.TestTools.TestTypes.Unit.UnitTestResultType, Microsoft.VisualStudio.QualityTools.Tips.UnitTest.ObjectModel, Version=8.0.0.0, Culture=neutral, PublicKeyToken=b03f5f7f11d50a3a"><value__ type="System.Int32">0</value__></resultType><m_hasSufficientAccess type="System.Boolean">True</m_hasSufficientAccess><counters type="Microsoft.VisualStudio.TestTools.Common.TestResultCounter"><values type="System.Int32">0,0,0,0,0,0,0,0,0,0,0,0,0,0</values><total type="System.Int32">1</total></counters><categoryId type="Microsoft.VisualStudio.TestTools.Common.TestCategoryId"><id type="System.Guid">8c84fa94-04c1-424b-9868-57a2d4851a1d</id></categoryId><outcome type="Microsoft.VisualStudio.TestTools.Common.TestOutcome"><value__ type="System.Int32">1</value__></outcome><errorInfo type="Microsoft.VisualStudio.TestTools.Common.TestResultErrorInfo"><message type="System.String">Test method Test.SokobanGameTest.addSokobanObjectTest threw exception:  System.NullReferenceException: Object reference not set to an instance of an object..</message><stackTrace type="System.String">    at Grid.Grid`1.isInBounds(IPoint p) in C:\Documents and Settings\Raymond\My Documents\SCHOOL\ImperatiefProgrammeren\IMPRO\Implementatie\Grid\Grid.cs:line 67
   at Grid.Grid`1.isAvailable(IPoint p) in C:\Documents and Settings\Raymond\My Documents\SCHOOL\ImperatiefProgrammeren\IMPRO\Implementatie\Grid\Grid.cs:line 57
   at Sokoban.SokobanGame.addSokobanObject(SokobanType type, IPoint position) in C:\Documents and Settings\Raymond\My Documents\SCHOOL\ImperatiefProgrammeren\IMPRO\Implementatie\Sokoban\SokobanGame.cs:line 136
   at Test.SokobanGameTest.addSokobanObjectTest() in C:\Documents and Settings\Raymond\My Documents\SCHOOL\ImperatiefProgrammeren\IMPRO\Implementatie\Test\SokobanGameTest.cs:line 88
</stackTrace></errorInfo><traceInfo type="Microsoft.VisualStudio.TestTools.Common.TestExecutionTraceInformation"><trace type="System.Text.StringBuilder">Creating instance of class Test.SokobanGameTest.
Calling Test method Test.SokobanGameTest.Microsoft.VisualStudio.TestTools.TestTypes.Unit.TestMethod.
</trace></traceInfo><stdout type="System.String" /><stderr type="System.String" /><debugTrace type="System.String" /><workItemIds type="System.Collections.Generic.List`1[[System.Int32, mscorlib, Version=2.0.0.0, Culture=neutral, PublicKeyToken=b77a5c561934e089]]"><_size type="System.Int32">0</_size><_version type="System.Int32">1</_version></workItemIds><id type="Microsoft.VisualStudio.TestTools.Common.TestResultId"><runId type="System.Guid">5a2f5059-485e-4e1f-86ff-af976d911ca8</runId><executionId type="Microsoft.VisualStudio.TestTools.Common.TestExecId"><id type="System.Guid">16f26e9f-689a-4275-999f-e729257b2e38</id></executionId><parentExecId type="Microsoft.VisualStudio.TestTools.Common.TestExecId"><id type="System.Guid">00000000-0000-0000-0000-000000000000</id></parentExecId><testId type="Microsoft.VisualStudio.TestTools.Common.TestId"><id type="System.Guid">8c027d48-3eed-1a1b-a6d5-22d82f692903</id></testId></id><testName type="System.String">addSokobanObjectTest</testName><testType type="Microsoft.VisualStudio.TestTools.Common.TestType"><id type="System.Guid">13cdc9d9-ddb5-4fa4-a97d-d965ccfc6d4b</id></testType><messageKind type="Microsoft.VisualStudio.TestTools.Common.TestMessageKind"><value__ type="System.Int32">1</value__></messageKind><computerInfo type="Microsoft.VisualStudio.TestTools.Common.ComputerInfo"><m_computerName type="System.String">LAPTOP</m_computerName></computerInfo><duration type="System.TimeSpan">00:00:00.0305862</duration><startTime type="System.DateTime"><dateData type="System.UInt64">633122559908593750</dateData></startTime><endTime type="System.DateTime"><dateData type="System.UInt64">633122559909062500</dateData></endTime><spoolMessage type="System.Boolean">True</spoolMessage></UnitTestResult><UnitTestResult type="Microsoft.VisualStudio.TestTools.TestTypes.Unit.UnitTestResult, Microsoft.VisualStudio.QualityTools.Tips.UnitTest.ObjectModel, Version=8.0.0.0, Culture=neutral, PublicKeyToken=b03f5f7f11d50a3a"><resultType type="Microsoft.VisualStudio.TestTools.TestTypes.Unit.UnitTestResultType, Microsoft.VisualStudio.QualityTools.Tips.UnitTest.ObjectModel, Version=8.0.0.0, Culture=neutral, PublicKeyToken=b03f5f7f11d50a3a"><value__ type="System.Int32">0</value__></resultType><m_hasSufficientAccess type="System.Boolean">True</m_hasSufficientAccess><counters type="Microsoft.VisualStudio.TestTools.Common.TestResultCounter"><values type="System.Int32">0,0,0,0,0,0,0,0,0,0,0,0,0,0</values><total type="System.Int32">1</total></counters><categoryId type="Microsoft.VisualStudio.TestTools.Common.TestCategoryId"><id type="System.Guid">8c84fa94-04c1-424b-9868-57a2d4851a1d</id></categoryId><outcome type="Microsoft.VisualStudio.TestTools.Common.TestOutcome"><value__ type="System.Int32">1</value__></outcome><errorInfo type="Microsoft.VisualStudio.TestTools.Common.TestResultErrorInfo"><message type="System.String">Test method Test.SokobanGameTest.addStateTest threw exception:  System.Reflection.TargetInvocationException: Exception has been thrown by the target of an invocation. ---&gt;  System.NullReferenceException: Object reference not set to an instance of an object..</message><stackTrace type="System.String">    at Sokoban.SokobanGame.addState(String state) in C:\Documents and Settings\Raymond\My Documents\SCHOOL\ImperatiefProgrammeren\IMPRO\Implementatie\Sokoban\SokobanGame.cs:line 284
 --- End of inner exception stack trace ---
    at System.RuntimeMethodHandle._InvokeMethodFast(Object target, Object[] arguments, SignatureStruct&amp; sig, MethodAttributes methodAttributes, RuntimeTypeHandle typeOwner)
   at System.RuntimeMethodHandle.InvokeMethodFast(Object target, Object[] arguments, Signature sig, MethodAttributes methodAttributes, RuntimeTypeHandle typeOwner)
   at System.Reflection.RuntimeMethodInfo.Invoke(Object obj, BindingFlags invokeAttr, Binder binder, Object[] parameters, CultureInfo culture, Boolean skipVisibilityChecks)
   at System.Reflection.RuntimeMethodInfo.Invoke(Object obj, BindingFlags invokeAttr, Binder binder, Object[] parameters, CultureInfo culture)
   at Microsoft.VisualStudio.TestTools.UnitTesting.PrivateObject.Invoke(String name, BindingFlags invokeAttr, Type[] parameterTypes, Object[] args, CultureInfo culture)
   at Microsoft.VisualStudio.TestTools.UnitTesting.PrivateObject.Invoke(String name, Type[] parameterTypes, Object[] args, CultureInfo culture)
   at Microsoft.VisualStudio.TestTools.UnitTesting.PrivateObject.Invoke(String name, Type[] parameterTypes, Object[] args)
   at Test.Sokoban_SokobanGameAccessor.addState(String state) in C:\Documents and Settings\Raymond\My Documents\SCHOOL\ImperatiefProgrammeren\IMPRO\Implementatie\Test\VSCodeGenAccessors.cs:line 83
   at Test.SokobanGameTest.addStateTest() in C:\Documents and Settings\Raymond\My Documents\SCHOOL\ImperatiefProgrammeren\IMPRO\Implementatie\Test\SokobanGameTest.cs:line 107
</stackTrace></errorInfo><traceInfo type="Microsoft.VisualStudio.TestTools.Common.TestExecutionTraceInformation"><trace type="System.Text.StringBuilder">Creating instance of class Test.SokobanGameTest.
Calling Test method Test.SokobanGameTest.Microsoft.VisualStudio.TestTools.TestTypes.Unit.TestMethod.
</trace></traceInfo><stdout type="System.String" /><stderr type="System.String" /><debugTrace type="System.String" /><workItemIds type="System.Collections.Generic.List`1[[System.Int32, mscorlib, Version=2.0.0.0, Culture=neutral, PublicKeyToken=b77a5c561934e089]]"><_size type="System.Int32">0</_size><_version type="System.Int32">1</_version></workItemIds><id type="Microsoft.VisualStudio.TestTools.Common.TestResultId"><runId type="System.Guid">5a2f5059-485e-4e1f-86ff-af976d911ca8</runId><executionId type="Microsoft.VisualStudio.TestTools.Common.TestExecId"><id type="System.Guid">a9aafc50-3e4e-42e3-9d06-7437cc1460e2</id></executionId><parentExecId type="Microsoft.VisualStudio.TestTools.Common.TestExecId"><id type="System.Guid">00000000-0000-0000-0000-000000000000</id></parentExecId><testId type="Microsoft.VisualStudio.TestTools.Common.TestId"><id type="System.Guid">60489149-8ede-ea23-9570-ebf3878e8d35</id></testId></id><testName type="System.String">addStateTest</testName><testType type="Microsoft.VisualStudio.TestTools.Common.TestType"><id type="System.Guid">13cdc9d9-ddb5-4fa4-a97d-d965ccfc6d4b</id></testType><messageKind type="Microsoft.VisualStudio.TestTools.Common.TestMessageKind"><value__ type="System.Int32">1</value__></messageKind><computerInfo type="Microsoft.VisualStudio.TestTools.Common.ComputerInfo"><m_computerName type="System.String">LAPTOP</m_computerName></computerInfo><duration type="System.TimeSpan">00:00:00.0199282</duration><startTime type="System.DateTime"><dateData type="System.UInt64">633122559909062500</dateData></startTime><endTime type="System.DateTime"><dateData type="System.UInt64">633122559909375000</dateData></endTime><spoolMessage type="System.Boolean">True</spoolMessage></UnitTestResult><UnitTestResult type="Microsoft.VisualStudio.TestTools.TestTypes.Unit.UnitTestResult, Microsoft.VisualStudio.QualityTools.Tips.UnitTest.ObjectModel, Version=8.0.0.0, Culture=neutral, PublicKeyToken=b03f5f7f11d50a3a"><resultType type="Microsoft.VisualStudio.TestTools.TestTypes.Unit.UnitTestResultType, Microsoft.VisualStudio.QualityTools.Tips.UnitTest.ObjectModel, Version=8.0.0.0, Culture=neutral, PublicKeyToken=b03f5f7f11d50a3a"><value__ type="System.Int32">0</value__></resultType><m_hasSufficientAccess type="System.Boolean">True</m_hasSufficientAccess><counters type="Microsoft.VisualStudio.TestTools.Common.TestResultCounter"><values type="System.Int32">0,0,0,0,0,0,0,0,0,0,0,0,0,0</values><total type="System.Int32">1</total></counters><categoryId type="Microsoft.VisualStudio.TestTools.Common.TestCategoryId"><id type="System.Guid">8c84fa94-04c1-424b-9868-57a2d4851a1d</id></categoryId><outcome type="Microsoft.VisualStudio.TestTools.Common.TestOutcome"><value__ type="System.Int32">1</value__></outcome><errorInfo type="Microsoft.VisualStudio.TestTools.Common.TestResultErrorInfo"><message type="System.String">Test method Test.SokobanGameTest.applyStateTest threw exception:  System.Reflection.TargetInvocationException: Exception has been thrown by the target of an invocation. ---&gt;  System.NullReferenceException: Object reference not set to an instance of an object..</message><stackTrace type="System.String">    at Sokoban.SokobanGame.applyState(String state) in C:\Documents and Settings\Raymond\My Documents\SCHOOL\ImperatiefProgrammeren\IMPRO\Implementatie\Sokoban\SokobanGame.cs:line 345
 --- End of inner exception stack trace ---
    at System.RuntimeMethodHandle._InvokeMethodFast(Object target, Object[] arguments, SignatureStruct&amp; sig, MethodAttributes methodAttributes, RuntimeTypeHandle typeOwner)
   at System.RuntimeMethodHandle.InvokeMethodFast(Object target, Object[] arguments, Signature sig, MethodAttributes methodAttributes, RuntimeTypeHandle typeOwner)
   at System.Reflection.RuntimeMethodInfo.Invoke(Object obj, BindingFlags invokeAttr, Binder binder, Object[] parameters, CultureInfo culture, Boolean skipVisibilityChecks)
   at System.Reflection.RuntimeMethodInfo.Invoke(Object obj, BindingFlags invokeAttr, Binder binder, Object[] parameters, CultureInfo culture)
   at Microsoft.VisualStudio.TestTools.UnitTesting.PrivateObject.Invoke(String name, BindingFlags invokeAttr, Type[] parameterTypes, Object[] args, CultureInfo culture)
   at Microsoft.VisualStudio.TestTools.UnitTesting.PrivateObject.Invoke(String name, Type[] parameterTypes, Object[] args, CultureInfo culture)
   at Microsoft.VisualStudio.TestTools.UnitTesting.PrivateObject.Invoke(String name, Type[] parameterTypes, Object[] args)
   at Test.Sokoban_SokobanGameAccessor.applyState(String state) in C:\Documents and Settings\Raymond\My Documents\SCHOOL\ImperatiefProgrammeren\IMPRO\Implementatie\Test\VSCodeGenAccessors.cs:line 124
   at Test.SokobanGameTest.applyStateTest() in C:\Documents and Settings\Raymond\My Documents\SCHOOL\ImperatiefProgrammeren\IMPRO\Implementatie\Test\SokobanGameTest.cs:line 125
</stackTrace></errorInfo><traceInfo type="Microsoft.VisualStudio.TestTools.Common.TestExecutionTraceInformation"><trace type="System.Text.StringBuilder">Creating instance of class Test.SokobanGameTest.
Calling Test method Test.SokobanGameTest.Microsoft.VisualStudio.TestTools.TestTypes.Unit.TestMethod.
</trace></traceInfo><stdout type="System.String" /><stderr type="System.String" /><debugTrace type="System.String" /><workItemIds type="System.Collections.Generic.List`1[[System.Int32, mscorlib, Version=2.0.0.0, Culture=neutral, PublicKeyToken=b77a5c561934e089]]"><_size type="System.Int32">0</_size><_version type="System.Int32">1</_version></workItemIds><id type="Microsoft.VisualStudio.TestTools.Common.TestResultId"><runId type="System.Guid">5a2f5059-485e-4e1f-86ff-af976d911ca8</runId><executionId type="Microsoft.VisualStudio.TestTools.Common.TestExecId"><id type="System.Guid">4f8cb3a0-5e62-43fc-9cb2-e09c056d7385</id></executionId><parentExecId type="Microsoft.VisualStudio.TestTools.Common.TestExecId"><id type="System.Guid">00000000-0000-0000-0000-000000000000</id></parentExecId><testId type="Microsoft.VisualStudio.TestTools.Common.TestId"><id type="System.Guid">7ec1aae1-bcc5-2d09-2bc0-f1436c253ed1</id></testId></id><testName type="System.String">applyStateTest</testName><testType type="Microsoft.VisualStudio.TestTools.Common.TestType"><id type="System.Guid">13cdc9d9-ddb5-4fa4-a97d-d965ccfc6d4b</id></testType><messageKind type="Microsoft.VisualStudio.TestTools.Common.TestMessageKind"><value__ type="System.Int32">1</value__></messageKind><computerInfo type="Microsoft.VisualStudio.TestTools.Common.ComputerInfo"><m_computerName type="System.String">LAPTOP</m_computerName></computerInfo><duration type="System.TimeSpan">00:00:00.0190588</duration><startTime type="System.DateTime"><dateData type="System.UInt64">633122559909375000</dateData></startTime><endTime type="System.DateTime"><dateData type="System.UInt64">633122559909687500</dateData></endTime><spoolMessage type="System.Boolean">True</spoolMessage></UnitTestResult><UnitTestResult type="Microsoft.VisualStudio.TestTools.TestTypes.Unit.UnitTestResult, Microsoft.VisualStudio.QualityTools.Tips.UnitTest.ObjectModel, Version=8.0.0.0, Culture=neutral, PublicKeyToken=b03f5f7f11d50a3a"><resultType type="Microsoft.VisualStudio.TestTools.TestTypes.Unit.UnitTestResultType, Microsoft.VisualStudio.QualityTools.Tips.UnitTest.ObjectModel, Version=8.0.0.0, Culture=neutral, PublicKeyToken=b03f5f7f11d50a3a"><value__ type="System.Int32">0</value__></resultType><m_hasSufficientAccess type="System.Boolean">True</m_hasSufficientAccess><counters type="Microsoft.VisualStudio.TestTools.Common.TestResultCounter"><values type="System.Int32">0,0,0,0,0,0,0,0,0,0,0,0,0,0</values><total type="System.Int32">1</total></counters><categoryId type="Microsoft.VisualStudio.TestTools.Common.TestCategoryId"><id type="System.Guid">8c84fa94-04c1-424b-9868-57a2d4851a1d</id></categoryId><outcome type="Microsoft.VisualStudio.TestTools.Common.TestOutcome"><value__ type="System.Int32">1</value__></outcome><errorInfo type="Microsoft.VisualStudio.TestTools.Common.TestResultErrorInfo"><message type="System.String">Assert.AreEqual failed. Expected:&lt;Up&gt;, Actual:&lt;Left&gt;. Sokoban.SokobanGame.charToDirection did not return the expected value.</message><stackTrace type="System.String">   at Test.SokobanGameTest.charToDirectionTest() in C:\Documents and Settings\Raymond\My Documents\SCHOOL\ImperatiefProgrammeren\IMPRO\Implementatie\Test\SokobanGameTest.cs:line 148
</stackTrace></errorInfo><traceInfo type="Microsoft.VisualStudio.TestTools.Common.TestExecutionTraceInformation"><trace type="System.Text.StringBuilder">Creating instance of class Test.SokobanGameTest.
Calling Test method Test.SokobanGameTest.Microsoft.VisualStudio.TestTools.TestTypes.Unit.TestMethod.
</trace></traceInfo><stdout type="System.String" /><stderr type="System.String" /><debugTrace type="System.String" /><workItemIds type="System.Collections.Generic.List`1[[System.Int32, mscorlib, Version=2.0.0.0, Culture=neutral, PublicKeyToken=b77a5c561934e089]]"><_size type="System.Int32">0</_size><_version type="System.Int32">1</_version></workItemIds><id type="Microsoft.VisualStudio.TestTools.Common.TestResultId"><runId type="System.Guid">5a2f5059-485e-4e1f-86ff-af976d911ca8</runId><executionId type="Microsoft.VisualStudio.TestTools.Common.TestExecId"><id type="System.Guid">f9d7357a-533a-4222-8dee-a04175955561</id></executionId><parentExecId type="Microsoft.VisualStudio.TestTools.Common.TestExecId"><id type="System.Guid">00000000-0000-0000-0000-000000000000</id></parentExecId><testId type="Microsoft.VisualStudio.TestTools.Common.TestId"><id type="System.Guid">48055395-f1db-b65b-83f7-b3231118e0f0</id></testId></id><testName type="System.String">charToDirectionTest</testName><testType type="Microsoft.VisualStudio.TestTools.Common.TestType"><id type="System.Guid">13cdc9d9-ddb5-4fa4-a97d-d965ccfc6d4b</id></testType><messageKind type="Microsoft.VisualStudio.TestTools.Common.TestMessageKind"><value__ type="System.Int32">1</value__></messageKind><computerInfo type="Microsoft.VisualStudio.TestTools.Common.ComputerInfo"><m_computerName type="System.String">LAPTOP</m_computerName></computerInfo><duration type="System.TimeSpan">00:00:00.0139101</duration><startTime type="System.DateTime"><dateData type="System.UInt64">633122559909687500</dateData></startTime><endTime type="System.DateTime"><dateData type="System.UInt64">633122559910000000</dateData></endTime><spoolMessage type="System.Boolean">True</spoolMessage></UnitTestResult><UnitTestResult type="Microsoft.VisualStudio.TestTools.TestTypes.Unit.UnitTestResult, Microsoft.VisualStudio.QualityTools.Tips.UnitTest.ObjectModel, Version=8.0.0.0, Culture=neutral, PublicKeyToken=b03f5f7f11d50a3a"><resultType type="Microsoft.VisualStudio.TestTools.TestTypes.Unit.UnitTestResultType, Microsoft.VisualStudio.QualityTools.Tips.UnitTest.ObjectModel, Version=8.0.0.0, Culture=neutral, PublicKeyToken=b03f5f7f11d50a3a"><value__ type="System.Int32">0</value__></resultType><m_hasSufficientAccess type="System.Boolean">True</m_hasSufficientAccess><counters type="Microsoft.VisualStudio.TestTools.Common.TestResultCounter"><values type="System.Int32">0,0,0,0,0,0,0,0,0,0,0,0,0,0</values><total type="System.Int32">1</total></counters><categoryId type="Microsoft.VisualStudio.TestTools.Common.TestCategoryId"><id type="System.Guid">8c84fa94-04c1-424b-9868-57a2d4851a1d</id></categoryId><outcome type="Microsoft.VisualStudio.TestTools.Common.TestOutcome"><value__ type="System.Int32">4</value__></outcome><errorInfo type="Microsoft.VisualStudio.TestTools.Common.TestResultErrorInfo"><message type="System.String">Assert.Inconclusive failed. A method that does not return a value cannot be verified.</message><stackTrace type="System.String">   at Test.SokobanGameTest.clearTest() in C:\Documents and Settings\Raymond\My Documents\SCHOOL\ImperatiefProgrammeren\IMPRO\Implementatie\Test\SokobanGameTest.cs:line 162
</stackTrace></errorInfo><traceInfo type="Microsoft.VisualStudio.TestTools.Common.TestExecutionTraceInformation"><trace type="System.Text.StringBuilder">Creating instance of class Test.SokobanGameTest.
Calling Test method Test.SokobanGameTest.Microsoft.VisualStudio.TestTools.TestTypes.Unit.TestMethod.
</trace></traceInfo><stdout type="System.String" /><stderr type="System.String" /><debugTrace type="System.String" /><workItemIds type="System.Collections.Generic.List`1[[System.Int32, mscorlib, Version=2.0.0.0, Culture=neutral, PublicKeyToken=b77a5c561934e089]]"><_size type="System.Int32">0</_size><_version type="System.Int32">1</_version></workItemIds><id type="Microsoft.VisualStudio.TestTools.Common.TestResultId"><runId type="System.Guid">5a2f5059-485e-4e1f-86ff-af976d911ca8</runId><executionId type="Microsoft.VisualStudio.TestTools.Common.TestExecId"><id type="System.Guid">8f743c98-a4db-4f4a-95ee-5f8ea3d65a1d</id></executionId><parentExecId type="Microsoft.VisualStudio.TestTools.Common.TestExecId"><id type="System.Guid">00000000-0000-0000-0000-000000000000</id></parentExecId><testId type="Microsoft.VisualStudio.TestTools.Common.TestId"><id type="System.Guid">d5225d4f-a14c-b15e-07df-90ebc4b5ac4e</id></testId></id><testName type="System.String">clearTest</testName><testType type="Microsoft.VisualStudio.TestTools.Common.TestType"><id type="System.Guid">13cdc9d9-ddb5-4fa4-a97d-d965ccfc6d4b</id></testType><messageKind type="Microsoft.VisualStudio.TestTools.Common.TestMessageKind"><value__ type="System.Int32">1</value__></messageKind><computerInfo type="Microsoft.VisualStudio.TestTools.Common.ComputerInfo"><m_computerName type="System.String">LAPTOP</m_computerName></computerInfo><duration type="System.TimeSpan">00:00:00.0152600</duration><startTime type="System.DateTime"><dateData type="System.UInt64">633122559910000000</dateData></startTime><endTime type="System.DateTime"><dateData type="System.UInt64">633122559910312500</dateData></endTime><spoolMessage type="System.Boolean">True</spoolMessage></UnitTestResult><UnitTestResult type="Microsoft.VisualStudio.TestTools.TestTypes.Unit.UnitTestResult, Microsoft.VisualStudio.QualityTools.Tips.UnitTest.ObjectModel, Version=8.0.0.0, Culture=neutral, PublicKeyToken=b03f5f7f11d50a3a"><resultType type="Microsoft.VisualStudio.TestTools.TestTypes.Unit.UnitTestResultType, Microsoft.VisualStudio.QualityTools.Tips.UnitTest.ObjectModel, Version=8.0.0.0, Culture=neutral, PublicKeyToken=b03f5f7f11d50a3a"><value__ type="System.Int32">0</value__></resultType><m_hasSufficientAccess type="System.Boolean">True</m_hasSufficientAccess><counters type="Microsoft.VisualStudio.TestTools.Common.TestResultCounter"><values type="System.Int32">0,0,0,0,0,0,0,0,0,0,0,0,0,0</values><total type="System.Int32">1</total></counters><categoryId type="Microsoft.VisualStudio.TestTools.Common.TestCategoryId"><id type="System.Guid">8c84fa94-04c1-424b-9868-57a2d4851a1d</id></categoryId><outcome type="Microsoft.VisualStudio.TestTools.Common.TestOutcome"><value__ type="System.Int32">1</value__></outcome><errorInfo type="Microsoft.VisualStudio.TestTools.Common.TestResultErrorInfo"><message type="System.String">Test method Test.SokobanGameTest.containsStateTest threw exception:  System.Reflection.TargetInvocationException: Exception has been thrown by the target of an invocation. ---&gt;  System.NullReferenceException: Object reference not set to an instance of an object..</message><stackTrace type="System.String">    at Sokoban.SokobanGame.containsState(String state) in C:\Documents and Settings\Raymond\My Documents\SCHOOL\ImperatiefProgrammeren\IMPRO\Implementatie\Sokoban\SokobanGame.cs:line 290
 --- End of inner exception stack trace ---
    at System.RuntimeMethodHandle._InvokeMethodFast(Object target, Object[] arguments, SignatureStruct&amp; sig, MethodAttributes methodAttributes, RuntimeTypeHandle typeOwner)
   at System.RuntimeMethodHandle.InvokeMethodFast(Object target, Object[] arguments, Signature sig, MethodAttributes methodAttributes, RuntimeTypeHandle typeOwner)
   at System.Reflection.RuntimeMethodInfo.Invoke(Object obj, BindingFlags invokeAttr, Binder binder, Object[] parameters, CultureInfo culture, Boolean skipVisibilityChecks)
   at System.Reflection.RuntimeMethodInfo.Invoke(Object obj, BindingFlags invokeAttr, Binder binder, Object[] parameters, CultureInfo culture)
   at Microsoft.VisualStudio.TestTools.UnitTesting.PrivateObject.Invoke(String name, BindingFlags invokeAttr, Type[] parameterTypes, Object[] args, CultureInfo culture)
   at Microsoft.VisualStudio.TestTools.UnitTesting.PrivateObject.Invoke(String name, Type[] parameterTypes, Object[] args, CultureInfo culture)
   at Microsoft.VisualStudio.TestTools.UnitTesting.PrivateObject.Invoke(String name, Type[] parameterTypes, Object[] args)
   at Test.Sokoban_SokobanGameAccessor.containsState(String state) in C:\Documents and Settings\Raymond\My Documents\SCHOOL\ImperatiefProgrammeren\IMPRO\Implementatie\Test\VSCodeGenAccessors.cs:line 90
   at Test.SokobanGameTest.containsStateTest() in C:\Documents and Settings\Raymond\My Documents\SCHOOL\ImperatiefProgrammeren\IMPRO\Implementatie\Test\SokobanGameTest.cs:line 181
</stackTrace></errorInfo><traceInfo type="Microsoft.VisualStudio.TestTools.Common.TestExecutionTraceInformation"><trace type="System.Text.StringBuilder">Creating instance of class Test.SokobanGameTest.
Calling Test method Test.SokobanGameTest.Microsoft.VisualStudio.TestTools.TestTypes.Unit.TestMethod.
</trace></traceInfo><stdout type="System.String" /><stderr type="System.String" /><debugTrace type="System.String" /><workItemIds type="System.Collections.Generic.List`1[[System.Int32, mscorlib, Version=2.0.0.0, Culture=neutral, PublicKeyToken=b77a5c561934e089]]"><_size type="System.Int32">0</_size><_version type="System.Int32">1</_version></workItemIds><id type="Microsoft.VisualStudio.TestTools.Common.TestResultId"><runId type="System.Guid">5a2f5059-485e-4e1f-86ff-af976d911ca8</runId><executionId type="Microsoft.VisualStudio.TestTools.Common.TestExecId"><id type="System.Guid">8f71b2c4-f9b7-4c32-a2c5-7daebc8639db</id></executionId><parentExecId type="Microsoft.VisualStudio.TestTools.Common.TestExecId"><id type="System.Guid">00000000-0000-0000-0000-000000000000</id></parentExecId><testId type="Microsoft.VisualStudio.TestTools.Common.TestId"><id type="System.Guid">723fb7b0-6010-7e5f-963b-e38a490f591c</id></testId></id><testName type="System.String">containsStateTest</testName><testType type="Microsoft.VisualStudio.TestTools.Common.TestType"><id type="System.Guid">13cdc9d9-ddb5-4fa4-a97d-d965ccfc6d4b</id></testType><messageKind type="Microsoft.VisualStudio.TestTools.Common.TestMessageKind"><value__ type="System.Int32">1</value__></messageKind><computerInfo type="Microsoft.VisualStudio.TestTools.Common.ComputerInfo"><m_computerName type="System.String">LAPTOP</m_computerName></computerInfo><duration type="System.TimeSpan">00:00:00.0163663</duration><startTime type="System.DateTime"><dateData type="System.UInt64">633122559910312500</dateData></startTime><endTime type="System.DateTime"><dateData type="System.UInt64">633122559910625000</dateData></endTime><spoolMessage type="System.Boolean">True</spoolMessage></UnitTestResult><UnitTestResult type="Microsoft.VisualStudio.TestTools.TestTypes.Unit.UnitTestResult, Microsoft.VisualStudio.QualityTools.Tips.UnitTest.ObjectModel, Version=8.0.0.0, Culture=neutral, PublicKeyToken=b03f5f7f11d50a3a"><resultType type="Microsoft.VisualStudio.TestTools.TestTypes.Unit.UnitTestResultType, Microsoft.VisualStudio.QualityTools.Tips.UnitTest.ObjectModel, Version=8.0.0.0, Culture=neutral, PublicKeyToken=b03f5f7f11d50a3a"><value__ type="System.Int32">0</value__></resultType><m_hasSufficientAccess type="System.Boolean">True</m_hasSufficientAccess><counters type="Microsoft.VisualStudio.TestTools.Common.TestResultCounter"><values type="System.Int32">0,0,0,0,0,0,0,0,0,0,0,0,0,0</values><total type="System.Int32">1</total></counters><categoryId type="Microsoft.VisualStudio.TestTools.Common.TestCategoryId"><id type="System.Guid">8c84fa94-04c1-424b-9868-57a2d4851a1d</id></categoryId><outcome type="Microsoft.VisualStudio.TestTools.Common.TestOutcome"><value__ type="System.Int32">1</value__></outcome><errorInfo type="Microsoft.VisualStudio.TestTools.Common.TestResultErrorInfo"><message type="System.String">Assert.AreEqual failed. Expected:&lt;(null)&gt;, Actual:&lt;Grid.Point&gt;. Sokoban.SokobanGame.directionToPoint did not return the expected value.</message><stackTrace type="System.String">   at Test.SokobanGameTest.directionToPointTest() in C:\Documents and Settings\Raymond\My Documents\SCHOOL\ImperatiefProgrammeren\IMPRO\Implementatie\Test\SokobanGameTest.cs:line 201
</stackTrace></errorInfo><traceInfo type="Microsoft.VisualStudio.TestTools.Common.TestExecutionTraceInformation"><trace type="System.Text.StringBuilder">Creating instance of class Test.SokobanGameTest.
Calling Test method Test.SokobanGameTest.Microsoft.VisualStudio.TestTools.TestTypes.Unit.TestMethod.
</trace></traceInfo><stdout type="System.String" /><stderr type="System.String" /><debugTrace type="System.String" /><workItemIds type="System.Collections.Generic.List`1[[System.Int32, mscorlib, Version=2.0.0.0, Culture=neutral, PublicKeyToken=b77a5c561934e089]]"><_size type="System.Int32">0</_size><_version type="System.Int32">1</_version></workItemIds><id type="Microsoft.VisualStudio.TestTools.Common.TestResultId"><runId type="System.Guid">5a2f5059-485e-4e1f-86ff-af976d911ca8</runId><executionId type="Microsoft.VisualStudio.TestTools.Common.TestExecId"><id type="System.Guid">8f5cc4fa-1c95-466e-935f-e64898e6e79b</id></executionId><parentExecId type="Microsoft.VisualStudio.TestTools.Common.TestExecId"><id type="System.Guid">00000000-0000-0000-0000-000000000000</id></parentExecId><testId type="Microsoft.VisualStudio.TestTools.Common.TestId"><id type="System.Guid">090d7254-261b-e72c-bdd0-8f780064605f</id></testId></id><testName type="System.String">directionToPointTest</testName><testType type="Microsoft.VisualStudio.TestTools.Common.TestType"><id type="System.Guid">13cdc9d9-ddb5-4fa4-a97d-d965ccfc6d4b</id></testType><messageKind type="Microsoft.VisualStudio.TestTools.Common.TestMessageKind"><value__ type="System.Int32">1</value__></messageKind><computerInfo type="Microsoft.VisualStudio.TestTools.Common.ComputerInfo"><m_computerName type="System.String">LAPTOP</m_computerName></computerInfo><duration type="System.TimeSpan">00:00:00.0141601</duration><startTime type="System.DateTime"><dateData type="System.UInt64">633122559910625000</dateData></startTime><endTime type="System.DateTime"><dateData type="System.UInt64">633122559910937500</dateData></endTime><spoolMessage type="System.Boolean">True</spoolMessage></UnitTestResult><UnitTestResult type="Microsoft.VisualStudio.TestTools.TestTypes.Unit.UnitTestResult, Microsoft.VisualStudio.QualityTools.Tips.UnitTest.ObjectModel, Version=8.0.0.0, Culture=neutral, PublicKeyToken=b03f5f7f11d50a3a"><resultType type="Microsoft.VisualStudio.TestTools.TestTypes.Unit.UnitTestResultType, Microsoft.VisualStudio.QualityTools.Tips.UnitTest.ObjectModel, Version=8.0.0.0, Culture=neutral, PublicKeyToken=b03f5f7f11d50a3a"><value__ type="System.Int32">0</value__></resultType><m_hasSufficientAccess type="System.Boolean">True</m_hasSufficientAccess><counters type="Microsoft.VisualStudio.TestTools.Common.TestResultCounter"><values type="System.Int32">0,0,0,0,0,0,0,0,0,0,0,0,0,0</values><total type="System.Int32">1</total></counters><categoryId type="Microsoft.VisualStudio.TestTools.Common.TestCategoryId"><id type="System.Guid">8c84fa94-04c1-424b-9868-57a2d4851a1d</id></categoryId><outcome type="Microsoft.VisualStudio.TestTools.Common.TestOutcome"><value__ type="System.Int32">1</value__></outcome><errorInfo type="Microsoft.VisualStudio.TestTools.Common.TestResultErrorInfo"><message type="System.String">Test method Test.SokobanGameTest.getStateTest threw exception:  System.Reflection.TargetInvocationException: Exception has been thrown by the target of an invocation. ---&gt;  System.NullReferenceException: Object reference not set to an instance of an object..</message><stackTrace type="System.String">    at Sokoban.SokobanGame.getState(IGrid`1 boxes, IPoint player) in C:\Documents and Settings\Raymond\My Documents\SCHOOL\ImperatiefProgrammeren\IMPRO\Implementatie\Sokoban\SokobanGame.cs:line 330
 --- End of inner exception stack trace ---
    at System.RuntimeMethodHandle._InvokeMethodFast(Object target, Object[] arguments, SignatureStruct&amp; sig, MethodAttributes methodAttributes, RuntimeTypeHandle typeOwner)
   at System.RuntimeMethodHandle.InvokeMethodFast(Object target, Object[] arguments, Signature sig, MethodAttributes methodAttributes, RuntimeTypeHandle typeOwner)
   at System.Reflection.RuntimeMethodInfo.Invoke(Object obj, BindingFlags invokeAttr, Binder binder, Object[] parameters, CultureInfo culture, Boolean skipVisibilityChecks)
   at System.Reflection.RuntimeMethodInfo.Invoke(Object obj, BindingFlags invokeAttr, Binder binder, Object[] parameters, CultureInfo culture)
   at Microsoft.VisualStudio.TestTools.UnitTesting.PrivateObject.Invoke(String name, BindingFlags invokeAttr, Type[] parameterTypes, Object[] args, CultureInfo culture)
   at Microsoft.VisualStudio.TestTools.UnitTesting.PrivateObject.Invoke(String name, Type[] parameterTypes, Object[] args, CultureInfo culture)
   at Microsoft.VisualStudio.TestTools.UnitTesting.PrivateObject.Invoke(String name, Type[] parameterTypes, Object[] args)
   at Test.Sokoban_SokobanGameAccessor.getState(IGrid`1 boxes, IPoint player) in C:\Documents and Settings\Raymond\My Documents\SCHOOL\ImperatiefProgrammeren\IMPRO\Implementatie\Test\VSCodeGenAccessors.cs:line 115
   at Test.SokobanGameTest.getStateTest() in C:\Documents and Settings\Raymond\My Documents\SCHOOL\ImperatiefProgrammeren\IMPRO\Implementatie\Test\SokobanGameTest.cs:line 223
</stackTrace></errorInfo><traceInfo type="Microsoft.VisualStudio.TestTools.Common.TestExecutionTraceInformation"><trace type="System.Text.StringBuilder">Creating instance of class Test.SokobanGameTest.
Calling Test method Test.SokobanGameTest.Microsoft.VisualStudio.TestTools.TestTypes.Unit.TestMethod.
</trace></traceInfo><stdout type="System.String" /><stderr type="System.String" /><debugTrace type="System.String" /><workItemIds type="System.Collections.Generic.List`1[[System.Int32, mscorlib, Version=2.0.0.0, Culture=neutral, PublicKeyToken=b77a5c561934e089]]"><_size type="System.Int32">0</_size><_version type="System.Int32">1</_version></workItemIds><id type="Microsoft.VisualStudio.TestTools.Common.TestResultId"><runId type="System.Guid">5a2f5059-485e-4e1f-86ff-af976d911ca8</runId><executionId type="Microsoft.VisualStudio.TestTools.Common.TestExecId"><id type="System.Guid">eda56efe-0a5b-4c7f-8c85-fa2a7d746cc9</id></executionId><parentExecId type="Microsoft.VisualStudio.TestTools.Common.TestExecId"><id type="System.Guid">00000000-0000-0000-0000-000000000000</id></parentExecId><testId type="Microsoft.VisualStudio.TestTools.Common.TestId"><id type="System.Guid">59e6b3a4-6598-3cd2-4250-bedc199cc84c</id></testId></id><testName type="System.String">getStateTest</testName><testType type="Microsoft.VisualStudio.TestTools.Common.TestType"><id type="System.Guid">13cdc9d9-ddb5-4fa4-a97d-d965ccfc6d4b</id></testType><messageKind type="Microsoft.VisualStudio.TestTools.Common.TestMessageKind"><value__ type="System.Int32">1</value__></messageKind><computerInfo type="Microsoft.VisualStudio.TestTools.Common.ComputerInfo"><m_computerName type="System.String">LAPTOP</m_computerName></computerInfo><duration type="System.TimeSpan">00:00:00.0167979</duration><startTime type="System.DateTime"><dateData type="System.UInt64">633122559910937500</dateData></startTime><endTime type="System.DateTime"><dateData type="System.UInt64">633122559911406250</dateData></endTime><spoolMessage type="System.Boolean">True</spoolMessage></UnitTestResult><UnitTestResult type="Microsoft.VisualStudio.TestTools.TestTypes.Unit.UnitTestResult, Microsoft.VisualStudio.QualityTools.Tips.UnitTest.ObjectModel, Version=8.0.0.0, Culture=neutral, PublicKeyToken=b03f5f7f11d50a3a"><resultType type="Microsoft.VisualStudio.TestTools.TestTypes.Unit.UnitTestResultType, Microsoft.VisualStudio.QualityTools.Tips.UnitTest.ObjectModel, Version=8.0.0.0, Culture=neutral, PublicKeyToken=b03f5f7f11d50a3a"><value__ type="System.Int32">0</value__></resultType><m_hasSufficientAccess type="System.Boolean">True</m_hasSufficientAccess><counters type="Microsoft.VisualStudio.TestTools.Common.TestResultCounter"><values type="System.Int32">0,0,0,0,0,0,0,0,0,0,0,0,0,0</values><total type="System.Int32">1</total></counters><categoryId type="Microsoft.VisualStudio.TestTools.Common.TestCategoryId"><id type="System.Guid">8c84fa94-04c1-424b-9868-57a2d4851a1d</id></categoryId><outcome type="Microsoft.VisualStudio.TestTools.Common.TestOutcome"><value__ type="System.Int32">1</value__></outcome><errorInfo type="Microsoft.VisualStudio.TestTools.Common.TestResultErrorInfo"><message type="System.String">Test method Test.SokobanGameTest.gridTest threw exception:  System.NullReferenceException: Object reference not set to an instance of an object..</message><stackTrace type="System.String">    at Sokoban.SokobanGame.set_grid(IGrid`1 value) in C:\Documents and Settings\Raymond\My Documents\SCHOOL\ImperatiefProgrammeren\IMPRO\Implementatie\Sokoban\SokobanGame.cs:line 541
   at Test.SokobanGameTest.gridTest() in C:\Documents and Settings\Raymond\My Documents\SCHOOL\ImperatiefProgrammeren\IMPRO\Implementatie\Test\SokobanGameTest.cs:line 239
</stackTrace></errorInfo><traceInfo type="Microsoft.VisualStudio.TestTools.Common.TestExecutionTraceInformation"><trace type="System.Text.StringBuilder">Creating instance of class Test.SokobanGameTest.
Calling Test method Test.SokobanGameTest.Microsoft.VisualStudio.TestTools.TestTypes.Unit.TestMethod.
</trace></traceInfo><stdout type="System.String" /><stderr type="System.String" /><debugTrace type="System.String" /><workItemIds type="System.Collections.Generic.List`1[[System.Int32, mscorlib, Version=2.0.0.0, Culture=neutral, PublicKeyToken=b77a5c561934e089]]"><_size type="System.Int32">0</_size><_version type="System.Int32">1</_version></workItemIds><id type="Microsoft.VisualStudio.TestTools.Common.TestResultId"><runId type="System.Guid">5a2f5059-485e-4e1f-86ff-af976d911ca8</runId><executionId type="Microsoft.VisualStudio.TestTools.Common.TestExecId"><id type="System.Guid">c4b5c32d-e743-45d8-ae69-0869e6d0e91f</id></executionId><parentExecId type="Microsoft.VisualStudio.TestTools.Common.TestExecId"><id type="System.Guid">00000000-0000-0000-0000-000000000000</id></parentExecId><testId type="Microsoft.VisualStudio.TestTools.Common.TestId"><id type="System.Guid">8b89b04d-ca0e-f328-b2f9-41ad40475031</id></testId></id><testName type="System.String">gridTest</testName><testType type="Microsoft.VisualStudio.TestTools.Common.TestType"><id type="System.Guid">13cdc9d9-ddb5-4fa4-a97d-d965ccfc6d4b</id></testType><messageKind type="Microsoft.VisualStudio.TestTools.Common.TestMessageKind"><value__ type="System.Int32">1</value__></messageKind><computerInfo type="Microsoft.VisualStudio.TestTools.Common.ComputerInfo"><m_computerName type="System.String">LAPTOP</m_computerName></computerInfo><duration type="System.TimeSpan">00:00:00.0127907</duration><startTime type="System.DateTime"><dateData type="System.UInt64">633122559911406250</dateData></startTime><endTime type="System.DateTime"><dateData type="System.UInt64">633122559911562500</dateData></endTime><spoolMessage type="System.Boolean">True</spoolMessage></UnitTestResult><UnitTestResult type="Microsoft.VisualStudio.TestTools.TestTypes.Unit.UnitTestResult, Microsoft.VisualStudio.QualityTools.Tips.UnitTest.ObjectModel, Version=8.0.0.0, Culture=neutral, PublicKeyToken=b03f5f7f11d50a3a"><resultType type="Microsoft.VisualStudio.TestTools.TestTypes.Unit.UnitTestResultType, Microsoft.VisualStudio.QualityTools.Tips.UnitTest.ObjectModel, Version=8.0.0.0, Culture=neutral, PublicKeyToken=b03f5f7f11d50a3a"><value__ type="System.Int32">0</value__></resultType><m_hasSufficientAccess type="System.Boolean">True</m_hasSufficientAccess><counters type="Microsoft.VisualStudio.TestTools.Common.TestResultCounter"><values type="System.Int32">0,0,0,0,0,0,0,0,0,0,0,0,0,0</values><total type="System.Int32">1</total></counters><categoryId type="Microsoft.VisualStudio.TestTools.Common.TestCategoryId"><id type="System.Guid">8c84fa94-04c1-424b-9868-57a2d4851a1d</id></categoryId><outcome type="Microsoft.VisualStudio.TestTools.Common.TestOutcome"><value__ type="System.Int32">4</value__></outcome><errorInfo type="Microsoft.VisualStudio.TestTools.Common.TestResultErrorInfo"><message type="System.String">Assert.Inconclusive failed. Verify the correctness of this test method.</message><stackTrace type="System.String">   at Test.SokobanGameTest.heightTest() in C:\Documents and Settings\Raymond\My Documents\SCHOOL\ImperatiefProgrammeren\IMPRO\Implementatie\Test\SokobanGameTest.cs:line 260
</stackTrace></errorInfo><traceInfo type="Microsoft.VisualStudio.TestTools.Common.TestExecutionTraceInformation"><trace type="System.Text.StringBuilder">Creating instance of class Test.SokobanGameTest.
Calling Test method Test.SokobanGameTest.Microsoft.VisualStudio.TestTools.TestTypes.Unit.TestMethod.
</trace></traceInfo><stdout type="System.String" /><stderr type="System.String" /><debugTrace type="System.String" /><workItemIds type="System.Collections.Generic.List`1[[System.Int32, mscorlib, Version=2.0.0.0, Culture=neutral, PublicKeyToken=b77a5c561934e089]]"><_size type="System.Int32">0</_size><_version type="System.Int32">1</_version></workItemIds><id type="Microsoft.VisualStudio.TestTools.Common.TestResultId"><runId type="System.Guid">5a2f5059-485e-4e1f-86ff-af976d911ca8</runId><executionId type="Microsoft.VisualStudio.TestTools.Common.TestExecId"><id type="System.Guid">aaa92dfe-843f-41f2-a591-93d665cc4bd4</id></executionId><parentExecId type="Microsoft.VisualStudio.TestTools.Common.TestExecId"><id type="System.Guid">00000000-0000-0000-0000-000000000000</id></parentExecId><testId type="Microsoft.VisualStudio.TestTools.Common.TestId"><id type="System.Guid">123fa593-4644-a58e-2877-e59cc21abeb8</id></testId></id><testName type="System.String">heightTest</testName><testType type="Microsoft.VisualStudio.TestTools.Common.TestType"><id type="System.Guid">13cdc9d9-ddb5-4fa4-a97d-d965ccfc6d4b</id></testType><messageKind type="Microsoft.VisualStudio.TestTools.Common.TestMessageKind"><value__ type="System.Int32">1</value__></messageKind><computerInfo type="Microsoft.VisualStudio.TestTools.Common.ComputerInfo"><m_computerName type="System.String">LAPTOP</m_computerName></computerInfo><duration type="System.TimeSpan">00:00:00.0104298</duration><startTime type="System.DateTime"><dateData type="System.UInt64">633122559911562500</dateData></startTime><endTime type="System.DateTime"><dateData type="System.UInt64">633122559911875000</dateData></endTime><spoolMessage type="System.Boolean">True</spoolMessage></UnitTestResult><UnitTestResult type="Microsoft.VisualStudio.TestTools.TestTypes.Unit.UnitTestResult, Microsoft.VisualStudio.QualityTools.Tips.UnitTest.ObjectModel, Version=8.0.0.0, Culture=neutral, PublicKeyToken=b03f5f7f11d50a3a"><resultType type="Microsoft.VisualStudio.TestTools.TestTypes.Unit.UnitTestResultType, Microsoft.VisualStudio.QualityTools.Tips.UnitTest.ObjectModel, Version=8.0.0.0, Culture=neutral, PublicKeyToken=b03f5f7f11d50a3a"><value__ type="System.Int32">0</value__></resultType><m_hasSufficientAccess type="System.Boolean">True</m_hasSufficientAccess><counters type="Microsoft.VisualStudio.TestTools.Common.TestResultCounter"><values type="System.Int32">0,0,0,0,0,0,0,0,0,0,0,0,0,0</values><total type="System.Int32">1</total></counters><categoryId type="Microsoft.VisualStudio.TestTools.Common.TestCategoryId"><id type="System.Guid">8c84fa94-04c1-424b-9868-57a2d4851a1d</id></categoryId><outcome type="Microsoft.VisualStudio.TestTools.Common.TestOutcome"><value__ type="System.Int32">1</value__></outcome><errorInfo type="Microsoft.VisualStudio.TestTools.Common.TestResultErrorInfo"><message type="System.String">Assert.AreEqual failed. Expected:&lt;False&gt;, Actual:&lt;True&gt;. Sokoban.SokobanGame.isSolved did not return the expected value.</message><stackTrace type="System.String">   at Test.SokobanGameTest.isSolvedTest() in C:\Documents and Settings\Raymond\My Documents\SCHOOL\ImperatiefProgrammeren\IMPRO\Implementatie\Test\SokobanGameTest.cs:line 276
</stackTrace></errorInfo><traceInfo type="Microsoft.VisualStudio.TestTools.Common.TestExecutionTraceInformation"><trace type="System.Text.StringBuilder">Creating instance of class Test.SokobanGameTest.
Calling Test method Test.SokobanGameTest.Microsoft.VisualStudio.TestTools.TestTypes.Unit.TestMethod.
</trace></traceInfo><stdout type="System.String" /><stderr type="System.String" /><debugTrace type="System.String" /><workItemIds type="System.Collections.Generic.List`1[[System.Int32, mscorlib, Version=2.0.0.0, Culture=neutral, PublicKeyToken=b77a5c561934e089]]"><_size type="System.Int32">0</_size><_version type="System.Int32">1</_version></workItemIds><id type="Microsoft.VisualStudio.TestTools.Common.TestResultId"><runId type="System.Guid">5a2f5059-485e-4e1f-86ff-af976d911ca8</runId><executionId type="Microsoft.VisualStudio.TestTools.Common.TestExecId"><id type="System.Guid">66a2fa07-84e3-4b3c-9a18-c662a7f63028</id></executionId><parentExecId type="Microsoft.VisualStudio.TestTools.Common.TestExecId"><id type="System.Guid">00000000-0000-0000-0000-000000000000</id></parentExecId><testId type="Microsoft.VisualStudio.TestTools.Common.TestId"><id type="System.Guid">9735510f-9bf4-8b6a-ce95-cf00987f8dd2</id></testId></id><testName type="System.String">isSolvedTest</testName><testType type="Microsoft.VisualStudio.TestTools.Common.TestType"><id type="System.Guid">13cdc9d9-ddb5-4fa4-a97d-d965ccfc6d4b</id></testType><messageKind type="Microsoft.VisualStudio.TestTools.Common.TestMessageKind"><value__ type="System.Int32">1</value__></messageKind><computerInfo type="Microsoft.VisualStudio.TestTools.Common.ComputerInfo"><m_computerName type="System.String">LAPTOP</m_computerName></computerInfo><duration type="System.TimeSpan">00:00:00.0150893</duration><startTime type="System.DateTime"><dateData type="System.UInt64">633122559911875000</dateData></startTime><endTime type="System.DateTime"><dateData type="System.UInt64">633122559912187500</dateData></endTime><spoolMessage type="System.Boolean">True</spoolMessage></UnitTestResult><UnitTestResult type="Microsoft.VisualStudio.TestTools.TestTypes.Unit.UnitTestResult, Microsoft.VisualStudio.QualityTools.Tips.UnitTest.ObjectModel, Version=8.0.0.0, Culture=neutral, PublicKeyToken=b03f5f7f11d50a3a"><resultType type="Microsoft.VisualStudio.TestTools.TestTypes.Unit.UnitTestResultType, Microsoft.VisualStudio.QualityTools.Tips.UnitTest.ObjectModel, Version=8.0.0.0, Culture=neutral, PublicKeyToken=b03f5f7f11d50a3a"><value__ type="System.Int32">0</value__></resultType><m_hasSufficientAccess type="System.Boolean">True</m_hasSufficientAccess><counters type="Microsoft.VisualStudio.TestTools.Common.TestResultCounter"><values type="System.Int32">0,0,0,0,0,0,0,0,0,0,0,0,0,0</values><total type="System.Int32">1</total></counters><categoryId type="Microsoft.VisualStudio.TestTools.Common.TestCategoryId"><id type="System.Guid">8c84fa94-04c1-424b-9868-57a2d4851a1d</id></categoryId><outcome type="Microsoft.VisualStudio.TestTools.Common.TestOutcome"><value__ type="System.Int32">1</value__></outcome><errorInfo type="Microsoft.VisualStudio.TestTools.Common.TestResultErrorInfo"><message type="System.String">Test method Test.SokobanGameTest.isStuckTest threw exception:  System.Reflection.TargetInvocationException: Exception has been thrown by the target of an invocation. ---&gt;  System.NullReferenceException: Object reference not set to an instance of an object..</message><stackTrace type="System.String">    at Grid.Grid`1.isInBounds(IPoint p) in C:\Documents and Settings\Raymond\My Documents\SCHOOL\ImperatiefProgrammeren\IMPRO\Implementatie\Grid\Grid.cs:line 67
   at Grid.Grid`1.isAvailable(IPoint p) in C:\Documents and Settings\Raymond\My Documents\SCHOOL\ImperatiefProgrammeren\IMPRO\Implementatie\Grid\Grid.cs:line 57
   at Sokoban.SokobanGame.isStuck(IPoint boxPosition) in C:\Documents and Settings\Raymond\My Documents\SCHOOL\ImperatiefProgrammeren\IMPRO\Implementatie\Sokoban\SokobanGame.cs:line 366
 --- End of inner exception stack trace ---
    at System.RuntimeMethodHandle._InvokeMethodFast(Object target, Object[] arguments, SignatureStruct&amp; sig, MethodAttributes methodAttributes, RuntimeTypeHandle typeOwner)
   at System.RuntimeMethodHandle.InvokeMethodFast(Object target, Object[] arguments, Signature sig, MethodAttributes methodAttributes, RuntimeTypeHandle typeOwner)
   at System.Reflection.RuntimeMethodInfo.Invoke(Object obj, BindingFlags invokeAttr, Binder binder, Object[] parameters, CultureInfo culture, Boolean skipVisibilityChecks)
   at System.Reflection.RuntimeMethodInfo.Invoke(Object obj, BindingFlags invokeAttr, Binder binder, Object[] parameters, CultureInfo culture)
   at Microsoft.VisualStudio.TestTools.UnitTesting.PrivateObject.Invoke(String name, BindingFlags invokeAttr, Type[] parameterTypes, Object[] args, CultureInfo culture)
   at Microsoft.VisualStudio.TestTools.UnitTesting.PrivateObject.Invoke(String name, Type[] parameterTypes, Object[] args, CultureInfo culture)
   at Microsoft.VisualStudio.TestTools.UnitTesting.PrivateObject.Invoke(String name, Type[] parameterTypes, Object[] args)
   at Test.Sokoban_SokobanGameAccessor.isStuck(IPoint boxPosition) in C:\Documents and Settings\Raymond\My Documents\SCHOOL\ImperatiefProgrammeren\IMPRO\Implementatie\Test\VSCodeGenAccessors.cs:line 131
   at Test.SokobanGameTest.isStuckTest() in C:\Documents and Settings\Raymond\My Documents\SCHOOL\ImperatiefProgrammeren\IMPRO\Implementatie\Test\SokobanGameTest.cs:line 296
</stackTrace></errorInfo><traceInfo type="Microsoft.VisualStudio.TestTools.Common.TestExecutionTraceInformation"><trace type="System.Text.StringBuilder">Creating instance of class Test.SokobanGameTest.
Calling Test method Test.SokobanGameTest.Microsoft.VisualStudio.TestTools.TestTypes.Unit.TestMethod.
</trace></traceInfo><stdout type="System.String" /><stderr type="System.String" /><debugTrace type="System.String" /><workItemIds type="System.Collections.Generic.List`1[[System.Int32, mscorlib, Version=2.0.0.0, Culture=neutral, PublicKeyToken=b77a5c561934e089]]"><_size type="System.Int32">0</_size><_version type="System.Int32">1</_version></workItemIds><id type="Microsoft.VisualStudio.TestTools.Common.TestResultId"><runId type="System.Guid">5a2f5059-485e-4e1f-86ff-af976d911ca8</runId><executionId type="Microsoft.VisualStudio.TestTools.Common.TestExecId"><id type="System.Guid">cc5c3a6e-edeb-4ac1-b670-45bedbc52987</id></executionId><parentExecId type="Microsoft.VisualStudio.TestTools.Common.TestExecId"><id type="System.Guid">00000000-0000-0000-0000-000000000000</id></parentExecId><testId type="Microsoft.VisualStudio.TestTools.Common.TestId"><id type="System.Guid">703a8c00-2424-d344-1e24-2435829aea92</id></testId></id><testName type="System.String">isStuckTest</testName><testType type="Microsoft.VisualStudio.TestTools.Common.TestType"><id type="System.Guid">13cdc9d9-ddb5-4fa4-a97d-d965ccfc6d4b</id></testType><messageKind type="Microsoft.VisualStudio.TestTools.Common.TestMessageKind"><value__ type="System.Int32">1</value__></messageKind><computerInfo type="Microsoft.VisualStudio.TestTools.Common.ComputerInfo"><m_computerName type="System.String">LAPTOP</m_computerName></computerInfo><duration type="System.TimeSpan">00:00:00.0192585</duration><startTime type="System.DateTime"><dateData type="System.UInt64">633122559912187500</dateData></startTime><endTime type="System.DateTime"><dateData type="System.UInt64">633122559912500000</dateData></endTime><spoolMessage type="System.Boolean">True</spoolMessage></UnitTestResult><UnitTestResult type="Microsoft.VisualStudio.TestTools.TestTypes.Unit.UnitTestResult, Microsoft.VisualStudio.QualityTools.Tips.UnitTest.ObjectModel, Version=8.0.0.0, Culture=neutral, PublicKeyToken=b03f5f7f11d50a3a"><resultType type="Microsoft.VisualStudio.TestTools.TestTypes.Unit.UnitTestResultType, Microsoft.VisualStudio.QualityTools.Tips.UnitTest.ObjectModel, Version=8.0.0.0, Culture=neutral, PublicKeyToken=b03f5f7f11d50a3a"><value__ type="System.Int32">0</value__></resultType><m_hasSufficientAccess type="System.Boolean">True</m_hasSufficientAccess><counters type="Microsoft.VisualStudio.TestTools.Common.TestResultCounter"><values type="System.Int32">0,0,0,0,0,0,0,0,0,0,0,0,0,0</values><total type="System.Int32">1</total></counters><categoryId type="Microsoft.VisualStudio.TestTools.Common.TestCategoryId"><id type="System.Guid">8c84fa94-04c1-424b-9868-57a2d4851a1d</id></categoryId><outcome type="Microsoft.VisualStudio.TestTools.Common.TestOutcome"><value__ type="System.Int32">1</value__></outcome><errorInfo type="Microsoft.VisualStudio.TestTools.Common.TestResultErrorInfo"><message type="System.String">Test method Test.SokobanGameTest.isWalkableTest threw exception:  System.Reflection.TargetInvocationException: Exception has been thrown by the target of an invocation. ---&gt;  System.NullReferenceException: Object reference not set to an instance of an object..</message><stackTrace type="System.String">    at Grid.Grid`1.isInBounds(IPoint p) in C:\Documents and Settings\Raymond\My Documents\SCHOOL\ImperatiefProgrammeren\IMPRO\Implementatie\Grid\Grid.cs:line 67
   at Sokoban.SokobanGame.isWalkable(IPoint position) in C:\Documents and Settings\Raymond\My Documents\SCHOOL\ImperatiefProgrammeren\IMPRO\Implementatie\Sokoban\SokobanGame.cs:line 401
 --- End of inner exception stack trace ---
    at System.RuntimeMethodHandle._InvokeMethodFast(Object target, Object[] arguments, SignatureStruct&amp; sig, MethodAttributes methodAttributes, RuntimeTypeHandle typeOwner)
   at System.RuntimeMethodHandle.InvokeMethodFast(Object target, Object[] arguments, Signature sig, MethodAttributes methodAttributes, RuntimeTypeHandle typeOwner)
   at System.Reflection.RuntimeMethodInfo.Invoke(Object obj, BindingFlags invokeAttr, Binder binder, Object[] parameters, CultureInfo culture, Boolean skipVisibilityChecks)
   at System.Reflection.RuntimeMethodInfo.Invoke(Object obj, BindingFlags invokeAttr, Binder binder, Object[] parameters, CultureInfo culture)
   at Microsoft.VisualStudio.TestTools.UnitTesting.PrivateObject.Invoke(String name, BindingFlags invokeAttr, Type[] parameterTypes, Object[] args, CultureInfo culture)
   at Microsoft.VisualStudio.TestTools.UnitTesting.PrivateObject.Invoke(String name, Type[] parameterTypes, Object[] args, CultureInfo culture)
   at Microsoft.VisualStudio.TestTools.UnitTesting.PrivateObject.Invoke(String name, Type[] parameterTypes, Object[] args)
   at Test.Sokoban_SokobanGameAccessor.isWalkable(IPoint position) in C:\Documents and Settings\Raymond\My Documents\SCHOOL\ImperatiefProgrammeren\IMPRO\Implementatie\Test\VSCodeGenAccessors.cs:line 139
   at Test.SokobanGameTest.isWalkableTest() in C:\Documents and Settings\Raymond\My Documents\SCHOOL\ImperatiefProgrammeren\IMPRO\Implementatie\Test\SokobanGameTest.cs:line 318
</stackTrace></errorInfo><traceInfo type="Microsoft.VisualStudio.TestTools.Common.TestExecutionTraceInformation"><trace type="System.Text.StringBuilder">Creating instance of class Test.SokobanGameTest.
Calling Test method Test.SokobanGameTest.Microsoft.VisualStudio.TestTools.TestTypes.Unit.TestMethod.
</trace></traceInfo><stdout type="System.String" /><stderr type="System.String" /><debugTrace type="System.String" /><workItemIds type="System.Collections.Generic.List`1[[System.Int32, mscorlib, Version=2.0.0.0, Culture=neutral, PublicKeyToken=b77a5c561934e089]]"><_size type="System.Int32">0</_size><_version type="System.Int32">1</_version></workItemIds><id type="Microsoft.VisualStudio.TestTools.Common.TestResultId"><runId type="System.Guid">5a2f5059-485e-4e1f-86ff-af976d911ca8</runId><executionId type="Microsoft.VisualStudio.TestTools.Common.TestExecId"><id type="System.Guid">2d83e941-4c51-4a4a-92cc-989093bf104a</id></executionId><parentExecId type="Microsoft.VisualStudio.TestTools.Common.TestExecId"><id type="System.Guid">00000000-0000-0000-0000-000000000000</id></parentExecId><testId type="Microsoft.VisualStudio.TestTools.Common.TestId"><id type="System.Guid">a694329d-ff8a-21f4-5ea3-0a8516ba28a4</id></testId></id><testName type="System.String">isWalkableTest</testName><testType type="Microsoft.VisualStudio.TestTools.Common.TestType"><id type="System.Guid">13cdc9d9-ddb5-4fa4-a97d-d965ccfc6d4b</id></testType><messageKind type="Microsoft.VisualStudio.TestTools.Common.TestMessageKind"><value__ type="System.Int32">1</value__></messageKind><computerInfo type="Microsoft.VisualStudio.TestTools.Common.ComputerInfo"><m_computerName type="System.String">LAPTOP</m_computerName></computerInfo><duration type="System.TimeSpan">00:00:00.0191222</duration><startTime type="System.DateTime"><dateData type="System.UInt64">633122559912500000</dateData></startTime><endTime type="System.DateTime"><dateData type="System.UInt64">633122559912812500</dateData></endTime><spoolMessage type="System.Boolean">True</spoolMessage></UnitTestResult><UnitTestResult type="Microsoft.VisualStudio.TestTools.TestTypes.Unit.UnitTestResult, Microsoft.VisualStudio.QualityTools.Tips.UnitTest.ObjectModel, Version=8.0.0.0, Culture=neutral, PublicKeyToken=b03f5f7f11d50a3a"><resultType type="Microsoft.VisualStudio.TestTools.TestTypes.Unit.UnitTestResultType, Microsoft.VisualStudio.QualityTools.Tips.UnitTest.ObjectModel, Version=8.0.0.0, Culture=neutral, PublicKeyToken=b03f5f7f11d50a3a"><value__ type="System.Int32">0</value__></resultType><m_hasSufficientAccess type="System.Boolean">True</m_hasSufficientAccess><counters type="Microsoft.VisualStudio.TestTools.Common.TestResultCounter"><values type="System.Int32">0,0,0,0,0,0,0,0,0,0,0,0,0,0</values><total type="System.Int32">1</total></counters><categoryId type="Microsoft.VisualStudio.TestTools.Common.TestCategoryId"><id type="System.Guid">8c84fa94-04c1-424b-9868-57a2d4851a1d</id></categoryId><outcome type="Microsoft.VisualStudio.TestTools.Common.TestOutcome"><value__ type="System.Int32">1</value__></outcome><errorInfo type="Microsoft.VisualStudio.TestTools.Common.TestResultErrorInfo"><message type="System.String">Test method Test.SokobanGameTest.loadGameTest threw exception:  System.ArgumentNullException: Value cannot be null.
Parameter name: fileName.</message><stackTrace type="System.String">    at System.IO.FileInfo..ctor(String fileName)
   at Sokoban.SokobanGame.loadGame(String loadPath) in C:\Documents and Settings\Raymond\My Documents\SCHOOL\ImperatiefProgrammeren\IMPRO\Implementatie\Sokoban\SokobanGame.cs:line 31
   at Test.SokobanGameTest.loadGameTest() in C:\Documents and Settings\Raymond\My Documents\SCHOOL\ImperatiefProgrammeren\IMPRO\Implementatie\Test\SokobanGameTest.cs:line 337
</stackTrace></errorInfo><traceInfo type="Microsoft.VisualStudio.TestTools.Common.TestExecutionTraceInformation"><trace type="System.Text.StringBuilder">Creating instance of class Test.SokobanGameTest.
Calling Test method Test.SokobanGameTest.Microsoft.VisualStudio.TestTools.TestTypes.Unit.TestMethod.
</trace></traceInfo><stdout type="System.String" /><stderr type="System.String" /><debugTrace type="System.String" /><workItemIds type="System.Collections.Generic.List`1[[System.Int32, mscorlib, Version=2.0.0.0, Culture=neutral, PublicKeyToken=b77a5c561934e089]]"><_size type="System.Int32">0</_size><_version type="System.Int32">1</_version></workItemIds><id type="Microsoft.VisualStudio.TestTools.Common.TestResultId"><runId type="System.Guid">5a2f5059-485e-4e1f-86ff-af976d911ca8</runId><executionId type="Microsoft.VisualStudio.TestTools.Common.TestExecId"><id type="System.Guid">7a8b747b-9197-4a32-883d-97e97c7a059e</id></executionId><parentExecId type="Microsoft.VisualStudio.TestTools.Common.TestExecId"><id type="System.Guid">00000000-0000-0000-0000-000000000000</id></parentExecId><testId type="Microsoft.VisualStudio.TestTools.Common.TestId"><id type="System.Guid">04fa6563-8e5d-f9a3-5d8d-a4d5c5e7d48b</id></testId></id><testName type="System.String">loadGameTest</testName><testType type="Microsoft.VisualStudio.TestTools.Common.TestType"><id type="System.Guid">13cdc9d9-ddb5-4fa4-a97d-d965ccfc6d4b</id></testType><messageKind type="Microsoft.VisualStudio.TestTools.Common.TestMessageKind"><value__ type="System.Int32">1</value__></messageKind><computerInfo type="Microsoft.VisualStudio.TestTools.Common.ComputerInfo"><m_computerName type="System.String">LAPTOP</m_computerName></computerInfo><duration type="System.TimeSpan">00:00:00.0142406</duration><startTime type="System.DateTime"><dateData type="System.UInt64">633122559912812500</dateData></startTime><endTime type="System.DateTime"><dateData type="System.UInt64">633122559913125000</dateData></endTime><spoolMessage type="System.Boolean">True</spoolMessage></UnitTestResult><UnitTestResult type="Microsoft.VisualStudio.TestTools.TestTypes.Unit.UnitTestResult, Microsoft.VisualStudio.QualityTools.Tips.UnitTest.ObjectModel, Version=8.0.0.0, Culture=neutral, PublicKeyToken=b03f5f7f11d50a3a"><resultType type="Microsoft.VisualStudio.TestTools.TestTypes.Unit.UnitTestResultType, Microsoft.VisualStudio.QualityTools.Tips.UnitTest.ObjectModel, Version=8.0.0.0, Culture=neutral, PublicKeyToken=b03f5f7f11d50a3a"><value__ type="System.Int32">0</value__></resultType><m_hasSufficientAccess type="System.Boolean">True</m_hasSufficientAccess><counters type="Microsoft.VisualStudio.TestTools.Common.TestResultCounter"><values type="System.Int32">0,0,0,0,0,0,0,0,0,0,0,0,0,0</values><total type="System.Int32">1</total></counters><categoryId type="Microsoft.VisualStudio.TestTools.Common.TestCategoryId"><id type="System.Guid">8c84fa94-04c1-424b-9868-57a2d4851a1d</id></categoryId><outcome type="Microsoft.VisualStudio.TestTools.Common.TestOutcome"><value__ type="System.Int32">4</value__></outcome><errorInfo type="Microsoft.VisualStudio.TestTools.Common.TestResultErrorInfo"><message type="System.String">Assert.Inconclusive failed. Verify the correctness of this test method.</message><stackTrace type="System.String">   at Test.SokobanGameTest.movePlayerTest() in C:\Documents and Settings\Raymond\My Documents\SCHOOL\ImperatiefProgrammeren\IMPRO\Implementatie\Test\SokobanGameTest.cs:line 359
</stackTrace></errorInfo><traceInfo type="Microsoft.VisualStudio.TestTools.Common.TestExecutionTraceInformation"><trace type="System.Text.StringBuilder">Creating instance of class Test.SokobanGameTest.
Calling Test method Test.SokobanGameTest.Microsoft.VisualStudio.TestTools.TestTypes.Unit.TestMethod.
</trace></traceInfo><stdout type="System.String" /><stderr type="System.String" /><debugTrace type="System.String" /><workItemIds type="System.Collections.Generic.List`1[[System.Int32, mscorlib, Version=2.0.0.0, Culture=neutral, PublicKeyToken=b77a5c561934e089]]"><_size type="System.Int32">0</_size><_version type="System.Int32">1</_version></workItemIds><id type="Microsoft.VisualStudio.TestTools.Common.TestResultId"><runId type="System.Guid">5a2f5059-485e-4e1f-86ff-af976d911ca8</runId><executionId type="Microsoft.VisualStudio.TestTools.Common.TestExecId"><id type="System.Guid">2e131208-cef7-4711-813a-6c6e1ee8972b</id></executionId><parentExecId type="Microsoft.VisualStudio.TestTools.Common.TestExecId"><id type="System.Guid">00000000-0000-0000-0000-000000000000</id></parentExecId><testId type="Microsoft.VisualStudio.TestTools.Common.TestId"><id type="System.Guid">db64b1fb-9868-9c1b-dedb-0ee9842e84aa</id></testId></id><testName type="System.String">movePlayerTest</testName><testType type="Microsoft.VisualStudio.TestTools.Common.TestType"><id type="System.Guid">13cdc9d9-ddb5-4fa4-a97d-d965ccfc6d4b</id></testType><messageKind type="Microsoft.VisualStudio.TestTools.Common.TestMessageKind"><value__ type="System.Int32">1</value__></messageKind><computerInfo type="Microsoft.VisualStudio.TestTools.Common.ComputerInfo"><m_computerName type="System.String">LAPTOP</m_computerName></computerInfo><duration type="System.TimeSpan">00:00:00.0139813</duration><startTime type="System.DateTime"><dateData type="System.UInt64">633122559913125000</dateData></startTime><endTime type="System.DateTime"><dateData type="System.UInt64">633122559913437500</dateData></endTime><spoolMessage type="System.Boolean">True</spoolMessage></UnitTestResult><UnitTestResult type="Microsoft.VisualStudio.TestTools.TestTypes.Unit.UnitTestResult, Microsoft.VisualStudio.QualityTools.Tips.UnitTest.ObjectModel, Version=8.0.0.0, Culture=neutral, PublicKeyToken=b03f5f7f11d50a3a"><resultType type="Microsoft.VisualStudio.TestTools.TestTypes.Unit.UnitTestResultType, Microsoft.VisualStudio.QualityTools.Tips.UnitTest.ObjectModel, Version=8.0.0.0, Culture=neutral, PublicKeyToken=b03f5f7f11d50a3a"><value__ type="System.Int32">0</value__></resultType><m_hasSufficientAccess type="System.Boolean">True</m_hasSufficientAccess><counters type="Microsoft.VisualStudio.TestTools.Common.TestResultCounter"><values type="System.Int32">0,0,0,0,0,0,0,0,0,0,0,0,0,0</values><total type="System.Int32">1</total></counters><categoryId type="Microsoft.VisualStudio.TestTools.Common.TestCategoryId"><id type="System.Guid">8c84fa94-04c1-424b-9868-57a2d4851a1d</id></categoryId><outcome type="Microsoft.VisualStudio.TestTools.Common.TestOutcome"><value__ type="System.Int32">4</value__></outcome><errorInfo type="Microsoft.VisualStudio.TestTools.Common.TestResultErrorInfo"><message type="System.String">Assert.Inconclusive failed. Verify the correctness of this test method.</message><stackTrace type="System.String">   at Test.SokobanGameTest.movePlayerTest1() in C:\Documents and Settings\Raymond\My Documents\SCHOOL\ImperatiefProgrammeren\IMPRO\Implementatie\Test\SokobanGameTest.cs:line 387
</stackTrace></errorInfo><traceInfo type="Microsoft.VisualStudio.TestTools.Common.TestExecutionTraceInformation"><trace type="System.Text.StringBuilder">Creating instance of class Test.SokobanGameTest.
Calling Test method Test.SokobanGameTest.Microsoft.VisualStudio.TestTools.TestTypes.Unit.TestMethod.
</trace></traceInfo><stdout type="System.String" /><stderr type="System.String" /><debugTrace type="System.String" /><workItemIds type="System.Collections.Generic.List`1[[System.Int32, mscorlib, Version=2.0.0.0, Culture=neutral, PublicKeyToken=b77a5c561934e089]]"><_size type="System.Int32">0</_size><_version type="System.Int32">1</_version></workItemIds><id type="Microsoft.VisualStudio.TestTools.Common.TestResultId"><runId type="System.Guid">5a2f5059-485e-4e1f-86ff-af976d911ca8</runId><executionId type="Microsoft.VisualStudio.TestTools.Common.TestExecId"><id type="System.Guid">c192d30c-d381-47e5-8931-3ef69e73b4c7</id></executionId><parentExecId type="Microsoft.VisualStudio.TestTools.Common.TestExecId"><id type="System.Guid">00000000-0000-0000-0000-000000000000</id></parentExecId><testId type="Microsoft.VisualStudio.TestTools.Common.TestId"><id type="System.Guid">3a1bdbc6-dfba-afc5-9242-b02ff1ad7de4</id></testId></id><testName type="System.String">movePlayerTest1</testName><testType type="Microsoft.VisualStudio.TestTools.Common.TestType"><id type="System.Guid">13cdc9d9-ddb5-4fa4-a97d-d965ccfc6d4b</id></testType><messageKind type="Microsoft.VisualStudio.TestTools.Common.TestMessageKind"><value__ type="System.Int32">1</value__></messageKind><computerInfo type="Microsoft.VisualStudio.TestTools.Common.ComputerInfo"><m_computerName type="System.String">LAPTOP</m_computerName></computerInfo><duration type="System.TimeSpan">00:00:00.0121582</duration><startTime type="System.DateTime"><dateData type="System.UInt64">633122559913437500</dateData></startTime><endTime type="System.DateTime"><dateData type="System.UInt64">633122559913750000</dateData></endTime><spoolMessage type="System.Boolean">True</spoolMessage></UnitTestResult><UnitTestResult type="Microsoft.VisualStudio.TestTools.TestTypes.Unit.UnitTestResult, Microsoft.VisualStudio.QualityTools.Tips.UnitTest.ObjectModel, Version=8.0.0.0, Culture=neutral, PublicKeyToken=b03f5f7f11d50a3a"><resultType type="Microsoft.VisualStudio.TestTools.TestTypes.Unit.UnitTestResultType, Microsoft.VisualStudio.QualityTools.Tips.UnitTest.ObjectModel, Version=8.0.0.0, Culture=neutral, PublicKeyToken=b03f5f7f11d50a3a"><value__ type="System.Int32">0</value__></resultType><m_hasSufficientAccess type="System.Boolean">True</m_hasSufficientAccess><counters type="Microsoft.VisualStudio.TestTools.Common.TestResultCounter"><values type="System.Int32">0,0,0,0,0,0,0,0,0,0,0,0,0,0</values><total type="System.Int32">1</total></counters><categoryId type="Microsoft.VisualStudio.TestTools.Common.TestCategoryId"><id type="System.Guid">8c84fa94-04c1-424b-9868-57a2d4851a1d</id></categoryId><outcome type="Microsoft.VisualStudio.TestTools.Common.TestOutcome"><value__ type="System.Int32">1</value__></outcome><errorInfo type="Microsoft.VisualStudio.TestTools.Common.TestResultErrorInfo"><message type="System.String">Test method Test.SokobanGameTest.saveGameTest threw exception:  System.ArgumentNullException: Value cannot be null.
Parameter name: fileName.</message><stackTrace type="System.String">    at System.IO.FileInfo..ctor(String fileName)
   at Sokoban.SokobanGame.saveGame(String savePath) in C:\Documents and Settings\Raymond\My Documents\SCHOOL\ImperatiefProgrammeren\IMPRO\Implementatie\Sokoban\SokobanGame.cs:line 83
   at Test.SokobanGameTest.saveGameTest() in C:\Documents and Settings\Raymond\My Documents\SCHOOL\ImperatiefProgrammeren\IMPRO\Implementatie\Test\SokobanGameTest.cs:line 400
</stackTrace></errorInfo><traceInfo type="Microsoft.VisualStudio.TestTools.Common.TestExecutionTraceInformation"><trace type="System.Text.StringBuilder">Creating instance of class Test.SokobanGameTest.
Calling Test method Test.SokobanGameTest.Microsoft.VisualStudio.TestTools.TestTypes.Unit.TestMethod.
</trace></traceInfo><stdout type="System.String" /><stderr type="System.String" /><debugTrace type="System.String" /><workItemIds type="System.Collections.Generic.List`1[[System.Int32, mscorlib, Version=2.0.0.0, Culture=neutral, PublicKeyToken=b77a5c561934e089]]"><_size type="System.Int32">0</_size><_version type="System.Int32">1</_version></workItemIds><id type="Microsoft.VisualStudio.TestTools.Common.TestResultId"><runId type="System.Guid">5a2f5059-485e-4e1f-86ff-af976d911ca8</runId><executionId type="Microsoft.VisualStudio.TestTools.Common.TestExecId"><id type="System.Guid">6ebc2518-6a3c-462f-910b-c4f7b8a6217e</id></executionId><parentExecId type="Microsoft.VisualStudio.TestTools.Common.TestExecId"><id type="System.Guid">00000000-0000-0000-0000-000000000000</id></parentExecId><testId type="Microsoft.VisualStudio.TestTools.Common.TestId"><id type="System.Guid">4d723b81-bd2c-0eaf-654e-9d9f09ba005d</id></testId></id><testName type="System.String">saveGameTest</testName><testType type="Microsoft.VisualStudio.TestTools.Common.TestType"><id type="System.Guid">13cdc9d9-ddb5-4fa4-a97d-d965ccfc6d4b</id></testType><messageKind type="Microsoft.VisualStudio.TestTools.Common.TestMessageKind"><value__ type="System.Int32">1</value__></messageKind><computerInfo type="Microsoft.VisualStudio.TestTools.Common.ComputerInfo"><m_computerName type="System.String">LAPTOP</m_computerName></computerInfo><duration type="System.TimeSpan">00:00:00.0144054</duration><startTime type="System.DateTime"><dateData type="System.UInt64">633122559913750000</dateData></startTime><endTime type="System.DateTime"><dateData type="System.UInt64">633122559914062500</dateData></endTime><spoolMessage type="System.Boolean">True</spoolMessage></UnitTestResult><UnitTestResult type="Microsoft.VisualStudio.TestTools.TestTypes.Unit.UnitTestResult, Microsoft.VisualStudio.QualityTools.Tips.UnitTest.ObjectModel, Version=8.0.0.0, Culture=neutral, PublicKeyToken=b03f5f7f11d50a3a"><resultType type="Microsoft.VisualStudio.TestTools.TestTypes.Unit.UnitTestResultType, Microsoft.VisualStudio.QualityTools.Tips.UnitTest.ObjectModel, Version=8.0.0.0, Culture=neutral, PublicKeyToken=b03f5f7f11d50a3a"><value__ type="System.Int32">0</value__></resultType><m_hasSufficientAccess type="System.Boolean">True</m_hasSufficientAccess><counters type="Microsoft.VisualStudio.TestTools.Common.TestResultCounter"><values type="System.Int32">0,0,0,0,0,0,0,0,0,0,0,0,0,0</values><total type="System.Int32">1</total></counters><categoryId type="Microsoft.VisualStudio.TestTools.Common.TestCategoryId"><id type="System.Guid">8c84fa94-04c1-424b-9868-57a2d4851a1d</id></categoryId><outcome type="Microsoft.VisualStudio.TestTools.Common.TestOutcome"><value__ type="System.Int32">4</value__></outcome><errorInfo type="Microsoft.VisualStudio.TestTools.Common.TestResultErrorInfo"><message type="System.String">Assert.Inconclusive failed. TODO: Implement code to verify target</message><stackTrace type="System.String">   at Test.SokobanGameTest.ConstructorTest() in C:\Documents and Settings\Raymond\My Documents\SCHOOL\ImperatiefProgrammeren\IMPRO\Implementatie\Test\SokobanGameTest.cs:line 414
</stackTrace></errorInfo><traceInfo type="Microsoft.VisualStudio.TestTools.Common.TestExecutionTraceInformation"><trace type="System.Text.StringBuilder">Creating instance of class Test.SokobanGameTest.
Calling Test method Test.SokobanGameTest.Microsoft.VisualStudio.TestTools.TestTypes.Unit.TestMethod.
</trace></traceInfo><stdout type="System.String" /><stderr type="System.String" /><debugTrace type="System.String" /><workItemIds type="System.Collections.Generic.List`1[[System.Int32, mscorlib, Version=2.0.0.0, Culture=neutral, PublicKeyToken=b77a5c561934e089]]"><_size type="System.Int32">0</_size><_version type="System.Int32">1</_version></workItemIds><id type="Microsoft.VisualStudio.TestTools.Common.TestResultId"><runId type="System.Guid">5a2f5059-485e-4e1f-86ff-af976d911ca8</runId><executionId type="Microsoft.VisualStudio.TestTools.Common.TestExecId"><id type="System.Guid">703e14bd-40ed-46ff-90ba-bf66b8453a58</id></executionId><parentExecId type="Microsoft.VisualStudio.TestTools.Common.TestExecId"><id type="System.Guid">00000000-0000-0000-0000-000000000000</id></parentExecId><testId type="Microsoft.VisualStudio.TestTools.Common.TestId"><id type="System.Guid">bd50cfe3-1983-632c-ace3-55bf65bcb055</id></testId></id><testName type="System.String">ConstructorTest</testName><testType type="Microsoft.VisualStudio.TestTools.Common.TestType"><id type="System.Guid">13cdc9d9-ddb5-4fa4-a97d-d965ccfc6d4b</id></testType><messageKind type="Microsoft.VisualStudio.TestTools.Common.TestMessageKind"><value__ type="System.Int32">1</value__></messageKind><computerInfo type="Microsoft.VisualStudio.TestTools.Common.ComputerInfo"><m_computerName type="System.String">LAPTOP</m_computerName></computerInfo><duration type="System.TimeSpan">00:00:00.0114508</duration><startTime type="System.DateTime"><dateData type="System.UInt64">633122559914062500</dateData></startTime><endTime type="System.DateTime"><dateData type="System.UInt64">633122559914375000</dateData></endTime><spoolMessage type="System.Boolean">True</spoolMessage></UnitTestResult><UnitTestResult type="Microsoft.VisualStudio.TestTools.TestTypes.Unit.UnitTestResult, Microsoft.VisualStudio.QualityTools.Tips.UnitTest.ObjectModel, Version=8.0.0.0, Culture=neutral, PublicKeyToken=b03f5f7f11d50a3a"><resultType type="Microsoft.VisualStudio.TestTools.TestTypes.Unit.UnitTestResultType, Microsoft.VisualStudio.QualityTools.Tips.UnitTest.ObjectModel, Version=8.0.0.0, Culture=neutral, PublicKeyToken=b03f5f7f11d50a3a"><value__ type="System.Int32">0</value__></resultType><m_hasSufficientAccess type="System.Boolean">True</m_hasSufficientAccess><counters type="Microsoft.VisualStudio.TestTools.Common.TestResultCounter"><values type="System.Int32">0,0,0,0,0,0,0,0,0,0,0,0,0,0</values><total type="System.Int32">1</total></counters><categoryId type="Microsoft.VisualStudio.TestTools.Common.TestCategoryId"><id type="System.Guid">8c84fa94-04c1-424b-9868-57a2d4851a1d</id></categoryId><outcome type="Microsoft.VisualStudio.TestTools.Common.TestOutcome"><value__ type="System.Int32">1</value__></outcome><errorInfo type="Microsoft.VisualStudio.TestTools.Common.TestResultErrorInfo"><message type="System.String">Test method Test.SokobanGameTest.solveTest threw exception:  System.FormatException: Input string was not in a correct format..</message><stackTrace type="System.String">    at System.Number.StringToNumber(String str, NumberStyles options, NumberBuffer&amp; number, NumberFormatInfo info, Boolean parseDecimal)
   at System.Number.ParseInt32(String s, NumberStyles style, NumberFormatInfo info)
   at System.Int32.Parse(String s)
   at Sokoban.SokobanGame.applyState(String state) in C:\Documents and Settings\Raymond\My Documents\SCHOOL\ImperatiefProgrammeren\IMPRO\Implementatie\Sokoban\SokobanGame.cs:line 348
   at Sokoban.SokobanGame.solve() in C:\Documents and Settings\Raymond\My Documents\SCHOOL\ImperatiefProgrammeren\IMPRO\Implementatie\Sokoban\SokobanGame.cs:line 206
   at Test.SokobanGameTest.solveTest() in C:\Documents and Settings\Raymond\My Documents\SCHOOL\ImperatiefProgrammeren\IMPRO\Implementatie\Test\SokobanGameTest.cs:line 428
</stackTrace></errorInfo><traceInfo type="Microsoft.VisualStudio.TestTools.Common.TestExecutionTraceInformation"><trace type="System.Text.StringBuilder">Creating instance of class Test.SokobanGameTest.
Calling Test method Test.SokobanGameTest.Microsoft.VisualStudio.TestTools.TestTypes.Unit.TestMethod.
</trace></traceInfo><stdout type="System.String">Stap: 1 (paden: 4, toestanden: 1)
</stdout><stderr type="System.String" /><debugTrace type="System.String" /><workItemIds type="System.Collections.Generic.List`1[[System.Int32, mscorlib, Version=2.0.0.0, Culture=neutral, PublicKeyToken=b77a5c561934e089]]"><_size type="System.Int32">0</_size><_version type="System.Int32">1</_version></workItemIds><id type="Microsoft.VisualStudio.TestTools.Common.TestResultId"><runId type="System.Guid">5a2f5059-485e-4e1f-86ff-af976d911ca8</runId><executionId type="Microsoft.VisualStudio.TestTools.Common.TestExecId"><id type="System.Guid">680b5810-d3d7-41a1-abeb-ace150a234d2</id></executionId><parentExecId type="Microsoft.VisualStudio.TestTools.Common.TestExecId"><id type="System.Guid">00000000-0000-0000-0000-000000000000</id></parentExecId><testId type="Microsoft.VisualStudio.TestTools.Common.TestId"><id type="System.Guid">4260dc51-04f3-2305-4590-b79a6b3c927a</id></testId></id><testName type="System.String">solveTest</testName><testType type="Microsoft.VisualStudio.TestTools.Common.TestType"><id type="System.Guid">13cdc9d9-ddb5-4fa4-a97d-d965ccfc6d4b</id></testType><messageKind type="Microsoft.VisualStudio.TestTools.Common.TestMessageKind"><value__ type="System.Int32">1</value__></messageKind><computerInfo type="Microsoft.VisualStudio.TestTools.Common.ComputerInfo"><m_computerName type="System.String">LAPTOP</m_computerName></computerInfo><duration type="System.TimeSpan">00:00:00.0184981</duration><startTime type="System.DateTime"><dateData type="System.UInt64">633122559914375000</dateData></startTime><endTime type="System.DateTime"><dateData type="System.UInt64">633122559914687500</dateData></endTime><spoolMessage type="System.Boolean">True</spoolMessage></UnitTestResult><UnitTestResult type="Microsoft.VisualStudio.TestTools.TestTypes.Unit.UnitTestResult, Microsoft.VisualStudio.QualityTools.Tips.UnitTest.ObjectModel, Version=8.0.0.0, Culture=neutral, PublicKeyToken=b03f5f7f11d50a3a"><resultType type="Microsoft.VisualStudio.TestTools.TestTypes.Unit.UnitTestResultType, Microsoft.VisualStudio.QualityTools.Tips.UnitTest.ObjectModel, Version=8.0.0.0, Culture=neutral, PublicKeyToken=b03f5f7f11d50a3a"><value__ type="System.Int32">0</value__></resultType><m_hasSufficientAccess type="System.Boolean">True</m_hasSufficientAccess><counters type="Microsoft.VisualStudio.TestTools.Common.TestResultCounter"><values type="System.Int32">0,0,0,0,0,0,0,0,0,0,0,0,0,0</values><total type="System.Int32">1</total></counters><categoryId type="Microsoft.VisualStudio.TestTools.Common.TestCategoryId"><id type="System.Guid">8c84fa94-04c1-424b-9868-57a2d4851a1d</id></categoryId><outcome type="Microsoft.VisualStudio.TestTools.Common.TestOutcome"><value__ type="System.Int32">1</value__></outcome><errorInfo type="Microsoft.VisualStudio.TestTools.Common.TestResultErrorInfo"><message type="System.String">Test method Test.SokobanGameTest.stringToDirectionsTest threw exception:  System.Reflection.TargetInvocationException: Exception has been thrown by the target of an invocation. ---&gt;  System.NullReferenceException: Object reference not set to an instance of an object..</message><stackTrace type="System.String">    at Sokoban.SokobanGame.stringToDirections(String route) in C:\Documents and Settings\Raymond\My Documents\SCHOOL\ImperatiefProgrammeren\IMPRO\Implementatie\Sokoban\SokobanGame.cs:line 298
 --- End of inner exception stack trace ---
    at System.RuntimeMethodHandle._InvokeMethodFast(Object target, Object[] arguments, SignatureStruct&amp; sig, MethodAttributes methodAttributes, RuntimeTypeHandle typeOwner)
   at System.RuntimeMethodHandle.InvokeMethodFast(Object target, Object[] arguments, Signature sig, MethodAttributes methodAttributes, RuntimeTypeHandle typeOwner)
   at System.Reflection.RuntimeMethodInfo.Invoke(Object obj, BindingFlags invokeAttr, Binder binder, Object[] parameters, CultureInfo culture, Boolean skipVisibilityChecks)
   at System.Reflection.RuntimeMethodInfo.Invoke(Object obj, BindingFlags invokeAttr, Binder binder, Object[] parameters, CultureInfo culture)
   at Microsoft.VisualStudio.TestTools.UnitTesting.PrivateObject.Invoke(String name, BindingFlags invokeAttr, Type[] parameterTypes, Object[] args, CultureInfo culture)
   at Microsoft.VisualStudio.TestTools.UnitTesting.PrivateObject.Invoke(String name, Type[] parameterTypes, Object[] args, CultureInfo culture)
   at Microsoft.VisualStudio.TestTools.UnitTesting.PrivateObject.Invoke(String name, Type[] parameterTypes, Object[] args)
   at Test.Sokoban_SokobanGameAccessor.stringToDirections(String route) in C:\Documents and Settings\Raymond\My Documents\SCHOOL\ImperatiefProgrammeren\IMPRO\Implementatie\Test\VSCodeGenAccessors.cs:line 98
   at Test.SokobanGameTest.stringToDirectionsTest() in C:\Documents and Settings\Raymond\My Documents\SCHOOL\ImperatiefProgrammeren\IMPRO\Implementatie\Test\SokobanGameTest.cs:line 450
</stackTrace></errorInfo><traceInfo type="Microsoft.VisualStudio.TestTools.Common.TestExecutionTraceInformation"><trace type="System.Text.StringBuilder">Creating instance of class Test.SokobanGameTest.
Calling Test method Test.SokobanGameTest.Microsoft.VisualStudio.TestTools.TestTypes.Unit.TestMethod.
</trace></traceInfo><stdout type="System.String" /><stderr type="System.String" /><debugTrace type="System.String" /><workItemIds type="System.Collections.Generic.List`1[[System.Int32, mscorlib, Version=2.0.0.0, Culture=neutral, PublicKeyToken=b77a5c561934e089]]"><_size type="System.Int32">0</_size><_version type="System.Int32">1</_version></workItemIds><id type="Microsoft.VisualStudio.TestTools.Common.TestResultId"><runId type="System.Guid">5a2f5059-485e-4e1f-86ff-af976d911ca8</runId><executionId type="Microsoft.VisualStudio.TestTools.Common.TestExecId"><id type="System.Guid">038b4849-ed03-44e0-b4ba-39522cec5a7a</id></executionId><parentExecId type="Microsoft.VisualStudio.TestTools.Common.TestExecId"><id type="System.Guid">00000000-0000-0000-0000-000000000000</id></parentExecId><testId type="Microsoft.VisualStudio.TestTools.Common.TestId"><id type="System.Guid">00c2cac3-b090-8717-93c2-b564edf5a48b</id></testId></id><testName type="System.String">stringToDirectionsTest</testName><testType type="Microsoft.VisualStudio.TestTools.Common.TestType"><id type="System.Guid">13cdc9d9-ddb5-4fa4-a97d-d965ccfc6d4b</id></testType><messageKind type="Microsoft.VisualStudio.TestTools.Common.TestMessageKind"><value__ type="System.Int32">1</value__></messageKind><computerInfo type="Microsoft.VisualStudio.TestTools.Common.ComputerInfo"><m_computerName type="System.String">LAPTOP</m_computerName></computerInfo><duration type="System.TimeSpan">00:00:00.0173186</duration><startTime type="System.DateTime"><dateData type="System.UInt64">633122559914687500</dateData></startTime><endTime type="System.DateTime"><dateData type="System.UInt64">633122559915000000</dateData></endTime><spoolMessage type="System.Boolean">True</spoolMessage></UnitTestResult><UnitTestResult type="Microsoft.VisualStudio.TestTools.TestTypes.Unit.UnitTestResult, Microsoft.VisualStudio.QualityTools.Tips.UnitTest.ObjectModel, Version=8.0.0.0, Culture=neutral, PublicKeyToken=b03f5f7f11d50a3a"><resultType type="Microsoft.VisualStudio.TestTools.TestTypes.Unit.UnitTestResultType, Microsoft.VisualStudio.QualityTools.Tips.UnitTest.ObjectModel, Version=8.0.0.0, Culture=neutral, PublicKeyToken=b03f5f7f11d50a3a"><value__ type="System.Int32">0</value__></resultType><m_hasSufficientAccess type="System.Boolean">True</m_hasSufficientAccess><counters type="Microsoft.VisualStudio.TestTools.Common.TestResultCounter"><values type="System.Int32">0,0,0,0,0,0,0,0,0,0,0,0,0,0</values><total type="System.Int32">1</total></counters><categoryId type="Microsoft.VisualStudio.TestTools.Common.TestCategoryId"><id type="System.Guid">8c84fa94-04c1-424b-9868-57a2d4851a1d</id></categoryId><outcome type="Microsoft.VisualStudio.TestTools.Common.TestOutcome"><value__ type="System.Int32">4</value__></outcome><errorInfo type="Microsoft.VisualStudio.TestTools.Common.TestResultErrorInfo"><message type="System.String">Assert.Inconclusive failed. Verify the correctness of this test method.</message><stackTrace type="System.String">   at Test.SokobanGameTest.widthTest() in C:\Documents and Settings\Raymond\My Documents\SCHOOL\ImperatiefProgrammeren\IMPRO\Implementatie\Test\SokobanGameTest.cs:line 470
</stackTrace></errorInfo><traceInfo type="Microsoft.VisualStudio.TestTools.Common.TestExecutionTraceInformation"><trace type="System.Text.StringBuilder">Creating instance of class Test.SokobanGameTest.
Calling Test method Test.SokobanGameTest.Microsoft.VisualStudio.TestTools.TestTypes.Unit.TestMethod.
</trace></traceInfo><stdout type="System.String" /><stderr type="System.String" /><debugTrace type="System.String" /><workItemIds type="System.Collections.Generic.List`1[[System.Int32, mscorlib, Version=2.0.0.0, Culture=neutral, PublicKeyToken=b77a5c561934e089]]"><_size type="System.Int32">0</_size><_version type="System.Int32">1</_version></workItemIds><id type="Microsoft.VisualStudio.TestTools.Common.TestResultId"><runId type="System.Guid">5a2f5059-485e-4e1f-86ff-af976d911ca8</runId><executionId type="Microsoft.VisualStudio.TestTools.Common.TestExecId"><id type="System.Guid">2ea55ea7-0a03-4742-8864-2444adf8a2d3</id></executionId><parentExecId type="Microsoft.VisualStudio.TestTools.Common.TestExecId"><id type="System.Guid">00000000-0000-0000-0000-000000000000</id></parentExecId><testId type="Microsoft.VisualStudio.TestTools.Common.TestId"><id type="System.Guid">0f951b59-df0d-6b96-453d-25c75d494558</id></testId></id><testName type="System.String">widthTest</testName><testType type="Microsoft.VisualStudio.TestTools.Common.TestType"><id type="System.Guid">13cdc9d9-ddb5-4fa4-a97d-d965ccfc6d4b</id></testType><messageKind type="Microsoft.VisualStudio.TestTools.Common.TestMessageKind"><value__ type="System.Int32">1</value__></messageKind><computerInfo type="Microsoft.VisualStudio.TestTools.Common.ComputerInfo"><m_computerName type="System.String">LAPTOP</m_computerName></computerInfo><duration type="System.TimeSpan">00:00:00.0116537</duration><startTime type="System.DateTime"><dateData type="System.UInt64">633122559915000000</dateData></startTime><endTime type="System.DateTime"><dateData type="System.UInt64">633122559915312500</dateData></endTime><spoolMessage type="System.Boolean">True</spoolMessage></UnitTestResult></Tests>